(tf-py2-quan) ydwu@aries:~/framework/tensorflow22/tensorflow$ bazel-bin/tensorflow/tools/graph_transforms/summarize_graph --in_graph=/home/ydwu/framework/tensorflow22/tensorflow/ydwu-learning_tf/platerec_model_graph_10928f2_reshape.pb --print_structure=true

Found 1 possible inputs: (name=Placeholder, type=float(1), shape=[40,120,3]) 
No variables spotted.
Found 1 possible outputs: (name=ArgMax, op=ArgMax) 
Found 3852098 (3.85M) const parameters, 0 (0) variable parameters, and 0 control_edges
Op types used: 168 Const, 137 Identity, 54 Add, 54 Mul, 28 BiasAdd, 27 Relu, 27 Rsqrt, 27 Sub, 14 Conv2D, 13 DepthwiseConv2dNative, 2 Reshape, 1 ArgMax, 1 AvgPool, 1 ExpandDims, 1 MatMul, 1 Placeholder
To use with tensorflow/tools/benchmark:benchmark_model try these arguments:
bazel run tensorflow/tools/benchmark:benchmark_model -- --graph=/home/ydwu/framework/tensorflow22/tensorflow/ydwu-learning_tf/platerec_model_graph_10928f2_reshape.pb --show_flops --input_layer=Placeholder --input_layer_type=float --input_layer_shape=40,120,3 --output_layer=ArgMax


ArgMax/dimension (Const): [], value=Tensor<type: int32 shape: [] values: 2>
Reshape/shape (Const): [], value=Tensor<type: int32 shape: [3] values: -1 8 76>
MobileNet/fc_16/biases (Const): [], value=Tensor<type: float shape: [608] values: -5.9928956 -1.92526102 -2.66764712...>
MobileNet/fc_16/biases/read (Identity): [MobileNet/fc_16/biases]
MobileNet/fc_16/weights (Const): [], value=Tensor<type: float shape: [1024,608] values: [-2.05307794 -3.98925877 -2.03889966]...>
MobileNet/fc_16/weights/read (Identity): [MobileNet/fc_16/weights]
MobileNet/ReshapeModel/shape (Const): [], value=Tensor<type: int32 shape: [2] values: 1 1024>
MobileNet/conv_ds_14/pw_batch_norm/batchnorm/add/y (Const): [], value=Tensor<type: float shape: [] values: 0.001>
MobileNet/conv_ds_14/pw_batch_norm/moving_variance (Const): [], value=Tensor<type: float shape: [1024] values: 682.147949 1084.96948 728.6297...>
MobileNet/conv_ds_14/pw_batch_norm/moving_variance/read (Identity): [MobileNet/conv_ds_14/pw_batch_norm/moving_variance]
MobileNet/conv_ds_14/pw_batch_norm/batchnorm/add (Add): [MobileNet/conv_ds_14/pw_batch_norm/moving_variance/read, MobileNet/conv_ds_14/pw_batch_norm/batchnorm/add/y]
MobileNet/conv_ds_14/pw_batch_norm/batchnorm/Rsqrt (Rsqrt): [MobileNet/conv_ds_14/pw_batch_norm/batchnorm/add]
MobileNet/conv_ds_14/pw_batch_norm/moving_mean (Const): [], value=Tensor<type: float shape: [1024] values: 38.7228355 43.1495743 58.900013...>
MobileNet/conv_ds_14/pw_batch_norm/moving_mean/read (Identity): [MobileNet/conv_ds_14/pw_batch_norm/moving_mean]
MobileNet/conv_ds_14/pw_batch_norm/batchnorm/mul_1 (Mul): [MobileNet/conv_ds_14/pw_batch_norm/moving_mean/read, MobileNet/conv_ds_14/pw_batch_norm/batchnorm/Rsqrt]
MobileNet/conv_ds_14/pw_batch_norm/beta (Const): [], value=Tensor<type: float shape: [1024] values: -1.75917017 -0.572312534 -0.897449851...>
MobileNet/conv_ds_14/pw_batch_norm/beta/read (Identity): [MobileNet/conv_ds_14/pw_batch_norm/beta]
MobileNet/conv_ds_14/pw_batch_norm/batchnorm/sub (Sub): [MobileNet/conv_ds_14/pw_batch_norm/beta/read, MobileNet/conv_ds_14/pw_batch_norm/batchnorm/mul_1]
MobileNet/conv_ds_14/pointwise_conv/biases (Const): [], value=Tensor<type: float shape: [1024] values: 7.55183649 16.85429 13.3760729...>
MobileNet/conv_ds_14/pointwise_conv/biases/read (Identity): [MobileNet/conv_ds_14/pointwise_conv/biases]
MobileNet/conv_ds_14/pointwise_conv/weights (Const): [], value=Tensor<type: float shape: [1,1,1024,1024] values: [[[0.50024575 -0.457219034 0.79451412]]]...>
MobileNet/conv_ds_14/pointwise_conv/weights/read (Identity): [MobileNet/conv_ds_14/pointwise_conv/weights]
MobileNet/conv_ds_14/dw_batch_norm/batchnorm/add/y (Const): [], value=Tensor<type: float shape: [] values: 0.001>
MobileNet/conv_ds_14/dw_batch_norm/moving_variance (Const): [], value=Tensor<type: float shape: [1024] values: 1.53096855 0.141913503 0.0374272801...>
MobileNet/conv_ds_14/dw_batch_norm/moving_variance/read (Identity): [MobileNet/conv_ds_14/dw_batch_norm/moving_variance]
MobileNet/conv_ds_14/dw_batch_norm/batchnorm/add (Add): [MobileNet/conv_ds_14/dw_batch_norm/moving_variance/read, MobileNet/conv_ds_14/dw_batch_norm/batchnorm/add/y]
MobileNet/conv_ds_14/dw_batch_norm/batchnorm/Rsqrt (Rsqrt): [MobileNet/conv_ds_14/dw_batch_norm/batchnorm/add]
MobileNet/conv_ds_14/dw_batch_norm/moving_mean (Const): [], value=Tensor<type: float shape: [1024] values: -0.265087128 -0.167108461 0.0872772187...>
MobileNet/conv_ds_14/dw_batch_norm/moving_mean/read (Identity): [MobileNet/conv_ds_14/dw_batch_norm/moving_mean]
MobileNet/conv_ds_14/dw_batch_norm/batchnorm/mul_1 (Mul): [MobileNet/conv_ds_14/dw_batch_norm/moving_mean/read, MobileNet/conv_ds_14/dw_batch_norm/batchnorm/Rsqrt]
MobileNet/conv_ds_14/dw_batch_norm/beta (Const): [], value=Tensor<type: float shape: [1024] values: -1.21678209 -0.661404848 -0.830468714...>
MobileNet/conv_ds_14/dw_batch_norm/beta/read (Identity): [MobileNet/conv_ds_14/dw_batch_norm/beta]
MobileNet/conv_ds_14/dw_batch_norm/batchnorm/sub (Sub): [MobileNet/conv_ds_14/dw_batch_norm/beta/read, MobileNet/conv_ds_14/dw_batch_norm/batchnorm/mul_1]
MobileNet/conv_ds_14/depthwise_conv/biases (Const): [], value=Tensor<type: float shape: [1024] values: 0.236752346 0.0287731271 0.201667368...>
MobileNet/conv_ds_14/depthwise_conv/biases/read (Identity): [MobileNet/conv_ds_14/depthwise_conv/biases]
MobileNet/conv_ds_14/depthwise_conv/depthwise_weights (Const): [], value=Tensor<type: float shape: [3,3,1024,1] values: [[[-1.51868117][-0.00274988171][-0.0476999283]]]...>
MobileNet/conv_ds_14/depthwise_conv/depthwise_weights/read (Identity): [MobileNet/conv_ds_14/depthwise_conv/depthwise_weights]
MobileNet/conv_ds_13/pw_batch_norm/batchnorm/add/y (Const): [], value=Tensor<type: float shape: [] values: 0.001>
MobileNet/conv_ds_13/pw_batch_norm/moving_variance (Const): [], value=Tensor<type: float shape: [1024] values: 133.81572 21.9393692 31.8470173...>
MobileNet/conv_ds_13/pw_batch_norm/moving_variance/read (Identity): [MobileNet/conv_ds_13/pw_batch_norm/moving_variance]
MobileNet/conv_ds_13/pw_batch_norm/batchnorm/add (Add): [MobileNet/conv_ds_13/pw_batch_norm/moving_variance/read, MobileNet/conv_ds_13/pw_batch_norm/batchnorm/add/y]
MobileNet/conv_ds_13/pw_batch_norm/batchnorm/Rsqrt (Rsqrt): [MobileNet/conv_ds_13/pw_batch_norm/batchnorm/add]
MobileNet/conv_ds_13/pw_batch_norm/moving_mean (Const): [], value=Tensor<type: float shape: [1024] values: 14.6708364 4.08736515 -2.99770689...>
MobileNet/conv_ds_13/pw_batch_norm/moving_mean/read (Identity): [MobileNet/conv_ds_13/pw_batch_norm/moving_mean]
MobileNet/conv_ds_13/pw_batch_norm/batchnorm/mul_1 (Mul): [MobileNet/conv_ds_13/pw_batch_norm/moving_mean/read, MobileNet/conv_ds_13/pw_batch_norm/batchnorm/Rsqrt]
MobileNet/conv_ds_13/pw_batch_norm/beta (Const): [], value=Tensor<type: float shape: [1024] values: -0.778186679 -0.552289128 -0.621886313...>
MobileNet/conv_ds_13/pw_batch_norm/beta/read (Identity): [MobileNet/conv_ds_13/pw_batch_norm/beta]
MobileNet/conv_ds_13/pw_batch_norm/batchnorm/sub (Sub): [MobileNet/conv_ds_13/pw_batch_norm/beta/read, MobileNet/conv_ds_13/pw_batch_norm/batchnorm/mul_1]
MobileNet/conv_ds_13/pointwise_conv/biases (Const): [], value=Tensor<type: float shape: [1024] values: -0.00706695253 0.0137476185 -0.0118142348...>
MobileNet/conv_ds_13/pointwise_conv/biases/read (Identity): [MobileNet/conv_ds_13/pointwise_conv/biases]
MobileNet/conv_ds_13/pointwise_conv/weights (Const): [], value=Tensor<type: float shape: [1,1,512,1024] values: [[[0.440138698 0.0265818816 -0.0734627843]]]...>
MobileNet/conv_ds_13/pointwise_conv/weights/read (Identity): [MobileNet/conv_ds_13/pointwise_conv/weights]
MobileNet/conv_ds_13/dw_batch_norm/batchnorm/add/y (Const): [], value=Tensor<type: float shape: [] values: 0.001>
MobileNet/conv_ds_13/dw_batch_norm/moving_variance (Const): [], value=Tensor<type: float shape: [512] values: 3.27514648 0.409914464 5.58939457...>
MobileNet/conv_ds_13/dw_batch_norm/moving_variance/read (Identity): [MobileNet/conv_ds_13/dw_batch_norm/moving_variance]
MobileNet/conv_ds_13/dw_batch_norm/batchnorm/add (Add): [MobileNet/conv_ds_13/dw_batch_norm/moving_variance/read, MobileNet/conv_ds_13/dw_batch_norm/batchnorm/add/y]
MobileNet/conv_ds_13/dw_batch_norm/batchnorm/Rsqrt (Rsqrt): [MobileNet/conv_ds_13/dw_batch_norm/batchnorm/add]
MobileNet/conv_ds_13/dw_batch_norm/moving_mean (Const): [], value=Tensor<type: float shape: [512] values: 1.73074198 -0.0859360844 1.68764913...>
MobileNet/conv_ds_13/dw_batch_norm/moving_mean/read (Identity): [MobileNet/conv_ds_13/dw_batch_norm/moving_mean]
MobileNet/conv_ds_13/dw_batch_norm/batchnorm/mul_1 (Mul): [MobileNet/conv_ds_13/dw_batch_norm/moving_mean/read, MobileNet/conv_ds_13/dw_batch_norm/batchnorm/Rsqrt]
MobileNet/conv_ds_13/dw_batch_norm/beta (Const): [], value=Tensor<type: float shape: [512] values: 1.16924584 -0.796868443 -0.240250185...>
MobileNet/conv_ds_13/dw_batch_norm/beta/read (Identity): [MobileNet/conv_ds_13/dw_batch_norm/beta]
MobileNet/conv_ds_13/dw_batch_norm/batchnorm/sub (Sub): [MobileNet/conv_ds_13/dw_batch_norm/beta/read, MobileNet/conv_ds_13/dw_batch_norm/batchnorm/mul_1]
MobileNet/conv_ds_13/depthwise_conv/biases (Const): [], value=Tensor<type: float shape: [512] values: 0.859954655 0.193665326 0.382365316...>
MobileNet/conv_ds_13/depthwise_conv/biases/read (Identity): [MobileNet/conv_ds_13/depthwise_conv/biases]
MobileNet/conv_ds_13/depthwise_conv/depthwise_weights (Const): [], value=Tensor<type: float shape: [3,3,512,1] values: [[[-0.69936341][-0.00383906392][-0.441003203]]]...>
MobileNet/conv_ds_13/depthwise_conv/depthwise_weights/read (Identity): [MobileNet/conv_ds_13/depthwise_conv/depthwise_weights]
MobileNet/conv_ds_12/pw_batch_norm/batchnorm/add/y (Const): [], value=Tensor<type: float shape: [] values: 0.001>
MobileNet/conv_ds_12/pw_batch_norm/moving_variance (Const): [], value=Tensor<type: float shape: [512] values: 800.158447 19.1340656 796.565552...>
MobileNet/conv_ds_12/pw_batch_norm/moving_variance/read (Identity): [MobileNet/conv_ds_12/pw_batch_norm/moving_variance]
MobileNet/conv_ds_12/pw_batch_norm/batchnorm/add (Add): [MobileNet/conv_ds_12/pw_batch_norm/moving_variance/read, MobileNet/conv_ds_12/pw_batch_norm/batchnorm/add/y]
MobileNet/conv_ds_12/pw_batch_norm/batchnorm/Rsqrt (Rsqrt): [MobileNet/conv_ds_12/pw_batch_norm/batchnorm/add]
MobileNet/conv_ds_12/pw_batch_norm/moving_mean (Const): [], value=Tensor<type: float shape: [512] values: 13.6418247 0.754244208 -17.0366535...>
MobileNet/conv_ds_12/pw_batch_norm/moving_mean/read (Identity): [MobileNet/conv_ds_12/pw_batch_norm/moving_mean]
MobileNet/conv_ds_12/pw_batch_norm/batchnorm/mul_1 (Mul): [MobileNet/conv_ds_12/pw_batch_norm/moving_mean/read, MobileNet/conv_ds_12/pw_batch_norm/batchnorm/Rsqrt]
MobileNet/conv_ds_12/pw_batch_norm/beta (Const): [], value=Tensor<type: float shape: [512] values: -0.437444568 -0.279830813 -0.508576155...>
MobileNet/conv_ds_12/pw_batch_norm/beta/read (Identity): [MobileNet/conv_ds_12/pw_batch_norm/beta]
MobileNet/conv_ds_12/pw_batch_norm/batchnorm/sub (Sub): [MobileNet/conv_ds_12/pw_batch_norm/beta/read, MobileNet/conv_ds_12/pw_batch_norm/batchnorm/mul_1]
MobileNet/conv_ds_12/pointwise_conv/biases (Const): [], value=Tensor<type: float shape: [512] values: -0.283262849 -0.0231464803 0.275659621...>
MobileNet/conv_ds_12/pointwise_conv/biases/read (Identity): [MobileNet/conv_ds_12/pointwise_conv/biases]
MobileNet/conv_ds_12/pointwise_conv/weights (Const): [], value=Tensor<type: float shape: [1,1,512,512] values: [[[-0.79946208 -0.123095401 1.52027524]]]...>
MobileNet/conv_ds_12/pointwise_conv/weights/read (Identity): [MobileNet/conv_ds_12/pointwise_conv/weights]
MobileNet/conv_ds_12/dw_batch_norm/batchnorm/add/y (Const): [], value=Tensor<type: float shape: [] values: 0.001>
MobileNet/conv_ds_12/dw_batch_norm/moving_variance (Const): [], value=Tensor<type: float shape: [512] values: 1.72501898 6.37509489 10.4348822...>
MobileNet/conv_ds_12/dw_batch_norm/moving_variance/read (Identity): [MobileNet/conv_ds_12/dw_batch_norm/moving_variance]
MobileNet/conv_ds_12/dw_batch_norm/batchnorm/add (Add): [MobileNet/conv_ds_12/dw_batch_norm/moving_variance/read, MobileNet/conv_ds_12/dw_batch_norm/batchnorm/add/y]
MobileNet/conv_ds_12/dw_batch_norm/batchnorm/Rsqrt (Rsqrt): [MobileNet/conv_ds_12/dw_batch_norm/batchnorm/add]
MobileNet/conv_ds_12/dw_batch_norm/moving_mean (Const): [], value=Tensor<type: float shape: [512] values: 0.277024657 -0.170782164 -3.29143882...>
MobileNet/conv_ds_12/dw_batch_norm/moving_mean/read (Identity): [MobileNet/conv_ds_12/dw_batch_norm/moving_mean]
MobileNet/conv_ds_12/dw_batch_norm/batchnorm/mul_1 (Mul): [MobileNet/conv_ds_12/dw_batch_norm/moving_mean/read, MobileNet/conv_ds_12/dw_batch_norm/batchnorm/Rsqrt]
MobileNet/conv_ds_12/dw_batch_norm/beta (Const): [], value=Tensor<type: float shape: [512] values: -0.624660671 1.51138651 -0.166487455...>
MobileNet/conv_ds_12/dw_batch_norm/beta/read (Identity): [MobileNet/conv_ds_12/dw_batch_norm/beta]
MobileNet/conv_ds_12/dw_batch_norm/batchnorm/sub (Sub): [MobileNet/conv_ds_12/dw_batch_norm/beta/read, MobileNet/conv_ds_12/dw_batch_norm/batchnorm/mul_1]
MobileNet/conv_ds_12/depthwise_conv/biases (Const): [], value=Tensor<type: float shape: [512] values: 0.0279545207 0.913096 -0.785889387...>
MobileNet/conv_ds_12/depthwise_conv/biases/read (Identity): [MobileNet/conv_ds_12/depthwise_conv/biases]
MobileNet/conv_ds_12/depthwise_conv/depthwise_weights (Const): [], value=Tensor<type: float shape: [3,3,512,1] values: [[[-0.0323492959][-0.195988417][0.680961549]]]...>
MobileNet/conv_ds_12/depthwise_conv/depthwise_weights/read (Identity): [MobileNet/conv_ds_12/depthwise_conv/depthwise_weights]
MobileNet/conv_ds_11/pw_batch_norm/batchnorm/add/y (Const): [], value=Tensor<type: float shape: [] values: 0.001>
MobileNet/conv_ds_11/pw_batch_norm/moving_variance (Const): [], value=Tensor<type: float shape: [512] values: 1254.20557 1181.61511 974.87915...>
MobileNet/conv_ds_11/pw_batch_norm/moving_variance/read (Identity): [MobileNet/conv_ds_11/pw_batch_norm/moving_variance]
MobileNet/conv_ds_11/pw_batch_norm/batchnorm/add (Add): [MobileNet/conv_ds_11/pw_batch_norm/moving_variance/read, MobileNet/conv_ds_11/pw_batch_norm/batchnorm/add/y]
MobileNet/conv_ds_11/pw_batch_norm/batchnorm/Rsqrt (Rsqrt): [MobileNet/conv_ds_11/pw_batch_norm/batchnorm/add]
MobileNet/conv_ds_11/pw_batch_norm/moving_mean (Const): [], value=Tensor<type: float shape: [512] values: -10.908246 -6.13632822 4.88203239...>
MobileNet/conv_ds_11/pw_batch_norm/moving_mean/read (Identity): [MobileNet/conv_ds_11/pw_batch_norm/moving_mean]
MobileNet/conv_ds_11/pw_batch_norm/batchnorm/mul_1 (Mul): [MobileNet/conv_ds_11/pw_batch_norm/moving_mean/read, MobileNet/conv_ds_11/pw_batch_norm/batchnorm/Rsqrt]
MobileNet/conv_ds_11/pw_batch_norm/beta (Const): [], value=Tensor<type: float shape: [512] values: -0.565626442 -0.320295841 0.115944609...>
MobileNet/conv_ds_11/pw_batch_norm/beta/read (Identity): [MobileNet/conv_ds_11/pw_batch_norm/beta]
MobileNet/conv_ds_11/pw_batch_norm/batchnorm/sub (Sub): [MobileNet/conv_ds_11/pw_batch_norm/beta/read, MobileNet/conv_ds_11/pw_batch_norm/batchnorm/mul_1]
MobileNet/conv_ds_11/pointwise_conv/biases (Const): [], value=Tensor<type: float shape: [512] values: 0.325104713 0.856107295 -0.366648436...>
MobileNet/conv_ds_11/pointwise_conv/biases/read (Identity): [MobileNet/conv_ds_11/pointwise_conv/biases]
MobileNet/conv_ds_11/pointwise_conv/weights (Const): [], value=Tensor<type: float shape: [1,1,512,512] values: [[[-0.427041858 0.318764389 0.0264147501]]]...>
MobileNet/conv_ds_11/pointwise_conv/weights/read (Identity): [MobileNet/conv_ds_11/pointwise_conv/weights]
MobileNet/conv_ds_11/dw_batch_norm/batchnorm/add/y (Const): [], value=Tensor<type: float shape: [] values: 0.001>
MobileNet/conv_ds_11/dw_batch_norm/moving_variance (Const): [], value=Tensor<type: float shape: [512] values: 0.862752497 3.30998111 5.8076334...>
MobileNet/conv_ds_11/dw_batch_norm/moving_variance/read (Identity): [MobileNet/conv_ds_11/dw_batch_norm/moving_variance]
MobileNet/conv_ds_11/dw_batch_norm/batchnorm/add (Add): [MobileNet/conv_ds_11/dw_batch_norm/moving_variance/read, MobileNet/conv_ds_11/dw_batch_norm/batchnorm/add/y]
MobileNet/conv_ds_11/dw_batch_norm/batchnorm/Rsqrt (Rsqrt): [MobileNet/conv_ds_11/dw_batch_norm/batchnorm/add]
MobileNet/conv_ds_11/dw_batch_norm/moving_mean (Const): [], value=Tensor<type: float shape: [512] values: -0.0954376 0.556146145 1.13616872...>
MobileNet/conv_ds_11/dw_batch_norm/moving_mean/read (Identity): [MobileNet/conv_ds_11/dw_batch_norm/moving_mean]
MobileNet/conv_ds_11/dw_batch_norm/batchnorm/mul_1 (Mul): [MobileNet/conv_ds_11/dw_batch_norm/moving_mean/read, MobileNet/conv_ds_11/dw_batch_norm/batchnorm/Rsqrt]
MobileNet/conv_ds_11/dw_batch_norm/beta (Const): [], value=Tensor<type: float shape: [512] values: -1.62573457 -0.685522199 0.403864622...>
MobileNet/conv_ds_11/dw_batch_norm/beta/read (Identity): [MobileNet/conv_ds_11/dw_batch_norm/beta]
MobileNet/conv_ds_11/dw_batch_norm/batchnorm/sub (Sub): [MobileNet/conv_ds_11/dw_batch_norm/beta/read, MobileNet/conv_ds_11/dw_batch_norm/batchnorm/mul_1]
MobileNet/conv_ds_11/depthwise_conv/biases (Const): [], value=Tensor<type: float shape: [512] values: -0.431349635 0.677212596 -0.192636952...>
MobileNet/conv_ds_11/depthwise_conv/biases/read (Identity): [MobileNet/conv_ds_11/depthwise_conv/biases]
MobileNet/conv_ds_11/depthwise_conv/depthwise_weights (Const): [], value=Tensor<type: float shape: [3,3,512,1] values: [[[-1.55525649][-1.20526683][-0.42124784]]]...>
MobileNet/conv_ds_11/depthwise_conv/depthwise_weights/read (Identity): [MobileNet/conv_ds_11/depthwise_conv/depthwise_weights]
MobileNet/conv_ds_10/pw_batch_norm/batchnorm/add/y (Const): [], value=Tensor<type: float shape: [] values: 0.001>
MobileNet/conv_ds_10/pw_batch_norm/moving_variance (Const): [], value=Tensor<type: float shape: [512] values: 798.394043 785.2901 901.553...>
MobileNet/conv_ds_10/pw_batch_norm/moving_variance/read (Identity): [MobileNet/conv_ds_10/pw_batch_norm/moving_variance]
MobileNet/conv_ds_10/pw_batch_norm/batchnorm/add (Add): [MobileNet/conv_ds_10/pw_batch_norm/moving_variance/read, MobileNet/conv_ds_10/pw_batch_norm/batchnorm/add/y]
MobileNet/conv_ds_10/pw_batch_norm/batchnorm/Rsqrt (Rsqrt): [MobileNet/conv_ds_10/pw_batch_norm/batchnorm/add]
MobileNet/conv_ds_10/pw_batch_norm/moving_mean (Const): [], value=Tensor<type: float shape: [512] values: -8.20861626 0.0610273071 -19.2298298...>
MobileNet/conv_ds_10/pw_batch_norm/moving_mean/read (Identity): [MobileNet/conv_ds_10/pw_batch_norm/moving_mean]
MobileNet/conv_ds_10/pw_batch_norm/batchnorm/mul_1 (Mul): [MobileNet/conv_ds_10/pw_batch_norm/moving_mean/read, MobileNet/conv_ds_10/pw_batch_norm/batchnorm/Rsqrt]
MobileNet/conv_ds_10/pw_batch_norm/beta (Const): [], value=Tensor<type: float shape: [512] values: -0.936399519 -0.441082954 0.0247594845...>
MobileNet/conv_ds_10/pw_batch_norm/beta/read (Identity): [MobileNet/conv_ds_10/pw_batch_norm/beta]
MobileNet/conv_ds_10/pw_batch_norm/batchnorm/sub (Sub): [MobileNet/conv_ds_10/pw_batch_norm/beta/read, MobileNet/conv_ds_10/pw_batch_norm/batchnorm/mul_1]
MobileNet/conv_ds_10/pointwise_conv/biases (Const): [], value=Tensor<type: float shape: [512] values: -0.348492444 0.171209738 -0.211552069...>
MobileNet/conv_ds_10/pointwise_conv/biases/read (Identity): [MobileNet/conv_ds_10/pointwise_conv/biases]
MobileNet/conv_ds_10/pointwise_conv/weights (Const): [], value=Tensor<type: float shape: [1,1,512,512] values: [[[1.12027097 1.49662793 -0.945997179]]]...>
MobileNet/conv_ds_10/pointwise_conv/weights/read (Identity): [MobileNet/conv_ds_10/pointwise_conv/weights]
MobileNet/conv_ds_10/dw_batch_norm/batchnorm/add/y (Const): [], value=Tensor<type: float shape: [] values: 0.001>
MobileNet/conv_ds_10/dw_batch_norm/moving_variance (Const): [], value=Tensor<type: float shape: [512] values: 3.1130619 0.742595851 6.75918531...>
MobileNet/conv_ds_10/dw_batch_norm/moving_variance/read (Identity): [MobileNet/conv_ds_10/dw_batch_norm/moving_variance]
MobileNet/conv_ds_10/dw_batch_norm/batchnorm/add (Add): [MobileNet/conv_ds_10/dw_batch_norm/moving_variance/read, MobileNet/conv_ds_10/dw_batch_norm/batchnorm/add/y]
MobileNet/conv_ds_10/dw_batch_norm/batchnorm/Rsqrt (Rsqrt): [MobileNet/conv_ds_10/dw_batch_norm/batchnorm/add]
MobileNet/conv_ds_10/dw_batch_norm/moving_mean (Const): [], value=Tensor<type: float shape: [512] values: 2.67937756 -0.516153038 -1.21341372...>
MobileNet/conv_ds_10/dw_batch_norm/moving_mean/read (Identity): [MobileNet/conv_ds_10/dw_batch_norm/moving_mean]
MobileNet/conv_ds_10/dw_batch_norm/batchnorm/mul_1 (Mul): [MobileNet/conv_ds_10/dw_batch_norm/moving_mean/read, MobileNet/conv_ds_10/dw_batch_norm/batchnorm/Rsqrt]
MobileNet/conv_ds_10/dw_batch_norm/beta (Const): [], value=Tensor<type: float shape: [512] values: -0.213032514 -1.09373081 0.74747926...>
MobileNet/conv_ds_10/dw_batch_norm/beta/read (Identity): [MobileNet/conv_ds_10/dw_batch_norm/beta]
MobileNet/conv_ds_10/dw_batch_norm/batchnorm/sub (Sub): [MobileNet/conv_ds_10/dw_batch_norm/beta/read, MobileNet/conv_ds_10/dw_batch_norm/batchnorm/mul_1]
MobileNet/conv_ds_10/depthwise_conv/biases (Const): [], value=Tensor<type: float shape: [512] values: 2.14331388 0.0879443362 0.648435473...>
MobileNet/conv_ds_10/depthwise_conv/biases/read (Identity): [MobileNet/conv_ds_10/depthwise_conv/biases]
MobileNet/conv_ds_10/depthwise_conv/depthwise_weights (Const): [], value=Tensor<type: float shape: [3,3,512,1] values: [[[-1.0482651][-0.0250912439][-1.04684007]]]...>
MobileNet/conv_ds_10/depthwise_conv/depthwise_weights/read (Identity): [MobileNet/conv_ds_10/depthwise_conv/depthwise_weights]
MobileNet/conv_ds_9/pw_batch_norm/batchnorm/add/y (Const): [], value=Tensor<type: float shape: [] values: 0.001>
MobileNet/conv_ds_9/pw_batch_norm/moving_variance (Const): [], value=Tensor<type: float shape: [512] values: 1034.54785 61.0860252 1157.53223...>
MobileNet/conv_ds_9/pw_batch_norm/moving_variance/read (Identity): [MobileNet/conv_ds_9/pw_batch_norm/moving_variance]
MobileNet/conv_ds_9/pw_batch_norm/batchnorm/add (Add): [MobileNet/conv_ds_9/pw_batch_norm/moving_variance/read, MobileNet/conv_ds_9/pw_batch_norm/batchnorm/add/y]
MobileNet/conv_ds_9/pw_batch_norm/batchnorm/Rsqrt (Rsqrt): [MobileNet/conv_ds_9/pw_batch_norm/batchnorm/add]
MobileNet/conv_ds_9/pw_batch_norm/moving_mean (Const): [], value=Tensor<type: float shape: [512] values: -31.17029 -5.74392271 -8.54175472...>
MobileNet/conv_ds_9/pw_batch_norm/moving_mean/read (Identity): [MobileNet/conv_ds_9/pw_batch_norm/moving_mean]
MobileNet/conv_ds_9/pw_batch_norm/batchnorm/mul_1 (Mul): [MobileNet/conv_ds_9/pw_batch_norm/moving_mean/read, MobileNet/conv_ds_9/pw_batch_norm/batchnorm/Rsqrt]
MobileNet/conv_ds_9/pw_batch_norm/beta (Const): [], value=Tensor<type: float shape: [512] values: -0.640025258 -0.393311977 -0.395402372...>
MobileNet/conv_ds_9/pw_batch_norm/beta/read (Identity): [MobileNet/conv_ds_9/pw_batch_norm/beta]
MobileNet/conv_ds_9/pw_batch_norm/batchnorm/sub (Sub): [MobileNet/conv_ds_9/pw_batch_norm/beta/read, MobileNet/conv_ds_9/pw_batch_norm/batchnorm/mul_1]
MobileNet/conv_ds_9/pointwise_conv/biases (Const): [], value=Tensor<type: float shape: [512] values: -0.302037627 -0.00713491207 0.504412889...>
MobileNet/conv_ds_9/pointwise_conv/biases/read (Identity): [MobileNet/conv_ds_9/pointwise_conv/biases]
MobileNet/conv_ds_9/pointwise_conv/weights (Const): [], value=Tensor<type: float shape: [1,1,512,512] values: [[[-1.25147426 -0.145602152 -1.36971033]]]...>
MobileNet/conv_ds_9/pointwise_conv/weights/read (Identity): [MobileNet/conv_ds_9/pointwise_conv/weights]
MobileNet/conv_ds_9/dw_batch_norm/batchnorm/add/y (Const): [], value=Tensor<type: float shape: [] values: 0.001>
MobileNet/conv_ds_9/dw_batch_norm/moving_variance (Const): [], value=Tensor<type: float shape: [512] values: 8.95938206 0.843069732 3.64939547...>
MobileNet/conv_ds_9/dw_batch_norm/moving_variance/read (Identity): [MobileNet/conv_ds_9/dw_batch_norm/moving_variance]
MobileNet/conv_ds_9/dw_batch_norm/batchnorm/add (Add): [MobileNet/conv_ds_9/dw_batch_norm/moving_variance/read, MobileNet/conv_ds_9/dw_batch_norm/batchnorm/add/y]
MobileNet/conv_ds_9/dw_batch_norm/batchnorm/Rsqrt (Rsqrt): [MobileNet/conv_ds_9/dw_batch_norm/batchnorm/add]
MobileNet/conv_ds_9/dw_batch_norm/moving_mean (Const): [], value=Tensor<type: float shape: [512] values: 3.38519669 -0.0339392163 0.150982...>
MobileNet/conv_ds_9/dw_batch_norm/moving_mean/read (Identity): [MobileNet/conv_ds_9/dw_batch_norm/moving_mean]
MobileNet/conv_ds_9/dw_batch_norm/batchnorm/mul_1 (Mul): [MobileNet/conv_ds_9/dw_batch_norm/moving_mean/read, MobileNet/conv_ds_9/dw_batch_norm/batchnorm/Rsqrt]
MobileNet/conv_ds_9/dw_batch_norm/beta (Const): [], value=Tensor<type: float shape: [512] values: 0.0750761554 -1.34633756 0.884774864...>
MobileNet/conv_ds_9/dw_batch_norm/beta/read (Identity): [MobileNet/conv_ds_9/dw_batch_norm/beta]
MobileNet/conv_ds_9/dw_batch_norm/batchnorm/sub (Sub): [MobileNet/conv_ds_9/dw_batch_norm/beta/read, MobileNet/conv_ds_9/dw_batch_norm/batchnorm/mul_1]
MobileNet/conv_ds_9/depthwise_conv/biases (Const): [], value=Tensor<type: float shape: [512] values: 1.0809586 0.452184916 -0.209456965...>
MobileNet/conv_ds_9/depthwise_conv/biases/read (Identity): [MobileNet/conv_ds_9/depthwise_conv/biases]
MobileNet/conv_ds_9/depthwise_conv/depthwise_weights (Const): [], value=Tensor<type: float shape: [3,3,512,1] values: [[[0.58694458][0.031220248][2.54251289]]]...>
MobileNet/conv_ds_9/depthwise_conv/depthwise_weights/read (Identity): [MobileNet/conv_ds_9/depthwise_conv/depthwise_weights]
MobileNet/conv_ds_8/pw_batch_norm/batchnorm/add/y (Const): [], value=Tensor<type: float shape: [] values: 0.001>
MobileNet/conv_ds_8/pw_batch_norm/moving_variance (Const): [], value=Tensor<type: float shape: [512] values: 1112.61926 160.469315 1707.94348...>
MobileNet/conv_ds_8/pw_batch_norm/moving_variance/read (Identity): [MobileNet/conv_ds_8/pw_batch_norm/moving_variance]
MobileNet/conv_ds_8/pw_batch_norm/batchnorm/add (Add): [MobileNet/conv_ds_8/pw_batch_norm/moving_variance/read, MobileNet/conv_ds_8/pw_batch_norm/batchnorm/add/y]
MobileNet/conv_ds_8/pw_batch_norm/batchnorm/Rsqrt (Rsqrt): [MobileNet/conv_ds_8/pw_batch_norm/batchnorm/add]
MobileNet/conv_ds_8/pw_batch_norm/moving_mean (Const): [], value=Tensor<type: float shape: [512] values: 15.3058519 4.38125181 -5.66513872...>
MobileNet/conv_ds_8/pw_batch_norm/moving_mean/read (Identity): [MobileNet/conv_ds_8/pw_batch_norm/moving_mean]
MobileNet/conv_ds_8/pw_batch_norm/batchnorm/mul_1 (Mul): [MobileNet/conv_ds_8/pw_batch_norm/moving_mean/read, MobileNet/conv_ds_8/pw_batch_norm/batchnorm/Rsqrt]
MobileNet/conv_ds_8/pw_batch_norm/beta (Const): [], value=Tensor<type: float shape: [512] values: -0.140284747 -0.699053943 -0.01292207...>
MobileNet/conv_ds_8/pw_batch_norm/beta/read (Identity): [MobileNet/conv_ds_8/pw_batch_norm/beta]
MobileNet/conv_ds_8/pw_batch_norm/batchnorm/sub (Sub): [MobileNet/conv_ds_8/pw_batch_norm/beta/read, MobileNet/conv_ds_8/pw_batch_norm/batchnorm/mul_1]
MobileNet/conv_ds_8/pointwise_conv/biases (Const): [], value=Tensor<type: float shape: [512] values: 0.22238782 -0.17918098 -0.287217557...>
MobileNet/conv_ds_8/pointwise_conv/biases/read (Identity): [MobileNet/conv_ds_8/pointwise_conv/biases]
MobileNet/conv_ds_8/pointwise_conv/weights (Const): [], value=Tensor<type: float shape: [1,1,512,512] values: [[[0.598905265 -0.0588021129 -1.06176305]]]...>
MobileNet/conv_ds_8/pointwise_conv/weights/read (Identity): [MobileNet/conv_ds_8/pointwise_conv/weights]
MobileNet/conv_ds_8/dw_batch_norm/batchnorm/add/y (Const): [], value=Tensor<type: float shape: [] values: 0.001>
MobileNet/conv_ds_8/dw_batch_norm/moving_variance (Const): [], value=Tensor<type: float shape: [512] values: 6.48768187 7.90787792 4.39485455...>
MobileNet/conv_ds_8/dw_batch_norm/moving_variance/read (Identity): [MobileNet/conv_ds_8/dw_batch_norm/moving_variance]
MobileNet/conv_ds_8/dw_batch_norm/batchnorm/add (Add): [MobileNet/conv_ds_8/dw_batch_norm/moving_variance/read, MobileNet/conv_ds_8/dw_batch_norm/batchnorm/add/y]
MobileNet/conv_ds_8/dw_batch_norm/batchnorm/Rsqrt (Rsqrt): [MobileNet/conv_ds_8/dw_batch_norm/batchnorm/add]
MobileNet/conv_ds_8/dw_batch_norm/moving_mean (Const): [], value=Tensor<type: float shape: [512] values: 2.25763917 -1.24639177 0.068973735...>
MobileNet/conv_ds_8/dw_batch_norm/moving_mean/read (Identity): [MobileNet/conv_ds_8/dw_batch_norm/moving_mean]
MobileNet/conv_ds_8/dw_batch_norm/batchnorm/mul_1 (Mul): [MobileNet/conv_ds_8/dw_batch_norm/moving_mean/read, MobileNet/conv_ds_8/dw_batch_norm/batchnorm/Rsqrt]
MobileNet/conv_ds_8/dw_batch_norm/beta (Const): [], value=Tensor<type: float shape: [512] values: 0.450640649 0.501461446 0.726551592...>
MobileNet/conv_ds_8/dw_batch_norm/beta/read (Identity): [MobileNet/conv_ds_8/dw_batch_norm/beta]
MobileNet/conv_ds_8/dw_batch_norm/batchnorm/sub (Sub): [MobileNet/conv_ds_8/dw_batch_norm/beta/read, MobileNet/conv_ds_8/dw_batch_norm/batchnorm/mul_1]
MobileNet/conv_ds_8/depthwise_conv/biases (Const): [], value=Tensor<type: float shape: [512] values: 1.54714811 -0.137423322 1.01277804...>
MobileNet/conv_ds_8/depthwise_conv/biases/read (Identity): [MobileNet/conv_ds_8/depthwise_conv/biases]
MobileNet/conv_ds_8/depthwise_conv/depthwise_weights (Const): [], value=Tensor<type: float shape: [3,3,512,1] values: [[[-0.323388308][-1.61933446][-0.905135751]]]...>
MobileNet/conv_ds_8/depthwise_conv/depthwise_weights/read (Identity): [MobileNet/conv_ds_8/depthwise_conv/depthwise_weights]
MobileNet/conv_ds_7/pw_batch_norm/batchnorm/add/y (Const): [], value=Tensor<type: float shape: [] values: 0.001>
MobileNet/conv_ds_7/pw_batch_norm/moving_variance (Const): [], value=Tensor<type: float shape: [512] values: 704.257446 780.052856 912.995544...>
MobileNet/conv_ds_7/pw_batch_norm/moving_variance/read (Identity): [MobileNet/conv_ds_7/pw_batch_norm/moving_variance]
MobileNet/conv_ds_7/pw_batch_norm/batchnorm/add (Add): [MobileNet/conv_ds_7/pw_batch_norm/moving_variance/read, MobileNet/conv_ds_7/pw_batch_norm/batchnorm/add/y]
MobileNet/conv_ds_7/pw_batch_norm/batchnorm/Rsqrt (Rsqrt): [MobileNet/conv_ds_7/pw_batch_norm/batchnorm/add]
MobileNet/conv_ds_7/pw_batch_norm/moving_mean (Const): [], value=Tensor<type: float shape: [512] values: -34.5705261 -59.2498131 -62.0835876...>
MobileNet/conv_ds_7/pw_batch_norm/moving_mean/read (Identity): [MobileNet/conv_ds_7/pw_batch_norm/moving_mean]
MobileNet/conv_ds_7/pw_batch_norm/batchnorm/mul_1 (Mul): [MobileNet/conv_ds_7/pw_batch_norm/moving_mean/read, MobileNet/conv_ds_7/pw_batch_norm/batchnorm/Rsqrt]
MobileNet/conv_ds_7/pw_batch_norm/beta (Const): [], value=Tensor<type: float shape: [512] values: -0.269007921 0.426764846 -0.151500061...>
MobileNet/conv_ds_7/pw_batch_norm/beta/read (Identity): [MobileNet/conv_ds_7/pw_batch_norm/beta]
MobileNet/conv_ds_7/pw_batch_norm/batchnorm/sub (Sub): [MobileNet/conv_ds_7/pw_batch_norm/beta/read, MobileNet/conv_ds_7/pw_batch_norm/batchnorm/mul_1]
MobileNet/conv_ds_7/pointwise_conv/biases (Const): [], value=Tensor<type: float shape: [512] values: -0.115685694 -0.769506574 -0.868773...>
MobileNet/conv_ds_7/pointwise_conv/biases/read (Identity): [MobileNet/conv_ds_7/pointwise_conv/biases]
MobileNet/conv_ds_7/pointwise_conv/weights (Const): [], value=Tensor<type: float shape: [1,1,256,512] values: [[[-0.650124729 1.62798071 -1.13277268]]]...>
MobileNet/conv_ds_7/pointwise_conv/weights/read (Identity): [MobileNet/conv_ds_7/pointwise_conv/weights]
MobileNet/conv_ds_7/dw_batch_norm/batchnorm/add/y (Const): [], value=Tensor<type: float shape: [] values: 0.001>
MobileNet/conv_ds_7/dw_batch_norm/moving_variance (Const): [], value=Tensor<type: float shape: [256] values: 4.33878899 2.53605819 7.46462727...>
MobileNet/conv_ds_7/dw_batch_norm/moving_variance/read (Identity): [MobileNet/conv_ds_7/dw_batch_norm/moving_variance]
MobileNet/conv_ds_7/dw_batch_norm/batchnorm/add (Add): [MobileNet/conv_ds_7/dw_batch_norm/moving_variance/read, MobileNet/conv_ds_7/dw_batch_norm/batchnorm/add/y]
MobileNet/conv_ds_7/dw_batch_norm/batchnorm/Rsqrt (Rsqrt): [MobileNet/conv_ds_7/dw_batch_norm/batchnorm/add]
MobileNet/conv_ds_7/dw_batch_norm/moving_mean (Const): [], value=Tensor<type: float shape: [256] values: 0.290637702 0.932349265 -2.76179767...>
MobileNet/conv_ds_7/dw_batch_norm/moving_mean/read (Identity): [MobileNet/conv_ds_7/dw_batch_norm/moving_mean]
MobileNet/conv_ds_7/dw_batch_norm/batchnorm/mul_1 (Mul): [MobileNet/conv_ds_7/dw_batch_norm/moving_mean/read, MobileNet/conv_ds_7/dw_batch_norm/batchnorm/Rsqrt]
MobileNet/conv_ds_7/dw_batch_norm/beta (Const): [], value=Tensor<type: float shape: [256] values: 0.132056132 1.10613918 1.10131657...>
MobileNet/conv_ds_7/dw_batch_norm/beta/read (Identity): [MobileNet/conv_ds_7/dw_batch_norm/beta]
MobileNet/conv_ds_7/dw_batch_norm/batchnorm/sub (Sub): [MobileNet/conv_ds_7/dw_batch_norm/beta/read, MobileNet/conv_ds_7/dw_batch_norm/batchnorm/mul_1]
MobileNet/conv_ds_7/depthwise_conv/biases (Const): [], value=Tensor<type: float shape: [256] values: -0.318365395 0.225945756 0.466995955...>
MobileNet/conv_ds_7/depthwise_conv/biases/read (Identity): [MobileNet/conv_ds_7/depthwise_conv/biases]
MobileNet/conv_ds_7/depthwise_conv/depthwise_weights (Const): [], value=Tensor<type: float shape: [3,3,256,1] values: [[[0.60194397][1.01276219][-0.761273682]]]...>
MobileNet/conv_ds_7/depthwise_conv/depthwise_weights/read (Identity): [MobileNet/conv_ds_7/depthwise_conv/depthwise_weights]
MobileNet/conv_ds_6/pw_batch_norm/batchnorm/add/y (Const): [], value=Tensor<type: float shape: [] values: 0.001>
MobileNet/conv_ds_6/pw_batch_norm/moving_variance (Const): [], value=Tensor<type: float shape: [256] values: 414.934265 540.922241 725.636108...>
MobileNet/conv_ds_6/pw_batch_norm/moving_variance/read (Identity): [MobileNet/conv_ds_6/pw_batch_norm/moving_variance]
MobileNet/conv_ds_6/pw_batch_norm/batchnorm/add (Add): [MobileNet/conv_ds_6/pw_batch_norm/moving_variance/read, MobileNet/conv_ds_6/pw_batch_norm/batchnorm/add/y]
MobileNet/conv_ds_6/pw_batch_norm/batchnorm/Rsqrt (Rsqrt): [MobileNet/conv_ds_6/pw_batch_norm/batchnorm/add]
MobileNet/conv_ds_6/pw_batch_norm/moving_mean (Const): [], value=Tensor<type: float shape: [256] values: -12.1751404 -34.7923279 -15.1543694...>
MobileNet/conv_ds_6/pw_batch_norm/moving_mean/read (Identity): [MobileNet/conv_ds_6/pw_batch_norm/moving_mean]
MobileNet/conv_ds_6/pw_batch_norm/batchnorm/mul_1 (Mul): [MobileNet/conv_ds_6/pw_batch_norm/moving_mean/read, MobileNet/conv_ds_6/pw_batch_norm/batchnorm/Rsqrt]
MobileNet/conv_ds_6/pw_batch_norm/beta (Const): [], value=Tensor<type: float shape: [256] values: -0.791739225 -1.04589093 -0.102329053...>
MobileNet/conv_ds_6/pw_batch_norm/beta/read (Identity): [MobileNet/conv_ds_6/pw_batch_norm/beta]
MobileNet/conv_ds_6/pw_batch_norm/batchnorm/sub (Sub): [MobileNet/conv_ds_6/pw_batch_norm/beta/read, MobileNet/conv_ds_6/pw_batch_norm/batchnorm/mul_1]
MobileNet/conv_ds_6/pointwise_conv/biases (Const): [], value=Tensor<type: float shape: [256] values: 0.745105207 -2.96495533 -1.06827247...>
MobileNet/conv_ds_6/pointwise_conv/biases/read (Identity): [MobileNet/conv_ds_6/pointwise_conv/biases]
MobileNet/conv_ds_6/pointwise_conv/weights (Const): [], value=Tensor<type: float shape: [1,1,256,256] values: [[[1.65629458 -2.32368517 -1.25324106]]]...>
MobileNet/conv_ds_6/pointwise_conv/weights/read (Identity): [MobileNet/conv_ds_6/pointwise_conv/weights]
MobileNet/conv_ds_6/dw_batch_norm/batchnorm/add/y (Const): [], value=Tensor<type: float shape: [] values: 0.001>
MobileNet/conv_ds_6/dw_batch_norm/moving_variance (Const): [], value=Tensor<type: float shape: [256] values: 6.77017546 34.3795242 6.67467737...>
MobileNet/conv_ds_6/dw_batch_norm/moving_variance/read (Identity): [MobileNet/conv_ds_6/dw_batch_norm/moving_variance]
MobileNet/conv_ds_6/dw_batch_norm/batchnorm/add (Add): [MobileNet/conv_ds_6/dw_batch_norm/moving_variance/read, MobileNet/conv_ds_6/dw_batch_norm/batchnorm/add/y]
MobileNet/conv_ds_6/dw_batch_norm/batchnorm/Rsqrt (Rsqrt): [MobileNet/conv_ds_6/dw_batch_norm/batchnorm/add]
MobileNet/conv_ds_6/dw_batch_norm/moving_mean (Const): [], value=Tensor<type: float shape: [256] values: -0.505058408 6.32707787 2.09525609...>
MobileNet/conv_ds_6/dw_batch_norm/moving_mean/read (Identity): [MobileNet/conv_ds_6/dw_batch_norm/moving_mean]
MobileNet/conv_ds_6/dw_batch_norm/batchnorm/mul_1 (Mul): [MobileNet/conv_ds_6/dw_batch_norm/moving_mean/read, MobileNet/conv_ds_6/dw_batch_norm/batchnorm/Rsqrt]
MobileNet/conv_ds_6/dw_batch_norm/beta (Const): [], value=Tensor<type: float shape: [256] values: -0.0487929285 0.0198915 -0.139570445...>
MobileNet/conv_ds_6/dw_batch_norm/beta/read (Identity): [MobileNet/conv_ds_6/dw_batch_norm/beta]
MobileNet/conv_ds_6/dw_batch_norm/batchnorm/sub (Sub): [MobileNet/conv_ds_6/dw_batch_norm/beta/read, MobileNet/conv_ds_6/dw_batch_norm/batchnorm/mul_1]
MobileNet/conv_ds_6/depthwise_conv/biases (Const): [], value=Tensor<type: float shape: [256] values: -0.696526229 1.83779693 0.933434486...>
MobileNet/conv_ds_6/depthwise_conv/biases/read (Identity): [MobileNet/conv_ds_6/depthwise_conv/biases]
MobileNet/conv_ds_6/depthwise_conv/depthwise_weights (Const): [], value=Tensor<type: float shape: [3,3,256,1] values: [[[-0.914744198][1.32591343][-0.312316686]]]...>
MobileNet/conv_ds_6/depthwise_conv/depthwise_weights/read (Identity): [MobileNet/conv_ds_6/depthwise_conv/depthwise_weights]
MobileNet/conv_ds_5/pw_batch_norm/batchnorm/add/y (Const): [], value=Tensor<type: float shape: [] values: 0.001>
MobileNet/conv_ds_5/pw_batch_norm/moving_variance (Const): [], value=Tensor<type: float shape: [256] values: 252.557709 330.220032 471.437469...>
MobileNet/conv_ds_5/pw_batch_norm/moving_variance/read (Identity): [MobileNet/conv_ds_5/pw_batch_norm/moving_variance]
MobileNet/conv_ds_5/pw_batch_norm/batchnorm/add (Add): [MobileNet/conv_ds_5/pw_batch_norm/moving_variance/read, MobileNet/conv_ds_5/pw_batch_norm/batchnorm/add/y]
MobileNet/conv_ds_5/pw_batch_norm/batchnorm/Rsqrt (Rsqrt): [MobileNet/conv_ds_5/pw_batch_norm/batchnorm/add]
MobileNet/conv_ds_5/pw_batch_norm/moving_mean (Const): [], value=Tensor<type: float shape: [256] values: -20.646389 -16.6659069 4.21966934...>
MobileNet/conv_ds_5/pw_batch_norm/moving_mean/read (Identity): [MobileNet/conv_ds_5/pw_batch_norm/moving_mean]
MobileNet/conv_ds_5/pw_batch_norm/batchnorm/mul_1 (Mul): [MobileNet/conv_ds_5/pw_batch_norm/moving_mean/read, MobileNet/conv_ds_5/pw_batch_norm/batchnorm/Rsqrt]
MobileNet/conv_ds_5/pw_batch_norm/beta (Const): [], value=Tensor<type: float shape: [256] values: 0.355951488 0.258434325 0.123930044...>
MobileNet/conv_ds_5/pw_batch_norm/beta/read (Identity): [MobileNet/conv_ds_5/pw_batch_norm/beta]
MobileNet/conv_ds_5/pw_batch_norm/batchnorm/sub (Sub): [MobileNet/conv_ds_5/pw_batch_norm/beta/read, MobileNet/conv_ds_5/pw_batch_norm/batchnorm/mul_1]
MobileNet/conv_ds_5/pointwise_conv/biases (Const): [], value=Tensor<type: float shape: [256] values: 1.31464863 1.47547162 -1.16760707...>
MobileNet/conv_ds_5/pointwise_conv/biases/read (Identity): [MobileNet/conv_ds_5/pointwise_conv/biases]
MobileNet/conv_ds_5/pointwise_conv/weights (Const): [], value=Tensor<type: float shape: [1,1,128,256] values: [[[-0.101560265 -3.04157066 0.601893]]]...>
MobileNet/conv_ds_5/pointwise_conv/weights/read (Identity): [MobileNet/conv_ds_5/pointwise_conv/weights]
MobileNet/conv_ds_5/dw_batch_norm/batchnorm/add/y (Const): [], value=Tensor<type: float shape: [] values: 0.001>
MobileNet/conv_ds_5/dw_batch_norm/moving_variance (Const): [], value=Tensor<type: float shape: [128] values: 6.75819683 1.53331268 28.9713364...>
MobileNet/conv_ds_5/dw_batch_norm/moving_variance/read (Identity): [MobileNet/conv_ds_5/dw_batch_norm/moving_variance]
MobileNet/conv_ds_5/dw_batch_norm/batchnorm/add (Add): [MobileNet/conv_ds_5/dw_batch_norm/moving_variance/read, MobileNet/conv_ds_5/dw_batch_norm/batchnorm/add/y]
MobileNet/conv_ds_5/dw_batch_norm/batchnorm/Rsqrt (Rsqrt): [MobileNet/conv_ds_5/dw_batch_norm/batchnorm/add]
MobileNet/conv_ds_5/dw_batch_norm/moving_mean (Const): [], value=Tensor<type: float shape: [128] values: 1.03018725 2.23664975 -7.61923885...>
MobileNet/conv_ds_5/dw_batch_norm/moving_mean/read (Identity): [MobileNet/conv_ds_5/dw_batch_norm/moving_mean]
MobileNet/conv_ds_5/dw_batch_norm/batchnorm/mul_1 (Mul): [MobileNet/conv_ds_5/dw_batch_norm/moving_mean/read, MobileNet/conv_ds_5/dw_batch_norm/batchnorm/Rsqrt]
MobileNet/conv_ds_5/dw_batch_norm/beta (Const): [], value=Tensor<type: float shape: [128] values: 0.345556915 1.01463807 0.830173731...>
MobileNet/conv_ds_5/dw_batch_norm/beta/read (Identity): [MobileNet/conv_ds_5/dw_batch_norm/beta]
MobileNet/conv_ds_5/dw_batch_norm/batchnorm/sub (Sub): [MobileNet/conv_ds_5/dw_batch_norm/beta/read, MobileNet/conv_ds_5/dw_batch_norm/batchnorm/mul_1]
MobileNet/conv_ds_5/depthwise_conv/biases (Const): [], value=Tensor<type: float shape: [128] values: 0.077702716 1.82161677 -2.37820339...>
MobileNet/conv_ds_5/depthwise_conv/biases/read (Identity): [MobileNet/conv_ds_5/depthwise_conv/biases]
MobileNet/conv_ds_5/depthwise_conv/depthwise_weights (Const): [], value=Tensor<type: float shape: [3,3,128,1] values: [[[0.116644263][0.434075058][0.869495332]]]...>
MobileNet/conv_ds_5/depthwise_conv/depthwise_weights/read (Identity): [MobileNet/conv_ds_5/depthwise_conv/depthwise_weights]
MobileNet/conv_ds_4/pw_batch_norm/batchnorm/add/y (Const): [], value=Tensor<type: float shape: [] values: 0.001>
MobileNet/conv_ds_4/pw_batch_norm/moving_variance (Const): [], value=Tensor<type: float shape: [128] values: 245.567917 256.940247 233.056061...>
MobileNet/conv_ds_4/pw_batch_norm/moving_variance/read (Identity): [MobileNet/conv_ds_4/pw_batch_norm/moving_variance]
MobileNet/conv_ds_4/pw_batch_norm/batchnorm/add (Add): [MobileNet/conv_ds_4/pw_batch_norm/moving_variance/read, MobileNet/conv_ds_4/pw_batch_norm/batchnorm/add/y]
MobileNet/conv_ds_4/pw_batch_norm/batchnorm/Rsqrt (Rsqrt): [MobileNet/conv_ds_4/pw_batch_norm/batchnorm/add]
MobileNet/conv_ds_4/pw_batch_norm/moving_mean (Const): [], value=Tensor<type: float shape: [128] values: 1.60564172 -18.5096169 10.5023165...>
MobileNet/conv_ds_4/pw_batch_norm/moving_mean/read (Identity): [MobileNet/conv_ds_4/pw_batch_norm/moving_mean]
MobileNet/conv_ds_4/pw_batch_norm/batchnorm/mul_1 (Mul): [MobileNet/conv_ds_4/pw_batch_norm/moving_mean/read, MobileNet/conv_ds_4/pw_batch_norm/batchnorm/Rsqrt]
MobileNet/conv_ds_4/pw_batch_norm/beta (Const): [], value=Tensor<type: float shape: [128] values: -0.287858456 -0.929361224 0.763783872...>
MobileNet/conv_ds_4/pw_batch_norm/beta/read (Identity): [MobileNet/conv_ds_4/pw_batch_norm/beta]
MobileNet/conv_ds_4/pw_batch_norm/batchnorm/sub (Sub): [MobileNet/conv_ds_4/pw_batch_norm/beta/read, MobileNet/conv_ds_4/pw_batch_norm/batchnorm/mul_1]
MobileNet/conv_ds_4/pointwise_conv/biases (Const): [], value=Tensor<type: float shape: [128] values: -0.779774487 -0.190975472 1.43118167...>
MobileNet/conv_ds_4/pointwise_conv/biases/read (Identity): [MobileNet/conv_ds_4/pointwise_conv/biases]
MobileNet/conv_ds_4/pointwise_conv/weights (Const): [], value=Tensor<type: float shape: [1,1,128,128] values: [[[-2.00889111 -1.15304375 -0.574613214]]]...>
MobileNet/conv_ds_4/pointwise_conv/weights/read (Identity): [MobileNet/conv_ds_4/pointwise_conv/weights]
MobileNet/conv_ds_4/dw_batch_norm/batchnorm/add/y (Const): [], value=Tensor<type: float shape: [] values: 0.001>
MobileNet/conv_ds_4/dw_batch_norm/moving_variance (Const): [], value=Tensor<type: float shape: [128] values: 33.545002 5.85254 10.095521...>
MobileNet/conv_ds_4/dw_batch_norm/moving_variance/read (Identity): [MobileNet/conv_ds_4/dw_batch_norm/moving_variance]
MobileNet/conv_ds_4/dw_batch_norm/batchnorm/add (Add): [MobileNet/conv_ds_4/dw_batch_norm/moving_variance/read, MobileNet/conv_ds_4/dw_batch_norm/batchnorm/add/y]
MobileNet/conv_ds_4/dw_batch_norm/batchnorm/Rsqrt (Rsqrt): [MobileNet/conv_ds_4/dw_batch_norm/batchnorm/add]
MobileNet/conv_ds_4/dw_batch_norm/moving_mean (Const): [], value=Tensor<type: float shape: [128] values: 4.79273891 3.62015748 -0.525486708...>
MobileNet/conv_ds_4/dw_batch_norm/moving_mean/read (Identity): [MobileNet/conv_ds_4/dw_batch_norm/moving_mean]
MobileNet/conv_ds_4/dw_batch_norm/batchnorm/mul_1 (Mul): [MobileNet/conv_ds_4/dw_batch_norm/moving_mean/read, MobileNet/conv_ds_4/dw_batch_norm/batchnorm/Rsqrt]
MobileNet/conv_ds_4/dw_batch_norm/beta (Const): [], value=Tensor<type: float shape: [128] values: -0.301800668 -0.348026574 -0.0458203...>
MobileNet/conv_ds_4/dw_batch_norm/beta/read (Identity): [MobileNet/conv_ds_4/dw_batch_norm/beta]
MobileNet/conv_ds_4/dw_batch_norm/batchnorm/sub (Sub): [MobileNet/conv_ds_4/dw_batch_norm/beta/read, MobileNet/conv_ds_4/dw_batch_norm/batchnorm/mul_1]
MobileNet/conv_ds_4/depthwise_conv/biases (Const): [], value=Tensor<type: float shape: [128] values: -1.13027942 4.54427719 -1.17750299...>
MobileNet/conv_ds_4/depthwise_conv/biases/read (Identity): [MobileNet/conv_ds_4/depthwise_conv/biases]
MobileNet/conv_ds_4/depthwise_conv/depthwise_weights (Const): [], value=Tensor<type: float shape: [3,3,128,1] values: [[[-0.333019][0.623883605][-0.651298702]]]...>
MobileNet/conv_ds_4/depthwise_conv/depthwise_weights/read (Identity): [MobileNet/conv_ds_4/depthwise_conv/depthwise_weights]
MobileNet/conv_ds_3/pw_batch_norm/batchnorm/add/y (Const): [], value=Tensor<type: float shape: [] values: 0.001>
MobileNet/conv_ds_3/pw_batch_norm/moving_variance (Const): [], value=Tensor<type: float shape: [128] values: 91.5955582 118.358459 76.2283936...>
MobileNet/conv_ds_3/pw_batch_norm/moving_variance/read (Identity): [MobileNet/conv_ds_3/pw_batch_norm/moving_variance]
MobileNet/conv_ds_3/pw_batch_norm/batchnorm/add (Add): [MobileNet/conv_ds_3/pw_batch_norm/moving_variance/read, MobileNet/conv_ds_3/pw_batch_norm/batchnorm/add/y]
MobileNet/conv_ds_3/pw_batch_norm/batchnorm/Rsqrt (Rsqrt): [MobileNet/conv_ds_3/pw_batch_norm/batchnorm/add]
MobileNet/conv_ds_3/pw_batch_norm/moving_mean (Const): [], value=Tensor<type: float shape: [128] values: 8.35305214 3.43837643 -6.43836355...>
MobileNet/conv_ds_3/pw_batch_norm/moving_mean/read (Identity): [MobileNet/conv_ds_3/pw_batch_norm/moving_mean]
MobileNet/conv_ds_3/pw_batch_norm/batchnorm/mul_1 (Mul): [MobileNet/conv_ds_3/pw_batch_norm/moving_mean/read, MobileNet/conv_ds_3/pw_batch_norm/batchnorm/Rsqrt]
MobileNet/conv_ds_3/pw_batch_norm/beta (Const): [], value=Tensor<type: float shape: [128] values: 0.389494538 0.416856289 0.284286439...>
MobileNet/conv_ds_3/pw_batch_norm/beta/read (Identity): [MobileNet/conv_ds_3/pw_batch_norm/beta]
MobileNet/conv_ds_3/pw_batch_norm/batchnorm/sub (Sub): [MobileNet/conv_ds_3/pw_batch_norm/beta/read, MobileNet/conv_ds_3/pw_batch_norm/batchnorm/mul_1]
MobileNet/conv_ds_3/pointwise_conv/biases (Const): [], value=Tensor<type: float shape: [128] values: 2.91955829 1.15288937 -1.55054402...>
MobileNet/conv_ds_3/pointwise_conv/biases/read (Identity): [MobileNet/conv_ds_3/pointwise_conv/biases]
MobileNet/conv_ds_3/pointwise_conv/weights (Const): [], value=Tensor<type: float shape: [1,1,64,128] values: [[[0.760424733 1.14665139 1.00268841]]]...>
MobileNet/conv_ds_3/pointwise_conv/weights/read (Identity): [MobileNet/conv_ds_3/pointwise_conv/weights]
MobileNet/conv_ds_3/dw_batch_norm/batchnorm/add/y (Const): [], value=Tensor<type: float shape: [] values: 0.001>
MobileNet/conv_ds_3/dw_batch_norm/moving_variance (Const): [], value=Tensor<type: float shape: [64] values: 4.79920292 15.6305971 53.481041...>
MobileNet/conv_ds_3/dw_batch_norm/moving_variance/read (Identity): [MobileNet/conv_ds_3/dw_batch_norm/moving_variance]
MobileNet/conv_ds_3/dw_batch_norm/batchnorm/add (Add): [MobileNet/conv_ds_3/dw_batch_norm/moving_variance/read, MobileNet/conv_ds_3/dw_batch_norm/batchnorm/add/y]
MobileNet/conv_ds_3/dw_batch_norm/batchnorm/Rsqrt (Rsqrt): [MobileNet/conv_ds_3/dw_batch_norm/batchnorm/add]
MobileNet/conv_ds_3/dw_batch_norm/moving_mean (Const): [], value=Tensor<type: float shape: [64] values: -0.95220542 -2.03233624 16.8897839...>
MobileNet/conv_ds_3/dw_batch_norm/moving_mean/read (Identity): [MobileNet/conv_ds_3/dw_batch_norm/moving_mean]
MobileNet/conv_ds_3/dw_batch_norm/batchnorm/mul_1 (Mul): [MobileNet/conv_ds_3/dw_batch_norm/moving_mean/read, MobileNet/conv_ds_3/dw_batch_norm/batchnorm/Rsqrt]
MobileNet/conv_ds_3/dw_batch_norm/beta (Const): [], value=Tensor<type: float shape: [64] values: 0.104526035 0.846717954 -0.258848578...>
MobileNet/conv_ds_3/dw_batch_norm/beta/read (Identity): [MobileNet/conv_ds_3/dw_batch_norm/beta]
MobileNet/conv_ds_3/dw_batch_norm/batchnorm/sub (Sub): [MobileNet/conv_ds_3/dw_batch_norm/beta/read, MobileNet/conv_ds_3/dw_batch_norm/batchnorm/mul_1]
MobileNet/conv_ds_3/depthwise_conv/biases (Const): [], value=Tensor<type: float shape: [64] values: -1.22664666 0.853147149 0.66890806...>
MobileNet/conv_ds_3/depthwise_conv/biases/read (Identity): [MobileNet/conv_ds_3/depthwise_conv/biases]
MobileNet/conv_ds_3/depthwise_conv/depthwise_weights (Const): [], value=Tensor<type: float shape: [3,3,64,1] values: [[[-1.8186357][-0.329929858][0.414901465]]]...>
MobileNet/conv_ds_3/depthwise_conv/depthwise_weights/read (Identity): [MobileNet/conv_ds_3/depthwise_conv/depthwise_weights]
MobileNet/conv_ds_2/pw_batch_norm/batchnorm/add/y (Const): [], value=Tensor<type: float shape: [] values: 0.001>
MobileNet/conv_ds_2/pw_batch_norm/moving_variance (Const): [], value=Tensor<type: float shape: [64] values: 63.9488106 73.3010559 24.7120113...>
MobileNet/conv_ds_2/pw_batch_norm/moving_variance/read (Identity): [MobileNet/conv_ds_2/pw_batch_norm/moving_variance]
MobileNet/conv_ds_2/pw_batch_norm/batchnorm/add (Add): [MobileNet/conv_ds_2/pw_batch_norm/moving_variance/read, MobileNet/conv_ds_2/pw_batch_norm/batchnorm/add/y]
MobileNet/conv_ds_2/pw_batch_norm/batchnorm/Rsqrt (Rsqrt): [MobileNet/conv_ds_2/pw_batch_norm/batchnorm/add]
MobileNet/conv_ds_2/pw_batch_norm/moving_mean (Const): [], value=Tensor<type: float shape: [64] values: -5.13292837 -8.49493408 5.51262903...>
MobileNet/conv_ds_2/pw_batch_norm/moving_mean/read (Identity): [MobileNet/conv_ds_2/pw_batch_norm/moving_mean]
MobileNet/conv_ds_2/pw_batch_norm/batchnorm/mul_1 (Mul): [MobileNet/conv_ds_2/pw_batch_norm/moving_mean/read, MobileNet/conv_ds_2/pw_batch_norm/batchnorm/Rsqrt]
MobileNet/conv_ds_2/pw_batch_norm/beta (Const): [], value=Tensor<type: float shape: [64] values: 0.140610904 -0.141652763 1.82009447...>
MobileNet/conv_ds_2/pw_batch_norm/beta/read (Identity): [MobileNet/conv_ds_2/pw_batch_norm/beta]
MobileNet/conv_ds_2/pw_batch_norm/batchnorm/sub (Sub): [MobileNet/conv_ds_2/pw_batch_norm/beta/read, MobileNet/conv_ds_2/pw_batch_norm/batchnorm/mul_1]
MobileNet/conv_ds_2/pointwise_conv/biases (Const): [], value=Tensor<type: float shape: [64] values: 3.22202921 0.569316208 1.23473048...>
MobileNet/conv_ds_2/pointwise_conv/biases/read (Identity): [MobileNet/conv_ds_2/pointwise_conv/biases]
MobileNet/conv_ds_2/pointwise_conv/weights (Const): [], value=Tensor<type: float shape: [1,1,32,64] values: [[[0.0289146 -1.25489581 -1.44644368]]]...>
MobileNet/conv_ds_2/pointwise_conv/weights/read (Identity): [MobileNet/conv_ds_2/pointwise_conv/weights]
MobileNet/conv_ds_2/dw_batch_norm/batchnorm/add/y (Const): [], value=Tensor<type: float shape: [] values: 0.001>
MobileNet/conv_ds_2/dw_batch_norm/moving_variance (Const): [], value=Tensor<type: float shape: [32] values: 6.452384 5.07987642 9.88907814...>
MobileNet/conv_ds_2/dw_batch_norm/moving_variance/read (Identity): [MobileNet/conv_ds_2/dw_batch_norm/moving_variance]
MobileNet/conv_ds_2/dw_batch_norm/batchnorm/add (Add): [MobileNet/conv_ds_2/dw_batch_norm/moving_variance/read, MobileNet/conv_ds_2/dw_batch_norm/batchnorm/add/y]
MobileNet/conv_ds_2/dw_batch_norm/batchnorm/Rsqrt (Rsqrt): [MobileNet/conv_ds_2/dw_batch_norm/batchnorm/add]
MobileNet/conv_ds_2/dw_batch_norm/moving_mean (Const): [], value=Tensor<type: float shape: [32] values: 1.52698171 5.45125818 -0.227780759...>
MobileNet/conv_ds_2/dw_batch_norm/moving_mean/read (Identity): [MobileNet/conv_ds_2/dw_batch_norm/moving_mean]
MobileNet/conv_ds_2/dw_batch_norm/batchnorm/mul_1 (Mul): [MobileNet/conv_ds_2/dw_batch_norm/moving_mean/read, MobileNet/conv_ds_2/dw_batch_norm/batchnorm/Rsqrt]
MobileNet/conv_ds_2/dw_batch_norm/beta (Const): [], value=Tensor<type: float shape: [32] values: 0.0881767347 0.248694807 0.844492614...>
MobileNet/conv_ds_2/dw_batch_norm/beta/read (Identity): [MobileNet/conv_ds_2/dw_batch_norm/beta]
MobileNet/conv_ds_2/dw_batch_norm/batchnorm/sub (Sub): [MobileNet/conv_ds_2/dw_batch_norm/beta/read, MobileNet/conv_ds_2/dw_batch_norm/batchnorm/mul_1]
MobileNet/conv_ds_2/depthwise_conv/biases (Const): [], value=Tensor<type: float shape: [32] values: 1.23101354 2.65385532 -0.458471596...>
MobileNet/conv_ds_2/depthwise_conv/biases/read (Identity): [MobileNet/conv_ds_2/depthwise_conv/biases]
MobileNet/conv_ds_2/depthwise_conv/depthwise_weights (Const): [], value=Tensor<type: float shape: [3,3,32,1] values: [[[-1.61301291][0.133168042][1.71963453]]]...>
MobileNet/conv_ds_2/depthwise_conv/depthwise_weights/read (Identity): [MobileNet/conv_ds_2/depthwise_conv/depthwise_weights]
MobileNet/conv_1/batch_norm/batchnorm/add/y (Const): [], value=Tensor<type: float shape: [] values: 0.001>
MobileNet/conv_1/batch_norm/moving_variance (Const): [], value=Tensor<type: float shape: [32] values: 1.87136555 3.20815158 0.212551713...>
MobileNet/conv_1/batch_norm/moving_variance/read (Identity): [MobileNet/conv_1/batch_norm/moving_variance]
MobileNet/conv_1/batch_norm/batchnorm/add (Add): [MobileNet/conv_1/batch_norm/moving_variance/read, MobileNet/conv_1/batch_norm/batchnorm/add/y]
MobileNet/conv_1/batch_norm/batchnorm/Rsqrt (Rsqrt): [MobileNet/conv_1/batch_norm/batchnorm/add]
MobileNet/conv_1/batch_norm/moving_mean (Const): [], value=Tensor<type: float shape: [32] values: 2.67139292 -1.95294476 -0.733646452...>
MobileNet/conv_1/batch_norm/moving_mean/read (Identity): [MobileNet/conv_1/batch_norm/moving_mean]
MobileNet/conv_1/batch_norm/batchnorm/mul_1 (Mul): [MobileNet/conv_1/batch_norm/moving_mean/read, MobileNet/conv_1/batch_norm/batchnorm/Rsqrt]
MobileNet/conv_1/batch_norm/beta (Const): [], value=Tensor<type: float shape: [32] values: 1.10027909 0.503873467 1.73569012...>
MobileNet/conv_1/batch_norm/beta/read (Identity): [MobileNet/conv_1/batch_norm/beta]
MobileNet/conv_1/batch_norm/batchnorm/sub (Sub): [MobileNet/conv_1/batch_norm/beta/read, MobileNet/conv_1/batch_norm/batchnorm/mul_1]
MobileNet/conv_1/biases (Const): [], value=Tensor<type: float shape: [32] values: 2.02294278 -0.807479 -0.849999964...>
MobileNet/conv_1/biases/read (Identity): [MobileNet/conv_1/biases]
MobileNet/conv_1/weights (Const): [], value=Tensor<type: float shape: [3,3,3,32] values: [[[-0.871602178 -1.58612549 -0.641576648]]]...>
MobileNet/conv_1/weights/read (Identity): [MobileNet/conv_1/weights]
ExpandDims/dim (Const): [], value=Tensor<type: int32 shape: [] values: 0>



Placeholder (Placeholder): []
ExpandDims (ExpandDims): [Placeholder, ExpandDims/dim]
MobileNet/conv_1/convolution (Conv2D): [ExpandDims, MobileNet/conv_1/weights/read]
MobileNet/conv_1/BiasAdd (BiasAdd): [MobileNet/conv_1/convolution, MobileNet/conv_1/biases/read]
MobileNet/conv_1/batch_norm/batchnorm/mul (Mul): [MobileNet/conv_1/BiasAdd, MobileNet/conv_1/batch_norm/batchnorm/Rsqrt]
MobileNet/conv_1/batch_norm/batchnorm/add_1 (Add): [MobileNet/conv_1/batch_norm/batchnorm/mul, MobileNet/conv_1/batch_norm/batchnorm/sub]
MobileNet/conv_1/batch_norm/Relu (Relu): [MobileNet/conv_1/batch_norm/batchnorm/add_1]
MobileNet/conv_ds_2/depthwise_conv/depthwise (DepthwiseConv2dNative): [MobileNet/conv_1/batch_norm/Relu, MobileNet/conv_ds_2/depthwise_conv/depthwise_weights/read]
MobileNet/conv_ds_2/depthwise_conv/BiasAdd (BiasAdd): [MobileNet/conv_ds_2/depthwise_conv/depthwise, MobileNet/conv_ds_2/depthwise_conv/biases/read]
MobileNet/conv_ds_2/dw_batch_norm/batchnorm/mul (Mul): [MobileNet/conv_ds_2/depthwise_conv/BiasAdd, MobileNet/conv_ds_2/dw_batch_norm/batchnorm/Rsqrt]
MobileNet/conv_ds_2/dw_batch_norm/batchnorm/add_1 (Add): [MobileNet/conv_ds_2/dw_batch_norm/batchnorm/mul, MobileNet/conv_ds_2/dw_batch_norm/batchnorm/sub]
MobileNet/conv_ds_2/dw_batch_norm/Relu (Relu): [MobileNet/conv_ds_2/dw_batch_norm/batchnorm/add_1]
MobileNet/conv_ds_2/pointwise_conv/convolution (Conv2D): [MobileNet/conv_ds_2/dw_batch_norm/Relu, MobileNet/conv_ds_2/pointwise_conv/weights/read]
MobileNet/conv_ds_2/pointwise_conv/BiasAdd (BiasAdd): [MobileNet/conv_ds_2/pointwise_conv/convolution, MobileNet/conv_ds_2/pointwise_conv/biases/read]
MobileNet/conv_ds_2/pw_batch_norm/batchnorm/mul (Mul): [MobileNet/conv_ds_2/pointwise_conv/BiasAdd, MobileNet/conv_ds_2/pw_batch_norm/batchnorm/Rsqrt]
MobileNet/conv_ds_2/pw_batch_norm/batchnorm/add_1 (Add): [MobileNet/conv_ds_2/pw_batch_norm/batchnorm/mul, MobileNet/conv_ds_2/pw_batch_norm/batchnorm/sub]
MobileNet/conv_ds_2/pw_batch_norm/Relu (Relu): [MobileNet/conv_ds_2/pw_batch_norm/batchnorm/add_1]
MobileNet/conv_ds_3/depthwise_conv/depthwise (DepthwiseConv2dNative): [MobileNet/conv_ds_2/pw_batch_norm/Relu, MobileNet/conv_ds_3/depthwise_conv/depthwise_weights/read]
MobileNet/conv_ds_3/depthwise_conv/BiasAdd (BiasAdd): [MobileNet/conv_ds_3/depthwise_conv/depthwise, MobileNet/conv_ds_3/depthwise_conv/biases/read]
MobileNet/conv_ds_3/dw_batch_norm/batchnorm/mul (Mul): [MobileNet/conv_ds_3/depthwise_conv/BiasAdd, MobileNet/conv_ds_3/dw_batch_norm/batchnorm/Rsqrt]
MobileNet/conv_ds_3/dw_batch_norm/batchnorm/add_1 (Add): [MobileNet/conv_ds_3/dw_batch_norm/batchnorm/mul, MobileNet/conv_ds_3/dw_batch_norm/batchnorm/sub]
MobileNet/conv_ds_3/dw_batch_norm/Relu (Relu): [MobileNet/conv_ds_3/dw_batch_norm/batchnorm/add_1]
MobileNet/conv_ds_3/pointwise_conv/convolution (Conv2D): [MobileNet/conv_ds_3/dw_batch_norm/Relu, MobileNet/conv_ds_3/pointwise_conv/weights/read]
MobileNet/conv_ds_3/pointwise_conv/BiasAdd (BiasAdd): [MobileNet/conv_ds_3/pointwise_conv/convolution, MobileNet/conv_ds_3/pointwise_conv/biases/read]
MobileNet/conv_ds_3/pw_batch_norm/batchnorm/mul (Mul): [MobileNet/conv_ds_3/pointwise_conv/BiasAdd, MobileNet/conv_ds_3/pw_batch_norm/batchnorm/Rsqrt]
MobileNet/conv_ds_3/pw_batch_norm/batchnorm/add_1 (Add): [MobileNet/conv_ds_3/pw_batch_norm/batchnorm/mul, MobileNet/conv_ds_3/pw_batch_norm/batchnorm/sub]
MobileNet/conv_ds_3/pw_batch_norm/Relu (Relu): [MobileNet/conv_ds_3/pw_batch_norm/batchnorm/add_1]
MobileNet/conv_ds_4/depthwise_conv/depthwise (DepthwiseConv2dNative): [MobileNet/conv_ds_3/pw_batch_norm/Relu, MobileNet/conv_ds_4/depthwise_conv/depthwise_weights/read]
MobileNet/conv_ds_4/depthwise_conv/BiasAdd (BiasAdd): [MobileNet/conv_ds_4/depthwise_conv/depthwise, MobileNet/conv_ds_4/depthwise_conv/biases/read]
MobileNet/conv_ds_4/dw_batch_norm/batchnorm/mul (Mul): [MobileNet/conv_ds_4/depthwise_conv/BiasAdd, MobileNet/conv_ds_4/dw_batch_norm/batchnorm/Rsqrt]
MobileNet/conv_ds_4/dw_batch_norm/batchnorm/add_1 (Add): [MobileNet/conv_ds_4/dw_batch_norm/batchnorm/mul, MobileNet/conv_ds_4/dw_batch_norm/batchnorm/sub]
MobileNet/conv_ds_4/dw_batch_norm/Relu (Relu): [MobileNet/conv_ds_4/dw_batch_norm/batchnorm/add_1]
MobileNet/conv_ds_4/pointwise_conv/convolution (Conv2D): [MobileNet/conv_ds_4/dw_batch_norm/Relu, MobileNet/conv_ds_4/pointwise_conv/weights/read]
MobileNet/conv_ds_4/pointwise_conv/BiasAdd (BiasAdd): [MobileNet/conv_ds_4/pointwise_conv/convolution, MobileNet/conv_ds_4/pointwise_conv/biases/read]
MobileNet/conv_ds_4/pw_batch_norm/batchnorm/mul (Mul): [MobileNet/conv_ds_4/pointwise_conv/BiasAdd, MobileNet/conv_ds_4/pw_batch_norm/batchnorm/Rsqrt]
MobileNet/conv_ds_4/pw_batch_norm/batchnorm/add_1 (Add): [MobileNet/conv_ds_4/pw_batch_norm/batchnorm/mul, MobileNet/conv_ds_4/pw_batch_norm/batchnorm/sub]
MobileNet/conv_ds_4/pw_batch_norm/Relu (Relu): [MobileNet/conv_ds_4/pw_batch_norm/batchnorm/add_1]
MobileNet/conv_ds_5/depthwise_conv/depthwise (DepthwiseConv2dNative): [MobileNet/conv_ds_4/pw_batch_norm/Relu, MobileNet/conv_ds_5/depthwise_conv/depthwise_weights/read]
MobileNet/conv_ds_5/depthwise_conv/BiasAdd (BiasAdd): [MobileNet/conv_ds_5/depthwise_conv/depthwise, MobileNet/conv_ds_5/depthwise_conv/biases/read]
MobileNet/conv_ds_5/dw_batch_norm/batchnorm/mul (Mul): [MobileNet/conv_ds_5/depthwise_conv/BiasAdd, MobileNet/conv_ds_5/dw_batch_norm/batchnorm/Rsqrt]
MobileNet/conv_ds_5/dw_batch_norm/batchnorm/add_1 (Add): [MobileNet/conv_ds_5/dw_batch_norm/batchnorm/mul, MobileNet/conv_ds_5/dw_batch_norm/batchnorm/sub]
MobileNet/conv_ds_5/dw_batch_norm/Relu (Relu): [MobileNet/conv_ds_5/dw_batch_norm/batchnorm/add_1]
MobileNet/conv_ds_5/pointwise_conv/convolution (Conv2D): [MobileNet/conv_ds_5/dw_batch_norm/Relu, MobileNet/conv_ds_5/pointwise_conv/weights/read]
MobileNet/conv_ds_5/pointwise_conv/BiasAdd (BiasAdd): [MobileNet/conv_ds_5/pointwise_conv/convolution, MobileNet/conv_ds_5/pointwise_conv/biases/read]
MobileNet/conv_ds_5/pw_batch_norm/batchnorm/mul (Mul): [MobileNet/conv_ds_5/pointwise_conv/BiasAdd, MobileNet/conv_ds_5/pw_batch_norm/batchnorm/Rsqrt]
MobileNet/conv_ds_5/pw_batch_norm/batchnorm/add_1 (Add): [MobileNet/conv_ds_5/pw_batch_norm/batchnorm/mul, MobileNet/conv_ds_5/pw_batch_norm/batchnorm/sub]
MobileNet/conv_ds_5/pw_batch_norm/Relu (Relu): [MobileNet/conv_ds_5/pw_batch_norm/batchnorm/add_1]
MobileNet/conv_ds_6/depthwise_conv/depthwise (DepthwiseConv2dNative): [MobileNet/conv_ds_5/pw_batch_norm/Relu, MobileNet/conv_ds_6/depthwise_conv/depthwise_weights/read]
MobileNet/conv_ds_6/depthwise_conv/BiasAdd (BiasAdd): [MobileNet/conv_ds_6/depthwise_conv/depthwise, MobileNet/conv_ds_6/depthwise_conv/biases/read]
MobileNet/conv_ds_6/dw_batch_norm/batchnorm/mul (Mul): [MobileNet/conv_ds_6/depthwise_conv/BiasAdd, MobileNet/conv_ds_6/dw_batch_norm/batchnorm/Rsqrt]
MobileNet/conv_ds_6/dw_batch_norm/batchnorm/add_1 (Add): [MobileNet/conv_ds_6/dw_batch_norm/batchnorm/mul, MobileNet/conv_ds_6/dw_batch_norm/batchnorm/sub]
MobileNet/conv_ds_6/dw_batch_norm/Relu (Relu): [MobileNet/conv_ds_6/dw_batch_norm/batchnorm/add_1]
MobileNet/conv_ds_6/pointwise_conv/convolution (Conv2D): [MobileNet/conv_ds_6/dw_batch_norm/Relu, MobileNet/conv_ds_6/pointwise_conv/weights/read]
MobileNet/conv_ds_6/pointwise_conv/BiasAdd (BiasAdd): [MobileNet/conv_ds_6/pointwise_conv/convolution, MobileNet/conv_ds_6/pointwise_conv/biases/read]
MobileNet/conv_ds_6/pw_batch_norm/batchnorm/mul (Mul): [MobileNet/conv_ds_6/pointwise_conv/BiasAdd, MobileNet/conv_ds_6/pw_batch_norm/batchnorm/Rsqrt]
MobileNet/conv_ds_6/pw_batch_norm/batchnorm/add_1 (Add): [MobileNet/conv_ds_6/pw_batch_norm/batchnorm/mul, MobileNet/conv_ds_6/pw_batch_norm/batchnorm/sub]
MobileNet/conv_ds_6/pw_batch_norm/Relu (Relu): [MobileNet/conv_ds_6/pw_batch_norm/batchnorm/add_1]
MobileNet/conv_ds_7/depthwise_conv/depthwise (DepthwiseConv2dNative): [MobileNet/conv_ds_6/pw_batch_norm/Relu, MobileNet/conv_ds_7/depthwise_conv/depthwise_weights/read]
MobileNet/conv_ds_7/depthwise_conv/BiasAdd (BiasAdd): [MobileNet/conv_ds_7/depthwise_conv/depthwise, MobileNet/conv_ds_7/depthwise_conv/biases/read]
MobileNet/conv_ds_7/dw_batch_norm/batchnorm/mul (Mul): [MobileNet/conv_ds_7/depthwise_conv/BiasAdd, MobileNet/conv_ds_7/dw_batch_norm/batchnorm/Rsqrt]
MobileNet/conv_ds_7/dw_batch_norm/batchnorm/add_1 (Add): [MobileNet/conv_ds_7/dw_batch_norm/batchnorm/mul, MobileNet/conv_ds_7/dw_batch_norm/batchnorm/sub]
MobileNet/conv_ds_7/dw_batch_norm/Relu (Relu): [MobileNet/conv_ds_7/dw_batch_norm/batchnorm/add_1]
MobileNet/conv_ds_7/pointwise_conv/convolution (Conv2D): [MobileNet/conv_ds_7/dw_batch_norm/Relu, MobileNet/conv_ds_7/pointwise_conv/weights/read]
MobileNet/conv_ds_7/pointwise_conv/BiasAdd (BiasAdd): [MobileNet/conv_ds_7/pointwise_conv/convolution, MobileNet/conv_ds_7/pointwise_conv/biases/read]
MobileNet/conv_ds_7/pw_batch_norm/batchnorm/mul (Mul): [MobileNet/conv_ds_7/pointwise_conv/BiasAdd, MobileNet/conv_ds_7/pw_batch_norm/batchnorm/Rsqrt]
MobileNet/conv_ds_7/pw_batch_norm/batchnorm/add_1 (Add): [MobileNet/conv_ds_7/pw_batch_norm/batchnorm/mul, MobileNet/conv_ds_7/pw_batch_norm/batchnorm/sub]
MobileNet/conv_ds_7/pw_batch_norm/Relu (Relu): [MobileNet/conv_ds_7/pw_batch_norm/batchnorm/add_1]
MobileNet/conv_ds_8/depthwise_conv/depthwise (DepthwiseConv2dNative): [MobileNet/conv_ds_7/pw_batch_norm/Relu, MobileNet/conv_ds_8/depthwise_conv/depthwise_weights/read]
MobileNet/conv_ds_8/depthwise_conv/BiasAdd (BiasAdd): [MobileNet/conv_ds_8/depthwise_conv/depthwise, MobileNet/conv_ds_8/depthwise_conv/biases/read]
MobileNet/conv_ds_8/dw_batch_norm/batchnorm/mul (Mul): [MobileNet/conv_ds_8/depthwise_conv/BiasAdd, MobileNet/conv_ds_8/dw_batch_norm/batchnorm/Rsqrt]
MobileNet/conv_ds_8/dw_batch_norm/batchnorm/add_1 (Add): [MobileNet/conv_ds_8/dw_batch_norm/batchnorm/mul, MobileNet/conv_ds_8/dw_batch_norm/batchnorm/sub]
MobileNet/conv_ds_8/dw_batch_norm/Relu (Relu): [MobileNet/conv_ds_8/dw_batch_norm/batchnorm/add_1]
MobileNet/conv_ds_8/pointwise_conv/convolution (Conv2D): [MobileNet/conv_ds_8/dw_batch_norm/Relu, MobileNet/conv_ds_8/pointwise_conv/weights/read]
MobileNet/conv_ds_8/pointwise_conv/BiasAdd (BiasAdd): [MobileNet/conv_ds_8/pointwise_conv/convolution, MobileNet/conv_ds_8/pointwise_conv/biases/read]
MobileNet/conv_ds_8/pw_batch_norm/batchnorm/mul (Mul): [MobileNet/conv_ds_8/pointwise_conv/BiasAdd, MobileNet/conv_ds_8/pw_batch_norm/batchnorm/Rsqrt]
MobileNet/conv_ds_8/pw_batch_norm/batchnorm/add_1 (Add): [MobileNet/conv_ds_8/pw_batch_norm/batchnorm/mul, MobileNet/conv_ds_8/pw_batch_norm/batchnorm/sub]
MobileNet/conv_ds_8/pw_batch_norm/Relu (Relu): [MobileNet/conv_ds_8/pw_batch_norm/batchnorm/add_1]
MobileNet/conv_ds_9/depthwise_conv/depthwise (DepthwiseConv2dNative): [MobileNet/conv_ds_8/pw_batch_norm/Relu, MobileNet/conv_ds_9/depthwise_conv/depthwise_weights/read]
MobileNet/conv_ds_9/depthwise_conv/BiasAdd (BiasAdd): [MobileNet/conv_ds_9/depthwise_conv/depthwise, MobileNet/conv_ds_9/depthwise_conv/biases/read]
MobileNet/conv_ds_9/dw_batch_norm/batchnorm/mul (Mul): [MobileNet/conv_ds_9/depthwise_conv/BiasAdd, MobileNet/conv_ds_9/dw_batch_norm/batchnorm/Rsqrt]
MobileNet/conv_ds_9/dw_batch_norm/batchnorm/add_1 (Add): [MobileNet/conv_ds_9/dw_batch_norm/batchnorm/mul, MobileNet/conv_ds_9/dw_batch_norm/batchnorm/sub]
MobileNet/conv_ds_9/dw_batch_norm/Relu (Relu): [MobileNet/conv_ds_9/dw_batch_norm/batchnorm/add_1]
MobileNet/conv_ds_9/pointwise_conv/convolution (Conv2D): [MobileNet/conv_ds_9/dw_batch_norm/Relu, MobileNet/conv_ds_9/pointwise_conv/weights/read]
MobileNet/conv_ds_9/pointwise_conv/BiasAdd (BiasAdd): [MobileNet/conv_ds_9/pointwise_conv/convolution, MobileNet/conv_ds_9/pointwise_conv/biases/read]
MobileNet/conv_ds_9/pw_batch_norm/batchnorm/mul (Mul): [MobileNet/conv_ds_9/pointwise_conv/BiasAdd, MobileNet/conv_ds_9/pw_batch_norm/batchnorm/Rsqrt]
MobileNet/conv_ds_9/pw_batch_norm/batchnorm/add_1 (Add): [MobileNet/conv_ds_9/pw_batch_norm/batchnorm/mul, MobileNet/conv_ds_9/pw_batch_norm/batchnorm/sub]
MobileNet/conv_ds_9/pw_batch_norm/Relu (Relu): [MobileNet/conv_ds_9/pw_batch_norm/batchnorm/add_1]
MobileNet/conv_ds_10/depthwise_conv/depthwise (DepthwiseConv2dNative): [MobileNet/conv_ds_9/pw_batch_norm/Relu, MobileNet/conv_ds_10/depthwise_conv/depthwise_weights/read]
MobileNet/conv_ds_10/depthwise_conv/BiasAdd (BiasAdd): [MobileNet/conv_ds_10/depthwise_conv/depthwise, MobileNet/conv_ds_10/depthwise_conv/biases/read]
MobileNet/conv_ds_10/dw_batch_norm/batchnorm/mul (Mul): [MobileNet/conv_ds_10/depthwise_conv/BiasAdd, MobileNet/conv_ds_10/dw_batch_norm/batchnorm/Rsqrt]
MobileNet/conv_ds_10/dw_batch_norm/batchnorm/add_1 (Add): [MobileNet/conv_ds_10/dw_batch_norm/batchnorm/mul, MobileNet/conv_ds_10/dw_batch_norm/batchnorm/sub]
MobileNet/conv_ds_10/dw_batch_norm/Relu (Relu): [MobileNet/conv_ds_10/dw_batch_norm/batchnorm/add_1]
MobileNet/conv_ds_10/pointwise_conv/convolution (Conv2D): [MobileNet/conv_ds_10/dw_batch_norm/Relu, MobileNet/conv_ds_10/pointwise_conv/weights/read]
MobileNet/conv_ds_10/pointwise_conv/BiasAdd (BiasAdd): [MobileNet/conv_ds_10/pointwise_conv/convolution, MobileNet/conv_ds_10/pointwise_conv/biases/read]
MobileNet/conv_ds_10/pw_batch_norm/batchnorm/mul (Mul): [MobileNet/conv_ds_10/pointwise_conv/BiasAdd, MobileNet/conv_ds_10/pw_batch_norm/batchnorm/Rsqrt]
MobileNet/conv_ds_10/pw_batch_norm/batchnorm/add_1 (Add): [MobileNet/conv_ds_10/pw_batch_norm/batchnorm/mul, MobileNet/conv_ds_10/pw_batch_norm/batchnorm/sub]
MobileNet/conv_ds_10/pw_batch_norm/Relu (Relu): [MobileNet/conv_ds_10/pw_batch_norm/batchnorm/add_1]
MobileNet/conv_ds_11/depthwise_conv/depthwise (DepthwiseConv2dNative): [MobileNet/conv_ds_10/pw_batch_norm/Relu, MobileNet/conv_ds_11/depthwise_conv/depthwise_weights/read]
MobileNet/conv_ds_11/depthwise_conv/BiasAdd (BiasAdd): [MobileNet/conv_ds_11/depthwise_conv/depthwise, MobileNet/conv_ds_11/depthwise_conv/biases/read]
MobileNet/conv_ds_11/dw_batch_norm/batchnorm/mul (Mul): [MobileNet/conv_ds_11/depthwise_conv/BiasAdd, MobileNet/conv_ds_11/dw_batch_norm/batchnorm/Rsqrt]
MobileNet/conv_ds_11/dw_batch_norm/batchnorm/add_1 (Add): [MobileNet/conv_ds_11/dw_batch_norm/batchnorm/mul, MobileNet/conv_ds_11/dw_batch_norm/batchnorm/sub]
MobileNet/conv_ds_11/dw_batch_norm/Relu (Relu): [MobileNet/conv_ds_11/dw_batch_norm/batchnorm/add_1]
MobileNet/conv_ds_11/pointwise_conv/convolution (Conv2D): [MobileNet/conv_ds_11/dw_batch_norm/Relu, MobileNet/conv_ds_11/pointwise_conv/weights/read]
MobileNet/conv_ds_11/pointwise_conv/BiasAdd (BiasAdd): [MobileNet/conv_ds_11/pointwise_conv/convolution, MobileNet/conv_ds_11/pointwise_conv/biases/read]
MobileNet/conv_ds_11/pw_batch_norm/batchnorm/mul (Mul): [MobileNet/conv_ds_11/pointwise_conv/BiasAdd, MobileNet/conv_ds_11/pw_batch_norm/batchnorm/Rsqrt]
MobileNet/conv_ds_11/pw_batch_norm/batchnorm/add_1 (Add): [MobileNet/conv_ds_11/pw_batch_norm/batchnorm/mul, MobileNet/conv_ds_11/pw_batch_norm/batchnorm/sub]
MobileNet/conv_ds_11/pw_batch_norm/Relu (Relu): [MobileNet/conv_ds_11/pw_batch_norm/batchnorm/add_1]
MobileNet/conv_ds_12/depthwise_conv/depthwise (DepthwiseConv2dNative): [MobileNet/conv_ds_11/pw_batch_norm/Relu, MobileNet/conv_ds_12/depthwise_conv/depthwise_weights/read]
MobileNet/conv_ds_12/depthwise_conv/BiasAdd (BiasAdd): [MobileNet/conv_ds_12/depthwise_conv/depthwise, MobileNet/conv_ds_12/depthwise_conv/biases/read]
MobileNet/conv_ds_12/dw_batch_norm/batchnorm/mul (Mul): [MobileNet/conv_ds_12/depthwise_conv/BiasAdd, MobileNet/conv_ds_12/dw_batch_norm/batchnorm/Rsqrt]
MobileNet/conv_ds_12/dw_batch_norm/batchnorm/add_1 (Add): [MobileNet/conv_ds_12/dw_batch_norm/batchnorm/mul, MobileNet/conv_ds_12/dw_batch_norm/batchnorm/sub]
MobileNet/conv_ds_12/dw_batch_norm/Relu (Relu): [MobileNet/conv_ds_12/dw_batch_norm/batchnorm/add_1]
MobileNet/conv_ds_12/pointwise_conv/convolution (Conv2D): [MobileNet/conv_ds_12/dw_batch_norm/Relu, MobileNet/conv_ds_12/pointwise_conv/weights/read]
MobileNet/conv_ds_12/pointwise_conv/BiasAdd (BiasAdd): [MobileNet/conv_ds_12/pointwise_conv/convolution, MobileNet/conv_ds_12/pointwise_conv/biases/read]
MobileNet/conv_ds_12/pw_batch_norm/batchnorm/mul (Mul): [MobileNet/conv_ds_12/pointwise_conv/BiasAdd, MobileNet/conv_ds_12/pw_batch_norm/batchnorm/Rsqrt]
MobileNet/conv_ds_12/pw_batch_norm/batchnorm/add_1 (Add): [MobileNet/conv_ds_12/pw_batch_norm/batchnorm/mul, MobileNet/conv_ds_12/pw_batch_norm/batchnorm/sub]
MobileNet/conv_ds_12/pw_batch_norm/Relu (Relu): [MobileNet/conv_ds_12/pw_batch_norm/batchnorm/add_1]
MobileNet/conv_ds_13/depthwise_conv/depthwise (DepthwiseConv2dNative): [MobileNet/conv_ds_12/pw_batch_norm/Relu, MobileNet/conv_ds_13/depthwise_conv/depthwise_weights/read]
MobileNet/conv_ds_13/depthwise_conv/BiasAdd (BiasAdd): [MobileNet/conv_ds_13/depthwise_conv/depthwise, MobileNet/conv_ds_13/depthwise_conv/biases/read]
MobileNet/conv_ds_13/dw_batch_norm/batchnorm/mul (Mul): [MobileNet/conv_ds_13/depthwise_conv/BiasAdd, MobileNet/conv_ds_13/dw_batch_norm/batchnorm/Rsqrt]
MobileNet/conv_ds_13/dw_batch_norm/batchnorm/add_1 (Add): [MobileNet/conv_ds_13/dw_batch_norm/batchnorm/mul, MobileNet/conv_ds_13/dw_batch_norm/batchnorm/sub]
MobileNet/conv_ds_13/dw_batch_norm/Relu (Relu): [MobileNet/conv_ds_13/dw_batch_norm/batchnorm/add_1]
MobileNet/conv_ds_13/pointwise_conv/convolution (Conv2D): [MobileNet/conv_ds_13/dw_batch_norm/Relu, MobileNet/conv_ds_13/pointwise_conv/weights/read]
MobileNet/conv_ds_13/pointwise_conv/BiasAdd (BiasAdd): [MobileNet/conv_ds_13/pointwise_conv/convolution, MobileNet/conv_ds_13/pointwise_conv/biases/read]
MobileNet/conv_ds_13/pw_batch_norm/batchnorm/mul (Mul): [MobileNet/conv_ds_13/pointwise_conv/BiasAdd, MobileNet/conv_ds_13/pw_batch_norm/batchnorm/Rsqrt]
MobileNet/conv_ds_13/pw_batch_norm/batchnorm/add_1 (Add): [MobileNet/conv_ds_13/pw_batch_norm/batchnorm/mul, MobileNet/conv_ds_13/pw_batch_norm/batchnorm/sub]
MobileNet/conv_ds_13/pw_batch_norm/Relu (Relu): [MobileNet/conv_ds_13/pw_batch_norm/batchnorm/add_1]
MobileNet/conv_ds_14/depthwise_conv/depthwise (DepthwiseConv2dNative): [MobileNet/conv_ds_13/pw_batch_norm/Relu, MobileNet/conv_ds_14/depthwise_conv/depthwise_weights/read]
MobileNet/conv_ds_14/depthwise_conv/BiasAdd (BiasAdd): [MobileNet/conv_ds_14/depthwise_conv/depthwise, MobileNet/conv_ds_14/depthwise_conv/biases/read]
MobileNet/conv_ds_14/dw_batch_norm/batchnorm/mul (Mul): [MobileNet/conv_ds_14/depthwise_conv/BiasAdd, MobileNet/conv_ds_14/dw_batch_norm/batchnorm/Rsqrt]
MobileNet/conv_ds_14/dw_batch_norm/batchnorm/add_1 (Add): [MobileNet/conv_ds_14/dw_batch_norm/batchnorm/mul, MobileNet/conv_ds_14/dw_batch_norm/batchnorm/sub]
MobileNet/conv_ds_14/dw_batch_norm/Relu (Relu): [MobileNet/conv_ds_14/dw_batch_norm/batchnorm/add_1]
MobileNet/conv_ds_14/pointwise_conv/convolution (Conv2D): [MobileNet/conv_ds_14/dw_batch_norm/Relu, MobileNet/conv_ds_14/pointwise_conv/weights/read]
MobileNet/conv_ds_14/pointwise_conv/BiasAdd (BiasAdd): [MobileNet/conv_ds_14/pointwise_conv/convolution, MobileNet/conv_ds_14/pointwise_conv/biases/read]
MobileNet/conv_ds_14/pw_batch_norm/batchnorm/mul (Mul): [MobileNet/conv_ds_14/pointwise_conv/BiasAdd, MobileNet/conv_ds_14/pw_batch_norm/batchnorm/Rsqrt]
MobileNet/conv_ds_14/pw_batch_norm/batchnorm/add_1 (Add): [MobileNet/conv_ds_14/pw_batch_norm/batchnorm/mul, MobileNet/conv_ds_14/pw_batch_norm/batchnorm/sub]
MobileNet/conv_ds_14/pw_batch_norm/Relu (Relu): [MobileNet/conv_ds_14/pw_batch_norm/batchnorm/add_1]
MobileNet/avg_pool_15/AvgPool (AvgPool): [MobileNet/conv_ds_14/pw_batch_norm/Relu]
MobileNet/ReshapeModel (Reshape): [MobileNet/avg_pool_15/AvgPool, MobileNet/ReshapeModel/shape]
MobileNet/fc_16/MatMul (MatMul): [MobileNet/ReshapeModel, MobileNet/fc_16/weights/read]
MobileNet/fc_16/BiasAdd (BiasAdd): [MobileNet/fc_16/MatMul, MobileNet/fc_16/biases/read]
Reshape (Reshape): [MobileNet/fc_16/BiasAdd, Reshape/shape]
ArgMax (ArgMax): [Reshape, ArgMax/dimension]