
ydwu@aries:~/framework/tensorflow22/tensorflow$ gitk
ydwu@aries:~/framework/tensorflow22/tensorflow$ ./configure 
WARNING: Running Bazel server needs to be killed, because the startup options are different.
You have bazel 0.7.0 installed.
Please specify the location of python. [Default is /usr/bin/python]: 


Found possible Python library paths:
  /home/ydwu/work/TensorQuant
  /usr/local/lib/python2.7/dist-packages
  /usr/share/matplotlib
  /home/ydwu/framework/mxnet/python
  /usr/lib/python2.7/dist-packages
  /home/ydwu/work/caffe/python
  /home/ydwu/work/caffe/build/python
Please input the desired Python library path to use.  Default is [/home/ydwu/work/TensorQuant]
/usr/local/lib/python2.7/dist-packages
Do you wish to build TensorFlow with jemalloc as malloc support? [Y/n]: 
jemalloc as malloc support will be enabled for TensorFlow.

Do you wish to build TensorFlow with Google Cloud Platform support? [Y/n]: n
No Google Cloud Platform support will be enabled for TensorFlow.

Do you wish to build TensorFlow with Hadoop File System support? [Y/n]: n
No Hadoop File System support will be enabled for TensorFlow.

Do you wish to build TensorFlow with Amazon S3 File System support? [Y/n]: n
No Amazon S3 File System support will be enabled for TensorFlow.

Do you wish to build TensorFlow with XLA JIT support? [y/N]: n
No XLA JIT support will be enabled for TensorFlow.

Do you wish to build TensorFlow with GDR support? [y/N]: n
No GDR support will be enabled for TensorFlow.

Do you wish to build TensorFlow with VERBS support? [y/N]: n
No VERBS support will be enabled for TensorFlow.

Do you wish to build TensorFlow with OpenCL SYCL support? [y/N]: n
No OpenCL SYCL support will be enabled for TensorFlow.

Do you wish to build TensorFlow with CUDA support? [y/N]: y
CUDA support will be enabled for TensorFlow.

Please specify the CUDA SDK version you want to use, e.g. 7.0. [Leave empty to default to CUDA 9.0]: 8


Please specify the location where CUDA 8 toolkit is installed. Refer to README.md for more details. [Default is /usr/local/cuda]:/usr/local/cuda-8.0 


Invalid path to CUDA 8 toolkit. /usr/local/cuda/lib64/libcudart.so.8 cannot be found
Please specify the CUDA SDK version you want to use, e.g. 7.0. [Leave empty to default to CUDA 9.0]: 8.0 


Please specify the location where CUDA 9.0 toolkit is installed. Refer to README.md for more details. [Default is /usr/local/cuda]: 


Invalid path to CUDA 9.0 toolkit. /usr/local/cuda/lib64/libcudart.so.9.0 cannot be found
Please specify the CUDA SDK version you want to use, e.g. 7.0. [Leave empty to default to CUDA 9.0]: 8.0


Please specify the location where CUDA 8.0 toolkit is installed. Refer to README.md for more details. [Default is /usr/local/cuda]: 


Please specify the cuDNN version you want to use. [Leave empty to default to cuDNN 7.0]: 5.1


Please specify the location where cuDNN 5.1 library is installed. Refer to README.md for more details. [Default is /usr/local/cuda]:


Invalid path to cuDNN 5.1 toolkit. None of the following files can be found:
/usr/local/cuda-8.0/lib64/libcudnn.so.5.1
/usr/local/cuda-8.0/libcudnn.so.5.1
None.5.1
Please specify the cuDNN version you want to use. [Leave empty to default to cuDNN 7.0]: 5.1


Please specify the location where cuDNN 5.1 library is installed. Refer to README.md for more details. [Default is /usr/local/cuda]:/usr/local/cuda-8.0/lib64/libcudnn.so.5.1.5


Invalid path to cuDNN 5.1 toolkit. None of the following files can be found:
/usr/local/cuda-8.0/lib64/libcudnn.so.5.1.5/lib64/libcudnn.so.5.1
/usr/local/cuda-8.0/lib64/libcudnn.so.5.1.5/libcudnn.so.5.1
None.5.1
Please specify the cuDNN version you want to use. [Leave empty to default to cuDNN 7.0]: 5.1.5


Please specify the location where cuDNN 5.1.5 library is installed. Refer to README.md for more details. [Default is /usr/local/cuda]:/usr/local/cuda-8.0/lib64/libcudnn.so.5.1.5


Invalid path to cuDNN 5.1.5 toolkit. None of the following files can be found:
/usr/local/cuda-8.0/lib64/libcudnn.so.5.1.5/lib64/libcudnn.so.5.1.5
/usr/local/cuda-8.0/lib64/libcudnn.so.5.1.5/libcudnn.so.5.1.5
None.5.1.5
Please specify the cuDNN version you want to use. [Leave empty to default to cuDNN 7.0]: 


Please specify the location where cuDNN 7 library is installed. Refer to README.md for more details. [Default is /usr/local/cuda]:


Invalid path to cuDNN 7 toolkit. None of the following files can be found:
/usr/local/cuda-8.0/lib64/libcudnn.so.7
/usr/local/cuda-8.0/libcudnn.so.7
None.7
Please specify the cuDNN version you want to use. [Leave empty to default to cuDNN 7.0]: 5.1.5


Please specify the location where cuDNN 5.1.5 library is installed. Refer to README.md for more details. [Default is /usr/local/cuda]:/usr/local/cuda-8.0/lib64/


Please specify a list of comma-separated Cuda compute capabilities you want to build with.
You can find the compute capability of your device at: https://developer.nvidia.com/cuda-gpus.
Please note that each additional compute capability significantly increases your build time and binary size. [Default is: 6.1,6.1]


Do you want to use clang as CUDA compiler? [y/N]: 
nvcc will be used as CUDA compiler.

Please specify which gcc should be used by nvcc as the host compiler. [Default is /usr/bin/gcc]: 


Do you wish to build TensorFlow with MPI support? [y/N]: 
No MPI support will be enabled for TensorFlow.

Please specify optimization flags to use during compilation when bazel option "--config=opt" is specified [Default is -march=native]: 


Would you like to interactively configure ./WORKSPACE for Android builds? [y/N]: 
Not configuring the WORKSPACE for Android builds.

Preconfigured Bazel build configs. You can use any of the below by adding "--config=<>" to your build command. See tools/bazel.rc for more details.
	--config=mkl         	# Build with MKL support.
	--config=monolithic  	# Config for mostly static monolithic build.
Configuration finished

ydwu@aries:~/framework/tensorflow22/tensorflow$ 