
pip uninstall tensorflow 
bazel clean
./configure (/home/ydwu/anaconda2/lib/python2.7/site-packages)
bazel build --config=opt  //tensorflow/tools/pip_package:build_pip_package
# bazel build --config=opt --config=cuda //tensorflow/tools/pip_package:build_pip_package

bazel-bin/tensorflow/tools/pip_package/build_pip_package /tmp/tensorflow_pkg
pip install /tmp/tensorflow_pkg/
#pip install /tmp/tensorflow_pkg/tensorflow-1xxxxxxx.whl
#pip install /tmp/tensorflow_pkg/tensorflow-1.5.0rc1-cp27-cp27mu-linux_x86_64.whl 



bazel build --config=opt tensorflow/core/kernels:conv_ops
bazel build tensorflow/examples/label_image:label_image
bazel build tensorflow/tools/quantization:quantize_graph
bazel build tensorflow/contrib/quantize/python:

bazel build tensorflow/tools/graph_transforms:transform_graph

(1)
bazel build tensorflow/contrib/quantize/python:quantize_graph
or
bazel build tensorflow/tools/quantization:quantize_graph

(2)
bazel build tensorflow/examples/label_image:label_image

(3)
bazel build tensorflow/tools/graph_transforms:summarize_graph

(4)
bazel build --config=opt tensorflow/core/kernels:conv_ops

origine tf----
CUDA Version:8.0.44
cudnn:5.1.5
tf.__version__:1.2.1

