MobileNet/conv_ds_2/pointwise_conv/BatchNorm_Fold/bias/_25__cf__25
MobileNet/conv_ds_2/pointwise_conv/add_fold_eightbit/MobileNet/conv_ds_2/pointwise_conv/BatchNorm_Fold/bias/_25__cf__25/reshape_dims
MobileNet/conv_ds_2/pointwise_conv/add_fold_eightbit/MobileNet/conv_ds_2/pointwise_conv/BatchNorm_Fold/bias/_25__cf__25/reduction_dims
MobileNet/conv_ds_14/pointwise_conv/weights_quant/FakeQuantWithMinMaxVars/_22__cf__22_quantized_min
MobileNet/conv_ds_12/pointwise_conv/weights_quant/FakeQuantWithMinMaxVars/_14__cf__14_quantized_min
MobileNet/conv_ds_3/pointwise_conv/weights_quant/FakeQuantWithMinMaxVars/_30__cf__30_quantized_min
MobileNet/conv_ds_11/depthwise_conv/weights_quant/FakeQuantWithMinMaxVars/_8__cf__8_quantized_const
MobileNet/conv_ds_14/pointwise_conv/BatchNorm_Fold/bias/_21__cf__21_quantized_max
MobileNet/conv_ds_7/depthwise_conv/BatchNorm_Fold/bias/_43__cf__43
MobileNet/conv_ds_7/depthwise_conv/add_fold_eightbit/MobileNet/conv_ds_7/depthwise_conv/BatchNorm_Fold/bias/_43__cf__43/reshape_dims
MobileNet/conv_ds_7/depthwise_conv/add_fold_eightbit/MobileNet/conv_ds_7/depthwise_conv/BatchNorm_Fold/bias/_43__cf__43/reduction_dims
MobileNet/conv_ds_2/pointwise_conv/weights_quant/FakeQuantWithMinMaxVars/_26__cf__26_quantized_min
MobileNet/conv_ds_6/depthwise_conv/act_quant/min
MobileNet/conv_ds_12/pointwise_conv/act_quant/min
MobileNet/conv_ds_5/pointwise_conv/act_quant/min
MobileNet/conv_ds_7/pointwise_conv/act_quant/max
Bottleneck/BatchNorm/Reshape/shape
MobileNet/conv_ds_13/pointwise_conv/BatchNorm_Fold/bias/_17__cf__17_quantized_const
MobileNet/conv_ds_9/depthwise_conv/weights_quant/FakeQuantWithMinMaxVars/_52__cf__52_quantized_max
MobileNet/conv_ds_10/pointwise_conv/weights_quant/FakeQuantWithMinMaxVars/_6__cf__6_quantized_min
MobileNet/conv_ds_4/pointwise_conv/act_quant/max
MobileNet/conv_ds_10/depthwise_conv/weights_quant/FakeQuantWithMinMaxVars/_4__cf__4_quantized_const
MobileNet/conv_ds_12/depthwise_conv/weights_quant/FakeQuantWithMinMaxVars/_12__cf__12_quantized_max
MobileNet/conv_ds_9/pointwise_conv/act_quant/min
MobileNet/conv_ds_3/pointwise_conv/BatchNorm_Fold/bias/_29__cf__29
MobileNet/conv_ds_3/pointwise_conv/add_fold_eightbit/MobileNet/conv_ds_3/pointwise_conv/BatchNorm_Fold/bias/_29__cf__29/reshape_dims
MobileNet/conv_ds_3/pointwise_conv/add_fold_eightbit/MobileNet/conv_ds_3/pointwise_conv/BatchNorm_Fold/bias/_29__cf__29/reduction_dims
MobileNet/conv_ds_7/pointwise_conv/weights_quant/FakeQuantWithMinMaxVars/_46__cf__46_quantized_min
MobileNet/conv_ds_6/pointwise_conv/act_quant/max
Bottleneck/weights_quant/min
Bottleneck/weights_quantized_const
MobileNet/conv_ds_14/depthwise_conv/act_quant/max
MobileNet/conv_ds_11/pointwise_conv/act_quant/max
MobileNet/conv_ds_4/depthwise_conv/weights_quant/FakeQuantWithMinMaxVars/_32__cf__32_quantized_const
MobileNet/conv_ds_6/pointwise_conv/weights_quant/FakeQuantWithMinMaxVars/_42__cf__42_quantized_max
MobileNet/conv_ds_10/depthwise_conv/act_quant/min
MobileNet/conv_ds_3/depthwise_conv/act_quant/min
MobileNet/conv_ds_3/depthwise_conv/act_quant/max
MobileNet/conv_ds_9/pointwise_conv/act_quant/max
MobileNet/conv_ds_13/depthwise_conv/act_quant/min
MobileNet/conv_ds_4/depthwise_conv/BatchNorm_Fold/bias/_31__cf__31
MobileNet/conv_ds_4/depthwise_conv/add_fold_eightbit/MobileNet/conv_ds_4/depthwise_conv/BatchNorm_Fold/bias/_31__cf__31/reduction_dims
MobileNet/conv_ds_4/depthwise_conv/add_fold_eightbit/MobileNet/conv_ds_4/depthwise_conv/BatchNorm_Fold/bias/_31__cf__31/reshape_dims
MobileNet/conv_ds_2/depthwise_conv/BatchNorm_Fold/bias/_23__cf__23
MobileNet/conv_ds_2/depthwise_conv/add_fold_eightbit/MobileNet/conv_ds_2/depthwise_conv/BatchNorm_Fold/bias/_23__cf__23/reshape_dims
MobileNet/conv_ds_2/depthwise_conv/add_fold_eightbit/MobileNet/conv_ds_2/depthwise_conv/BatchNorm_Fold/bias/_23__cf__23/reduction_dims
MobileNet/conv_ds_14/depthwise_conv/weights_quant/FakeQuantWithMinMaxVars/_20__cf__20_quantized_max
MobileNet/conv_ds_8/pointwise_conv/act_quant/max
MobileNet/conv_ds_14/pointwise_conv/act_quant/min
MobileNet/conv_ds_13/depthwise_conv/weights_quant/FakeQuantWithMinMaxVars/_16__cf__16_quantized_const
MobileNet/conv_ds_9/depthwise_conv/weights_quant/FakeQuantWithMinMaxVars/_52__cf__52_quantized_min
MobileNet/conv_ds_13/pointwise_conv/weights_quant/FakeQuantWithMinMaxVars/_18__cf__18_quantized_max
MobileNet/conv_ds_14/pointwise_conv/BatchNorm_Fold/bias/_21__cf__21_quantized_min
MobileNet/conv_ds_11/pointwise_conv/weights_quant/FakeQuantWithMinMaxVars/_10__cf__10_quantized_min
MobileNet/conv_ds_11/depthwise_conv/act_quant/min
MobileNet/conv_ds_10/pointwise_conv/act_quant/max
MobileNet/conv_ds_8/depthwise_conv/act_quant/max
MobileNet/conv_ds_14/depthwise_conv/BatchNorm_Fold/bias/_19__cf__19_quantized_max
MobileNet/conv_ds_12/pointwise_conv/BatchNorm_Fold/bias/_13__cf__13
MobileNet/conv_ds_12/pointwise_conv/add_fold_eightbit/MobileNet/conv_ds_12/pointwise_conv/BatchNorm_Fold/bias/_13__cf__13/reduction_dims
MobileNet/conv_ds_12/pointwise_conv/add_fold_eightbit/MobileNet/conv_ds_12/pointwise_conv/BatchNorm_Fold/bias/_13__cf__13/reshape_dims
MobileNet/conv_ds_7/depthwise_conv/weights_quant/FakeQuantWithMinMaxVars/_44__cf__44_quantized_min
MobileNet/conv_ds_12/depthwise_conv/weights_quant/FakeQuantWithMinMaxVars/_12__cf__12_quantized_const
MobileNet/conv_ds_5/depthwise_conv/weights_quant/FakeQuantWithMinMaxVars/_36__cf__36_quantized_const
MobileNet/conv_ds_6/depthwise_conv/act_quant/max
MobileNet/conv_ds_5/pointwise_conv/BatchNorm_Fold/bias/_37__cf__37
MobileNet/conv_ds_5/pointwise_conv/add_fold_eightbit/MobileNet/conv_ds_5/pointwise_conv/BatchNorm_Fold/bias/_37__cf__37/reshape_dims
MobileNet/conv_ds_5/pointwise_conv/add_fold_eightbit/MobileNet/conv_ds_5/pointwise_conv/BatchNorm_Fold/bias/_37__cf__37/reduction_dims
MobileNet/conv_ds_9/pointwise_conv/weights_quant/FakeQuantWithMinMaxVars/_54__cf__54_quantized_const
Bottleneck/weights_quantized_max
MobileNet/conv_ds_6/pointwise_conv/act_quant/min
MobileNet/conv_ds_3/pointwise_conv/weights_quant/FakeQuantWithMinMaxVars/_30__cf__30_quantized_max
MobileNet/conv_ds_14/pointwise_conv/act_quant/max
MobileNet/conv_ds_14/depthwise_conv/weights_quant/FakeQuantWithMinMaxVars/_20__cf__20_quantized_const
MobileNet/conv_ds_4/pointwise_conv/weights_quant/FakeQuantWithMinMaxVars/_34__cf__34_quantized_max
MobileNet/conv_ds_3/pointwise_conv/act_quant/max
MobileNet/conv_ds_7/depthwise_conv/weights_quant/FakeQuantWithMinMaxVars/_44__cf__44_quantized_const
Bottleneck/weights_quant/max
MobileNet/conv_ds_2/depthwise_conv/weights_quant/FakeQuantWithMinMaxVars/_24__cf__24
MobileNet/conv_ds_2/pointwise_conv/act_quant/max
MobileNet/conv_ds_10/depthwise_conv/BatchNorm_Fold/bias/_3__cf__3
MobileNet/conv_ds_10/depthwise_conv/add_fold_eightbit/MobileNet/conv_ds_10/depthwise_conv/BatchNorm_Fold/bias/_3__cf__3/reshape_dims
MobileNet/conv_ds_10/depthwise_conv/add_fold_eightbit/MobileNet/conv_ds_10/depthwise_conv/BatchNorm_Fold/bias/_3__cf__3/reduction_dims
MobileNet/conv_ds_13/pointwise_conv/act_quant/min
MobileNet/conv_ds_8/depthwise_conv/BatchNorm_Fold/bias/_47__cf__47
MobileNet/conv_ds_8/depthwise_conv/add_fold_eightbit/MobileNet/conv_ds_8/depthwise_conv/BatchNorm_Fold/bias/_47__cf__47/reduction_dims
MobileNet/conv_ds_8/depthwise_conv/add_fold_eightbit/MobileNet/conv_ds_8/depthwise_conv/BatchNorm_Fold/bias/_47__cf__47/reshape_dims
MobileNet/conv_ds_6/depthwise_conv/weights_quant/FakeQuantWithMinMaxVars/_40__cf__40_quantized_max
MobileNet/conv_ds_5/depthwise_conv/act_quant/max
MobileNet/conv_ds_9/pointwise_conv/weights_quant/FakeQuantWithMinMaxVars/_54__cf__54_quantized_min
Bottleneck/BatchNorm/beta
MobileNet/conv_ds_8/pointwise_conv/act_quant/min
MobileNet/conv_ds_11/pointwise_conv/weights_quant/FakeQuantWithMinMaxVars/_10__cf__10_quantized_const
MobileNet/conv_ds_13/depthwise_conv/BatchNorm_Fold/bias/_15__cf__15
MobileNet/conv_ds_13/depthwise_conv/add_fold_eightbit/MobileNet/conv_ds_13/depthwise_conv/BatchNorm_Fold/bias/_15__cf__15/reshape_dims
MobileNet/conv_ds_13/depthwise_conv/add_fold_eightbit/MobileNet/conv_ds_13/depthwise_conv/BatchNorm_Fold/bias/_15__cf__15/reduction_dims
MobileNet/conv_ds_9/pointwise_conv/weights_quant/FakeQuantWithMinMaxVars/_54__cf__54_quantized_max
MobileNet/conv_ds_2/pointwise_conv/act_quant/min
embeddings/Sum/reduction_indices
MobileNet/conv_ds_13/pointwise_conv/act_quant/max
Bottleneck/weights_quantized_min
MobileNet/conv_ds_7/pointwise_conv/act_quant/min
MobileNet/conv_ds_13/pointwise_conv/weights_quant/FakeQuantWithMinMaxVars/_18__cf__18_quantized_const
MobileNet/conv_ds_8/depthwise_conv/weights_quant/FakeQuantWithMinMaxVars/_48__cf__48_quantized_max
MobileNet/conv_ds_12/depthwise_conv/act_quant/max
MobileNet/conv_ds_5/depthwise_conv/weights_quant/FakeQuantWithMinMaxVars/_36__cf__36_quantized_max
MobileNet/conv_ds_3/depthwise_conv/weights_quant/FakeQuantWithMinMaxVars/_28__cf__28
MobileNet/conv_ds_4/depthwise_conv/weights_quant/FakeQuantWithMinMaxVars/_32__cf__32_quantized_min
Bottleneck/BatchNorm_Fold/add/y
Bottleneck/BatchNorm_Fold/add_eightbit/Bottleneck/BatchNorm_Fold/add/y/reshape_dims
Bottleneck/BatchNorm_Fold/add_eightbit/Bottleneck/BatchNorm_Fold/add/y/reduction_dims
MobileNet/conv_1/act_quant/min
MobileNet/conv_ds_13/pointwise_conv/weights_quant/FakeQuantWithMinMaxVars/_18__cf__18_quantized_min
MobileNet/conv_ds_3/pointwise_conv/act_quant/min
MobileNet/conv_ds_12/depthwise_conv/weights_quant/FakeQuantWithMinMaxVars/_12__cf__12_quantized_min
MobileNet/conv_ds_11/depthwise_conv/weights_quant/FakeQuantWithMinMaxVars/_8__cf__8_quantized_min
MobileNet/conv_ds_12/pointwise_conv/act_quant/max
MobileNet/conv_ds_14/depthwise_conv/weights_quant/FakeQuantWithMinMaxVars/_20__cf__20_quantized_min
MobileNet/conv_ds_14/depthwise_conv/BatchNorm_Fold/bias/_19__cf__19_quantized_min
Bottleneck/BatchNorm/sub/y
MobileNet/conv_ds_11/depthwise_conv/BatchNorm_Fold/bias/_7__cf__7
MobileNet/conv_ds_11/depthwise_conv/add_fold_eightbit/MobileNet/conv_ds_11/depthwise_conv/BatchNorm_Fold/bias/_7__cf__7/reshape_dims
MobileNet/conv_ds_11/depthwise_conv/add_fold_eightbit/MobileNet/conv_ds_11/depthwise_conv/BatchNorm_Fold/bias/_7__cf__7/reduction_dims
MobileNet/conv_1/act_quant/max
MobileNet/conv_ds_4/pointwise_conv/BatchNorm_Fold/bias/_33__cf__33
MobileNet/conv_ds_4/pointwise_conv/add_fold_eightbit/MobileNet/conv_ds_4/pointwise_conv/BatchNorm_Fold/bias/_33__cf__33/reduction_dims
MobileNet/conv_ds_4/pointwise_conv/add_fold_eightbit/MobileNet/conv_ds_4/pointwise_conv/BatchNorm_Fold/bias/_33__cf__33/reshape_dims
MobileNet/conv_ds_6/pointwise_conv/weights_quant/FakeQuantWithMinMaxVars/_42__cf__42_quantized_const
MobileNet/conv_ds_11/depthwise_conv/weights_quant/FakeQuantWithMinMaxVars/_8__cf__8_quantized_max
MobileNet/conv_ds_10/depthwise_conv/act_quant/max
MobileNet/conv_ds_13/pointwise_conv/BatchNorm_Fold/bias/_17__cf__17_quantized_max
MobileNet/conv_ds_8/depthwise_conv/weights_quant/FakeQuantWithMinMaxVars/_48__cf__48_quantized_min
MobileNet/conv_ds_10/depthwise_conv/weights_quant/FakeQuantWithMinMaxVars/_4__cf__4_quantized_max
MobileNet/conv_ds_4/pointwise_conv/weights_quant/FakeQuantWithMinMaxVars/_34__cf__34_quantized_const
MobileNet/conv_ds_9/pointwise_conv/BatchNorm_Fold/bias/_53__cf__53
MobileNet/conv_ds_9/pointwise_conv/add_fold_eightbit/MobileNet/conv_ds_9/pointwise_conv/BatchNorm_Fold/bias/_53__cf__53/reduction_dims
MobileNet/conv_ds_9/pointwise_conv/add_fold_eightbit/MobileNet/conv_ds_9/pointwise_conv/BatchNorm_Fold/bias/_53__cf__53/reshape_dims
MobileNet/conv_ds_7/pointwise_conv/weights_quant/FakeQuantWithMinMaxVars/_46__cf__46_quantized_const
MobileNet/conv_ds_2/pointwise_conv/weights_quant/FakeQuantWithMinMaxVars/_26__cf__26_quantized_const
MobileNet/conv_ds_5/pointwise_conv/act_quant/max
MobileNet/conv_ds_8/pointwise_conv/weights_quant/FakeQuantWithMinMaxVars/_50__cf__50_quantized_min
MobileNet/conv_ds_12/pointwise_conv/weights_quant/FakeQuantWithMinMaxVars/_14__cf__14_quantized_max
Bottleneck/BatchNorm/Const_2
MobileNet/conv_ds_5/pointwise_conv/weights_quant/FakeQuantWithMinMaxVars/_38__cf__38_quantized_max
MobileNet/conv_ds_8/depthwise_conv/act_quant/min
MobileNet/conv_ds_10/pointwise_conv/weights_quant/FakeQuantWithMinMaxVars/_6__cf__6_quantized_const
MobileNet/conv_ds_13/depthwise_conv/weights_quant/FakeQuantWithMinMaxVars/_16__cf__16_quantized_max
MobileNet/conv_ds_3/depthwise_conv/BatchNorm_Fold/bias/_27__cf__27
MobileNet/conv_ds_3/depthwise_conv/add_fold_eightbit/MobileNet/conv_ds_3/depthwise_conv/BatchNorm_Fold/bias/_27__cf__27/reshape_dims
MobileNet/conv_ds_3/depthwise_conv/add_fold_eightbit/MobileNet/conv_ds_3/depthwise_conv/BatchNorm_Fold/bias/_27__cf__27/reduction_dims
MobileNet/conv_ds_6/pointwise_conv/BatchNorm_Fold/bias/_41__cf__41
MobileNet/conv_ds_6/pointwise_conv/add_fold_eightbit/MobileNet/conv_ds_6/pointwise_conv/BatchNorm_Fold/bias/_41__cf__41/reshape_dims
MobileNet/conv_ds_6/pointwise_conv/add_fold_eightbit/MobileNet/conv_ds_6/pointwise_conv/BatchNorm_Fold/bias/_41__cf__41/reduction_dims
MobileNet/conv_ds_14/pointwise_conv/weights_quant/FakeQuantWithMinMaxVars/_22__cf__22_quantized_const
MobileNet/conv_ds_8/pointwise_conv/weights_quant/FakeQuantWithMinMaxVars/_50__cf__50_quantized_max
MobileNet/conv_ds_7/depthwise_conv/weights_quant/FakeQuantWithMinMaxVars/_44__cf__44_quantized_max
MobileNet/conv_ds_8/pointwise_conv/weights_quant/FakeQuantWithMinMaxVars/_50__cf__50_quantized_const
MobileNet/conv_ds_4/depthwise_conv/act_quant/min
Reshape/shape
MobileNet/conv_ds_8/depthwise_conv/weights_quant/FakeQuantWithMinMaxVars/_48__cf__48_quantized_const
MobileNet/conv_ds_7/depthwise_conv/act_quant/min
MobileNet/conv_ds_11/pointwise_conv/weights_quant/FakeQuantWithMinMaxVars/_10__cf__10_quantized_max
MobileNet/conv_ds_10/pointwise_conv/act_quant/min
MobileNet/conv_ds_6/depthwise_conv/BatchNorm_Fold/bias/_39__cf__39
MobileNet/conv_ds_6/depthwise_conv/add_fold_eightbit/MobileNet/conv_ds_6/depthwise_conv/BatchNorm_Fold/bias/_39__cf__39/reshape_dims
MobileNet/conv_ds_6/depthwise_conv/add_fold_eightbit/MobileNet/conv_ds_6/depthwise_conv/BatchNorm_Fold/bias/_39__cf__39/reduction_dims
MobileNet/conv_ds_6/pointwise_conv/weights_quant/FakeQuantWithMinMaxVars/_42__cf__42_quantized_min
MobileNet/conv_ds_7/pointwise_conv/weights_quant/FakeQuantWithMinMaxVars/_46__cf__46_quantized_max
MobileNet/conv_ds_2/depthwise_conv/act_quant/max
MobileNet/conv_ds_4/depthwise_conv/act_quant/max
MobileNet/conv_ds_6/depthwise_conv/weights_quant/FakeQuantWithMinMaxVars/_40__cf__40_quantized_const
MobileNet/conv_ds_14/pointwise_conv/BatchNorm_Fold/bias/_21__cf__21_quantized_const
MobileNet/conv_ds_8/pointwise_conv/BatchNorm_Fold/bias/_49__cf__49
MobileNet/conv_ds_8/pointwise_conv/add_fold_eightbit/MobileNet/conv_ds_8/pointwise_conv/BatchNorm_Fold/bias/_49__cf__49/reshape_dims
MobileNet/conv_ds_8/pointwise_conv/add_fold_eightbit/MobileNet/conv_ds_8/pointwise_conv/BatchNorm_Fold/bias/_49__cf__49/reduction_dims
MobileNet/conv_ds_9/depthwise_conv/BatchNorm_Fold/bias/_51__cf__51
MobileNet/conv_ds_9/depthwise_conv/add_fold_eightbit/MobileNet/conv_ds_9/depthwise_conv/BatchNorm_Fold/bias/_51__cf__51/reshape_dims
MobileNet/conv_ds_9/depthwise_conv/add_fold_eightbit/MobileNet/conv_ds_9/depthwise_conv/BatchNorm_Fold/bias/_51__cf__51/reduction_dims
MobileNet/conv_ds_5/depthwise_conv/act_quant/min
MobileNet/conv_ds_11/pointwise_conv/BatchNorm_Fold/bias/_9__cf__9
MobileNet/conv_ds_11/pointwise_conv/add_fold_eightbit/MobileNet/conv_ds_11/pointwise_conv/BatchNorm_Fold/bias/_9__cf__9/reshape_dims
MobileNet/conv_ds_11/pointwise_conv/add_fold_eightbit/MobileNet/conv_ds_11/pointwise_conv/BatchNorm_Fold/bias/_9__cf__9/reduction_dims
MobileNet/conv_ds_13/pointwise_conv/BatchNorm_Fold/bias/_17__cf__17_quantized_min
MobileNet/conv_ds_14/depthwise_conv/act_quant/min
MobileNet/conv_ds_2/depthwise_conv/act_quant/min
MobileNet/conv_ds_13/depthwise_conv/act_quant/max
MobileNet/conv_ds_7/depthwise_conv/act_quant/max
MobileNet/conv_ds_10/pointwise_conv/BatchNorm_Fold/bias/_5__cf__5
MobileNet/conv_ds_10/pointwise_conv/add_fold_eightbit/MobileNet/conv_ds_10/pointwise_conv/BatchNorm_Fold/bias/_5__cf__5/reshape_dims
MobileNet/conv_ds_10/pointwise_conv/add_fold_eightbit/MobileNet/conv_ds_10/pointwise_conv/BatchNorm_Fold/bias/_5__cf__5/reduction_dims
MobileNet/conv_ds_14/depthwise_conv/BatchNorm_Fold/bias/_19__cf__19_quantized_const
MobileNet/conv_ds_3/pointwise_conv/weights_quant/FakeQuantWithMinMaxVars/_30__cf__30_quantized_const
MobileNet/conv_ds_6/depthwise_conv/weights_quant/FakeQuantWithMinMaxVars/_40__cf__40_quantized_min
MobileNet/conv_ds_13/depthwise_conv/weights_quant/FakeQuantWithMinMaxVars/_16__cf__16_quantized_min
MobileNet/conv_ds_12/depthwise_conv/act_quant/min
MobileNet/conv_ds_11/pointwise_conv/act_quant/min
MobileNet/conv_ds_10/pointwise_conv/weights_quant/FakeQuantWithMinMaxVars/_6__cf__6_quantized_max
MobileNet/conv_ds_14/pointwise_conv/weights_quant/FakeQuantWithMinMaxVars/_22__cf__22_quantized_max
MobileNet/conv_ds_9/depthwise_conv/weights_quant/FakeQuantWithMinMaxVars/_52__cf__52_quantized_const
MobileNet/conv_ds_4/pointwise_conv/act_quant/min
MobileNet/conv_ds_11/depthwise_conv/act_quant/max
MobileNet/conv_ds_5/pointwise_conv/weights_quant/FakeQuantWithMinMaxVars/_38__cf__38_quantized_const
MobileNet/conv_ds_10/depthwise_conv/weights_quant/FakeQuantWithMinMaxVars/_4__cf__4_quantized_min
MobileNet/conv_ds_4/depthwise_conv/weights_quant/FakeQuantWithMinMaxVars/_32__cf__32_quantized_max
MobileNet/conv_ds_9/depthwise_conv/act_quant/max
MobileNet/conv_ds_12/depthwise_conv/BatchNorm_Fold/bias/_11__cf__11
MobileNet/conv_ds_12/depthwise_conv/add_fold_eightbit/MobileNet/conv_ds_12/depthwise_conv/BatchNorm_Fold/bias/_11__cf__11/reduction_dims
MobileNet/conv_ds_12/depthwise_conv/add_fold_eightbit/MobileNet/conv_ds_12/depthwise_conv/BatchNorm_Fold/bias/_11__cf__11/reshape_dims
MobileNet/conv_1/Conv2D_Fold_eightbit/Placeholder__port__0/reshape_dims
MobileNet/conv_1/Conv2D_Fold_eightbit/Placeholder__port__0/reduction_dims
MobileNet/conv_ds_2/pointwise_conv/weights_quant/FakeQuantWithMinMaxVars/_26__cf__26_quantized_max
MobileNet/conv_ds_7/pointwise_conv/BatchNorm_Fold/bias/_45__cf__45
MobileNet/conv_ds_7/pointwise_conv/add_fold_eightbit/MobileNet/conv_ds_7/pointwise_conv/BatchNorm_Fold/bias/_45__cf__45/reduction_dims
MobileNet/conv_ds_7/pointwise_conv/add_fold_eightbit/MobileNet/conv_ds_7/pointwise_conv/BatchNorm_Fold/bias/_45__cf__45/reshape_dims
MobileNet/conv_ds_9/depthwise_conv/act_quant/min
MobileNet/conv_1/weights_quant/FakeQuantWithMinMaxVars/_2__cf__2
MobileNet/conv_1/Conv2D_Fold_eightbit/MobileNet/conv_1/weights_quant/FakeQuantWithMinMaxVars/_2__cf__2/reduction_dims
MobileNet/conv_1/Conv2D_Fold_eightbit/MobileNet/conv_1/weights_quant/FakeQuantWithMinMaxVars/_2__cf__2/reshape_dims
Bottleneck/BatchNorm/truediv/Cast_1/_0__cf__0
MobileNet/conv_ds_5/depthwise_conv/BatchNorm_Fold/bias/_35__cf__35
MobileNet/conv_ds_5/depthwise_conv/add_fold_eightbit/MobileNet/conv_ds_5/depthwise_conv/BatchNorm_Fold/bias/_35__cf__35/reduction_dims
MobileNet/conv_ds_5/depthwise_conv/add_fold_eightbit/MobileNet/conv_ds_5/depthwise_conv/BatchNorm_Fold/bias/_35__cf__35/reshape_dims
MobileNet/conv_1/BatchNorm_Fold/bias/_1__cf__1
MobileNet/conv_1/add_fold_eightbit/MobileNet/conv_1/BatchNorm_Fold/bias/_1__cf__1/reshape_dims
MobileNet/conv_1/add_fold_eightbit/MobileNet/conv_1/BatchNorm_Fold/bias/_1__cf__1/reduction_dims
MobileNet/conv_ds_2/depthwise_conv/add_fold_eightbit/MobileNet/conv_ds_2/depthwise_conv/depthwise_Fold/reduction_dims
MobileNet/conv_ds_2/depthwise_conv/add_fold_eightbit/MobileNet/conv_ds_2/depthwise_conv/depthwise_Fold/reshape_dims
MobileNet/conv_ds_3/depthwise_conv/add_fold_eightbit/MobileNet/conv_ds_3/depthwise_conv/depthwise_Fold/reshape_dims
MobileNet/conv_ds_3/depthwise_conv/add_fold_eightbit/MobileNet/conv_ds_3/depthwise_conv/depthwise_Fold/reduction_dims
MobileNet/conv_ds_4/depthwise_conv/add_fold_eightbit/MobileNet/conv_ds_4/depthwise_conv/depthwise_Fold/reshape_dims
MobileNet/conv_ds_4/depthwise_conv/add_fold_eightbit/MobileNet/conv_ds_4/depthwise_conv/depthwise_Fold/reduction_dims
MobileNet/conv_ds_5/depthwise_conv/weights_quant/FakeQuantWithMinMaxVars/_36__cf__36_quantized_min
embeddings/Maximum/y
MobileNet/conv_ds_5/pointwise_conv/weights_quant/FakeQuantWithMinMaxVars/_38__cf__38_quantized_min
Bottleneck/BatchNorm/Const
Bottleneck/BatchNorm_Fold/mul_eightbit/Bottleneck/BatchNorm/Const/reduction_dims
Bottleneck/BatchNorm_Fold/mul_eightbit/Bottleneck/BatchNorm/Const/reshape_dims
MobileNet/conv_ds_4/pointwise_conv/weights_quant/FakeQuantWithMinMaxVars/_34__cf__34_quantized_min
MobileNet/conv_ds_5/depthwise_conv/add_fold_eightbit/MobileNet/conv_ds_5/depthwise_conv/depthwise_Fold/reshape_dims
MobileNet/conv_ds_5/depthwise_conv/add_fold_eightbit/MobileNet/conv_ds_5/depthwise_conv/depthwise_Fold/reduction_dims
MobileNet/conv_ds_6/depthwise_conv/add_fold_eightbit/MobileNet/conv_ds_6/depthwise_conv/depthwise_Fold/reduction_dims
MobileNet/conv_ds_6/depthwise_conv/add_fold_eightbit/MobileNet/conv_ds_6/depthwise_conv/depthwise_Fold/reshape_dims
MobileNet/conv_ds_7/depthwise_conv/add_fold_eightbit/MobileNet/conv_ds_7/depthwise_conv/depthwise_Fold/reshape_dims
MobileNet/conv_ds_7/depthwise_conv/add_fold_eightbit/MobileNet/conv_ds_7/depthwise_conv/depthwise_Fold/reduction_dims
MobileNet/conv_ds_8/depthwise_conv/add_fold_eightbit/MobileNet/conv_ds_8/depthwise_conv/depthwise_Fold/reduction_dims
MobileNet/conv_ds_8/depthwise_conv/add_fold_eightbit/MobileNet/conv_ds_8/depthwise_conv/depthwise_Fold/reshape_dims
MobileNet/conv_ds_9/depthwise_conv/add_fold_eightbit/MobileNet/conv_ds_9/depthwise_conv/depthwise_Fold/reshape_dims
MobileNet/conv_ds_9/depthwise_conv/add_fold_eightbit/MobileNet/conv_ds_9/depthwise_conv/depthwise_Fold/reduction_dims
MobileNet/conv_ds_10/depthwise_conv/add_fold_eightbit/MobileNet/conv_ds_10/depthwise_conv/depthwise_Fold/reduction_dims
MobileNet/conv_ds_10/depthwise_conv/add_fold_eightbit/MobileNet/conv_ds_10/depthwise_conv/depthwise_Fold/reshape_dims
MobileNet/conv_ds_11/depthwise_conv/add_fold_eightbit/MobileNet/conv_ds_11/depthwise_conv/depthwise_Fold/reshape_dims
MobileNet/conv_ds_11/depthwise_conv/add_fold_eightbit/MobileNet/conv_ds_11/depthwise_conv/depthwise_Fold/reduction_dims
MobileNet/conv_ds_12/depthwise_conv/add_fold_eightbit/MobileNet/conv_ds_12/depthwise_conv/depthwise_Fold/reshape_dims
MobileNet/conv_ds_12/depthwise_conv/add_fold_eightbit/MobileNet/conv_ds_12/depthwise_conv/depthwise_Fold/reduction_dims
MobileNet/conv_ds_12/pointwise_conv/weights_quant/FakeQuantWithMinMaxVars/_14__cf__14_quantized_const
MobileNet/conv_ds_13/depthwise_conv/add_fold_eightbit/MobileNet/conv_ds_13/depthwise_conv/depthwise_Fold/reshape_dims
MobileNet/conv_ds_13/depthwise_conv/add_fold_eightbit/MobileNet/conv_ds_13/depthwise_conv/depthwise_Fold/reduction_dims
MobileNet/conv_ds_14/depthwise_conv/add_fold_eightbit/MobileNet/conv_ds_14/depthwise_conv/depthwise_Fold/reduction_dims
MobileNet/conv_ds_14/depthwise_conv/add_fold_eightbit/MobileNet/conv_ds_14/depthwise_conv/depthwise_Fold/reshape_dims
Bottleneck/MatMul_eightbit/logits/reshape_dims
Bottleneck/MatMul_eightbit/logits/reduction_dims
Bottleneck/BatchNorm/Undo_Bessel_Correction_eightbit/Bottleneck/BatchNorm/truediv_1/reduction_dims
Bottleneck/BatchNorm/Undo_Bessel_Correction_eightbit/Bottleneck/BatchNorm/truediv_1/reshape_dims
Bottleneck/BatchNorm/Undo_Bessel_Correction_eightbit/Bottleneck/BatchNorm/FusedBatchNorm__port__2/reduction_dims
Bottleneck/BatchNorm/Undo_Bessel_Correction_eightbit/Bottleneck/BatchNorm/FusedBatchNorm__port__2/reshape_dims
Bottleneck/BatchNorm_Fold/mul_eightbit/Bottleneck/BatchNorm_Fold/Rsqrt/reshape_dims
Bottleneck/BatchNorm_Fold/mul_eightbit/Bottleneck/BatchNorm_Fold/Rsqrt/reduction_dims
Bottleneck/add_fold_eightbit/Bottleneck/BatchNorm_Fold/bias/reshape_dims
Bottleneck/add_fold_eightbit/Bottleneck/BatchNorm_Fold/bias/reduction_dims
embeddings_eightbit/embeddings/Rsqrt/reduction_dims
embeddings_eightbit/embeddings/Rsqrt/reshape_dims
