
(tf-py2-quan) ydwu@aries:~/framework/tensorflow22/tensorflow$ bazel-bin/tensorflow/tools/graph_transforms/summarize_graph --in_graph=/home/ydwu/framework/tensorflow22/tensorflow/ydwu-learning_tf/quantized_platerec_model_graph_10928f2_opt_for_statistical_min_max.pb --print_structure=true

Found 1 possible inputs: (name=Placeholder, type=float(1), shape=None) 
No variables spotted.
Found 1 possible outputs: (name=ArgMax, op=ArgMax) 
Found 3819353 (3.82M) const parameters, 0 (0) variable parameters, and 0 control_edges
Op types used: 174 Const, 56 Requantize, 56 RequantizationRange, 28 QuantizedBiasAdd, 27 QuantizedRelu, 14 QuantizedConv2D, 13 QuantizedDepthwiseConv, 2 QuantizedReshape, 1 Max, 1 Min, 1 Placeholder, 1 QuantizeV2, 1 QuantizedAvgPool, 1 ArgMax, 1 QuantizedMatMul, 1 ExpandDims, 1 Dequantize, 1 Reshape
To use with tensorflow/tools/benchmark:benchmark_model try these arguments:
bazel run tensorflow/tools/benchmark:benchmark_model -- --graph=/home/ydwu/framework/tensorflow22/tensorflow/ydwu-learning_tf/quantized_platerec_model_graph_10928f2_opt_for_statistical_min_max.pb --show_flops --input_layer=Placeholder --input_layer_type=float --input_layer_shape= --output_layer=ArgMax


ArgMax/dimension (Const): [], value=Tensor<type: int32 shape: [] values: 2>
Reshape/shape (Const): [], value=Tensor<type: int32 shape: [3] values: -1 8 76>
MobileNet/fc_16/biases_max (Const): [], value=Tensor<type: float shape: [] values: 2.69512892>
MobileNet/fc_16/biases_min (Const): [], value=Tensor<type: float shape: [] values: -39.8455887>
MobileNet/fc_16/biases_quint8_const (Const): [], value=Tensor<type: quint8 shape: [608] values: 203 227 223...>
MobileNet/fc_16/weights_max (Const): [], value=Tensor<type: float shape: [] values: 38.2529678>
MobileNet/fc_16/weights_min (Const): [], value=Tensor<type: float shape: [] values: -151.19812>
MobileNet/fc_16/weights_quint8_const (Const): [], value=Tensor<type: quint8 shape: [1024,608] values: [201 199 201]...>
MobileNet/ReshapeModel/shape (Const): [], value=Tensor<type: int32 shape: [2] values: 1 1024>
MobileNet/conv_ds_14/pointwise_conv/biases_max (Const): [], value=Tensor<type: float shape: [] values: 2.38224769>
MobileNet/conv_ds_14/pointwise_conv/biases_min (Const): [], value=Tensor<type: float shape: [] values: -6.86111641>
MobileNet/conv_ds_14/pointwise_conv/biases_quint8_const (Const): [], value=Tensor<type: quint8 shape: [1024] values: 108 151 118...>
MobileNet/conv_ds_14/pointwise_conv/weights_max (Const): [], value=Tensor<type: float shape: [] values: 0.380409688>
MobileNet/conv_ds_14/pointwise_conv/weights_min (Const): [], value=Tensor<type: float shape: [] values: -0.344633251>
MobileNet/conv_ds_14/pointwise_conv/weights_quint8_const (Const): [], value=Tensor<type: quint8 shape: [1,1,1024,1024] values: [[[128 116 131]]]...>
MobileNet/conv_ds_14/depthwise_conv/biases_max (Const): [], value=Tensor<type: float shape: [] values: 5.07990551>
MobileNet/conv_ds_14/depthwise_conv/biases_min (Const): [], value=Tensor<type: float shape: [] values: -2.96607924>
MobileNet/conv_ds_14/depthwise_conv/biases_quint8_const (Const): [], value=Tensor<type: quint8 shape: [1024] values: 68 89 86...>
MobileNet/conv_ds_14/depthwise_conv/depthwise_weights_max (Const): [], value=Tensor<type: float shape: [] values: 11.0248518>
MobileNet/conv_ds_14/depthwise_conv/depthwise_weights_min (Const): [], value=Tensor<type: float shape: [] values: -4.44708776>
MobileNet/conv_ds_14/depthwise_conv/depthwise_weights_quint8_const (Const): [], value=Tensor<type: quint8 shape: [3,3,1024,1] values: [[[53][73][69]]]...>
MobileNet/conv_ds_13/pointwise_conv/biases_max (Const): [], value=Tensor<type: float shape: [] values: 4.61017752>
MobileNet/conv_ds_13/pointwise_conv/biases_min (Const): [], value=Tensor<type: float shape: [] values: -7.36205>
MobileNet/conv_ds_13/pointwise_conv/biases_quint8_const (Const): [], value=Tensor<type: quint8 shape: [1024] values: 113 127 155...>
MobileNet/conv_ds_13/pointwise_conv/weights_max (Const): [], value=Tensor<type: float shape: [] values: 0.413151383>
MobileNet/conv_ds_13/pointwise_conv/weights_min (Const): [], value=Tensor<type: float shape: [] values: -0.371190399>
MobileNet/conv_ds_13/pointwise_conv/weights_quint8_const (Const): [], value=Tensor<type: quint8 shape: [1,1,512,1024] values: [[[133 123 117]]]...>
MobileNet/conv_ds_13/depthwise_conv/biases_max (Const): [], value=Tensor<type: float shape: [] values: 3.88597775>
MobileNet/conv_ds_13/depthwise_conv/biases_min (Const): [], value=Tensor<type: float shape: [] values: -1.90251172>
MobileNet/conv_ds_13/depthwise_conv/biases_quint8_const (Const): [], value=Tensor<type: quint8 shape: [512] values: 114 68 49...>
MobileNet/conv_ds_13/depthwise_conv/depthwise_weights_max (Const): [], value=Tensor<type: float shape: [] values: 5.53756666>
MobileNet/conv_ds_13/depthwise_conv/depthwise_weights_min (Const): [], value=Tensor<type: float shape: [] values: -7.19089603>
MobileNet/conv_ds_13/depthwise_conv/depthwise_weights_quint8_const (Const): [], value=Tensor<type: quint8 shape: [3,3,512,1] values: [[[136][144][140]]]...>
MobileNet/conv_ds_12/pointwise_conv/biases_max (Const): [], value=Tensor<type: float shape: [] values: 2.29704523>
MobileNet/conv_ds_12/pointwise_conv/biases_min (Const): [], value=Tensor<type: float shape: [] values: -4.74412251>
MobileNet/conv_ds_12/pointwise_conv/biases_quint8_const (Const): [], value=Tensor<type: quint8 shape: [512] values: 138 155 176...>
MobileNet/conv_ds_12/pointwise_conv/weights_max (Const): [], value=Tensor<type: float shape: [] values: 0.376980662>
MobileNet/conv_ds_12/pointwise_conv/weights_min (Const): [], value=Tensor<type: float shape: [] values: -0.517463148>
MobileNet/conv_ds_12/pointwise_conv/weights_quint8_const (Const): [], value=Tensor<type: quint8 shape: [1,1,512,512] values: [[[140 140 163]]]...>
MobileNet/conv_ds_12/depthwise_conv/biases_max (Const): [], value=Tensor<type: float shape: [] values: 2.55405879>
MobileNet/conv_ds_12/depthwise_conv/biases_min (Const): [], value=Tensor<type: float shape: [] values: -2.34587741>
MobileNet/conv_ds_12/depthwise_conv/biases_quint8_const (Const): [], value=Tensor<type: quint8 shape: [512] values: 80 223 154...>
MobileNet/conv_ds_12/depthwise_conv/depthwise_weights_max (Const): [], value=Tensor<type: float shape: [] values: 4.28723097>
MobileNet/conv_ds_12/depthwise_conv/depthwise_weights_min (Const): [], value=Tensor<type: float shape: [] values: -2.96323442>
MobileNet/conv_ds_12/depthwise_conv/depthwise_weights_quint8_const (Const): [], value=Tensor<type: quint8 shape: [3,3,512,1] values: [[[103][101][111]]]...>
MobileNet/conv_ds_11/pointwise_conv/biases_max (Const): [], value=Tensor<type: float shape: [] values: 2.77968216>
MobileNet/conv_ds_11/pointwise_conv/biases_min (Const): [], value=Tensor<type: float shape: [] values: -3.22074819>
MobileNet/conv_ds_11/pointwise_conv/biases_quint8_const (Const): [], value=Tensor<type: quint8 shape: [512] values: 126 132 135...>
MobileNet/conv_ds_11/pointwise_conv/weights_max (Const): [], value=Tensor<type: float shape: [] values: 0.383319>
MobileNet/conv_ds_11/pointwise_conv/weights_min (Const): [], value=Tensor<type: float shape: [] values: -0.41233632>
MobileNet/conv_ds_11/pointwise_conv/weights_quint8_const (Const): [], value=Tensor<type: quint8 shape: [1,1,512,512] values: [[[128 135 132]]]...>
MobileNet/conv_ds_11/depthwise_conv/biases_max (Const): [], value=Tensor<type: float shape: [] values: 3.8791163>
MobileNet/conv_ds_11/depthwise_conv/biases_min (Const): [], value=Tensor<type: float shape: [] values: -2.32243872>
MobileNet/conv_ds_11/depthwise_conv/biases_quint8_const (Const): [], value=Tensor<type: quint8 shape: [512] values: 13 70 89...>
MobileNet/conv_ds_11/depthwise_conv/depthwise_weights_max (Const): [], value=Tensor<type: float shape: [] values: 3.39271283>
MobileNet/conv_ds_11/depthwise_conv/depthwise_weights_min (Const): [], value=Tensor<type: float shape: [] values: -2.40136504>
MobileNet/conv_ds_11/depthwise_conv/depthwise_weights_quint8_const (Const): [], value=Tensor<type: quint8 shape: [3,3,512,1] values: [[[32][77][98]]]...>
MobileNet/conv_ds_10/pointwise_conv/biases_max (Const): [], value=Tensor<type: float shape: [] values: 2.05119753>
MobileNet/conv_ds_10/pointwise_conv/biases_min (Const): [], value=Tensor<type: float shape: [] values: -2.14189935>
MobileNet/conv_ds_10/pointwise_conv/biases_quint8_const (Const): [], value=Tensor<type: quint8 shape: [512] values: 90 103 170...>
MobileNet/conv_ds_10/pointwise_conv/weights_max (Const): [], value=Tensor<type: float shape: [] values: 0.394933701>
MobileNet/conv_ds_10/pointwise_conv/weights_min (Const): [], value=Tensor<type: float shape: [] values: -0.351965249>
MobileNet/conv_ds_10/pointwise_conv/weights_quint8_const (Const): [], value=Tensor<type: quint8 shape: [1,1,512,512] values: [[[134 138 109]]]...>
MobileNet/conv_ds_10/depthwise_conv/biases_max (Const): [], value=Tensor<type: float shape: [] values: 2.25324059>
MobileNet/conv_ds_10/depthwise_conv/biases_min (Const): [], value=Tensor<type: float shape: [] values: -2.1689043>
MobileNet/conv_ds_10/depthwise_conv/biases_quint8_const (Const): [], value=Tensor<type: quint8 shape: [512] values: 95 102 209...>
MobileNet/conv_ds_10/depthwise_conv/depthwise_weights_max (Const): [], value=Tensor<type: float shape: [] values: 3.03437519>
MobileNet/conv_ds_10/depthwise_conv/depthwise_weights_min (Const): [], value=Tensor<type: float shape: [] values: -3.12539768>
MobileNet/conv_ds_10/depthwise_conv/depthwise_weights_quint8_const (Const): [], value=Tensor<type: quint8 shape: [3,3,512,1] values: [[[104][128][112]]]...>
MobileNet/conv_ds_9/pointwise_conv/biases_max (Const): [], value=Tensor<type: float shape: [] values: 2.59761238>
MobileNet/conv_ds_9/pointwise_conv/biases_min (Const): [], value=Tensor<type: float shape: [] values: -2.90336919>
MobileNet/conv_ds_9/pointwise_conv/biases_quint8_const (Const): [], value=Tensor<type: quint8 shape: [512] values: 150 151 129...>
MobileNet/conv_ds_9/pointwise_conv/weights_max (Const): [], value=Tensor<type: float shape: [] values: 0.290436655>
MobileNet/conv_ds_9/pointwise_conv/weights_min (Const): [], value=Tensor<type: float shape: [] values: -0.273253053>
MobileNet/conv_ds_9/pointwise_conv/weights_quint8_const (Const): [], value=Tensor<type: quint8 shape: [1,1,512,512] values: [[[106 116 106]]]...>
MobileNet/conv_ds_9/depthwise_conv/biases_max (Const): [], value=Tensor<type: float shape: [] values: 2.94859219>
MobileNet/conv_ds_9/depthwise_conv/biases_min (Const): [], value=Tensor<type: float shape: [] values: -2.29807973>
MobileNet/conv_ds_9/depthwise_conv/biases_quint8_const (Const): [], value=Tensor<type: quint8 shape: [512] values: 78 72 146...>
MobileNet/conv_ds_9/depthwise_conv/depthwise_weights_max (Const): [], value=Tensor<type: float shape: [] values: 3.19830799>
MobileNet/conv_ds_9/depthwise_conv/depthwise_weights_min (Const): [], value=Tensor<type: float shape: [] values: -37.300972>
MobileNet/conv_ds_9/depthwise_conv/depthwise_weights_quint8_const (Const): [], value=Tensor<type: quint8 shape: [3,3,512,1] values: [[[236][235][243]]]...>
MobileNet/conv_ds_8/pointwise_conv/biases_max (Const): [], value=Tensor<type: float shape: [] values: 3.10588217>
MobileNet/conv_ds_8/pointwise_conv/biases_min (Const): [], value=Tensor<type: float shape: [] values: -2.230721>
MobileNet/conv_ds_8/pointwise_conv/biases_quint8_const (Const): [], value=Tensor<type: quint8 shape: [512] values: 79 56 113...>
MobileNet/conv_ds_8/pointwise_conv/weights_max (Const): [], value=Tensor<type: float shape: [] values: 0.284759134>
MobileNet/conv_ds_8/pointwise_conv/weights_min (Const): [], value=Tensor<type: float shape: [] values: -0.272433579>
MobileNet/conv_ds_8/pointwise_conv/weights_quint8_const (Const): [], value=Tensor<type: quint8 shape: [1,1,512,512] values: [[[133 123 113]]]...>
MobileNet/conv_ds_8/depthwise_conv/biases_max (Const): [], value=Tensor<type: float shape: [] values: 3.1884284>
MobileNet/conv_ds_8/depthwise_conv/biases_min (Const): [], value=Tensor<type: float shape: [] values: -2.16224074>
MobileNet/conv_ds_8/depthwise_conv/biases_quint8_const (Const): [], value=Tensor<type: quint8 shape: [512] values: 111 146 159...>
MobileNet/conv_ds_8/depthwise_conv/depthwise_weights_max (Const): [], value=Tensor<type: float shape: [] values: 3.23983359>
MobileNet/conv_ds_8/depthwise_conv/depthwise_weights_min (Const): [], value=Tensor<type: float shape: [] values: -3.09031272>
MobileNet/conv_ds_8/depthwise_conv/depthwise_weights_quint8_const (Const): [], value=Tensor<type: quint8 shape: [3,3,512,1] values: [[[119][101][107]]]...>
MobileNet/conv_ds_7/pointwise_conv/biases_max (Const): [], value=Tensor<type: float shape: [] values: 4.29223442>
MobileNet/conv_ds_7/pointwise_conv/biases_min (Const): [], value=Tensor<type: float shape: [] values: -4.36193466>
MobileNet/conv_ds_7/pointwise_conv/biases_quint8_const (Const): [], value=Tensor<type: quint8 shape: [512] values: 159 203 184...>
MobileNet/conv_ds_7/pointwise_conv/weights_max (Const): [], value=Tensor<type: float shape: [] values: 0.327672482>
MobileNet/conv_ds_7/pointwise_conv/weights_min (Const): [], value=Tensor<type: float shape: [] values: -0.391761273>
MobileNet/conv_ds_7/pointwise_conv/weights_quint8_const (Const): [], value=Tensor<type: quint8 shape: [1,1,256,512] values: [[[130 160 126]]]...>
MobileNet/conv_ds_7/depthwise_conv/biases_max (Const): [], value=Tensor<type: float shape: [] values: 2.86372304>
MobileNet/conv_ds_7/depthwise_conv/biases_min (Const): [], value=Tensor<type: float shape: [] values: -1.94408083>
MobileNet/conv_ds_7/depthwise_conv/biases_quint8_const (Const): [], value=Tensor<type: quint8 shape: [256] values: 94 138 224...>
MobileNet/conv_ds_7/depthwise_conv/depthwise_weights_max (Const): [], value=Tensor<type: float shape: [] values: 2.32964039>
MobileNet/conv_ds_7/depthwise_conv/depthwise_weights_min (Const): [], value=Tensor<type: float shape: [] values: -2.38972688>
MobileNet/conv_ds_7/depthwise_conv/depthwise_weights_quint8_const (Const): [], value=Tensor<type: quint8 shape: [3,3,256,1] values: [[[145][163][114]]]...>
MobileNet/conv_ds_6/pointwise_conv/biases_max (Const): [], value=Tensor<type: float shape: [] values: 2.652632>
MobileNet/conv_ds_6/pointwise_conv/biases_min (Const): [], value=Tensor<type: float shape: [] values: -1.0800631>
MobileNet/conv_ds_6/pointwise_conv/biases_quint8_const (Const): [], value=Tensor<type: quint8 shape: [256] values: 63 96 103...>
MobileNet/conv_ds_6/pointwise_conv/weights_max (Const): [], value=Tensor<type: float shape: [] values: 0.306810886>
MobileNet/conv_ds_6/pointwise_conv/weights_min (Const): [], value=Tensor<type: float shape: [] values: -0.413176775>
MobileNet/conv_ds_6/pointwise_conv/weights_quint8_const (Const): [], value=Tensor<type: quint8 shape: [1,1,256,256] values: [[[175 111 130]]]...>
MobileNet/conv_ds_6/depthwise_conv/biases_max (Const): [], value=Tensor<type: float shape: [] values: 2.56163907>
MobileNet/conv_ds_6/depthwise_conv/biases_min (Const): [], value=Tensor<type: float shape: [] values: -1.61141741>
MobileNet/conv_ds_6/depthwise_conv/biases_quint8_const (Const): [], value=Tensor<type: quint8 shape: [256] values: 91 52 62...>
MobileNet/conv_ds_6/depthwise_conv/depthwise_weights_max (Const): [], value=Tensor<type: float shape: [] values: 2.71729541>
MobileNet/conv_ds_6/depthwise_conv/depthwise_weights_min (Const): [], value=Tensor<type: float shape: [] values: -1.95042765>
MobileNet/conv_ds_6/depthwise_conv/depthwise_weights_quint8_const (Const): [], value=Tensor<type: quint8 shape: [3,3,256,1] values: [[[88][119][100]]]...>
MobileNet/conv_ds_5/pointwise_conv/biases_max (Const): [], value=Tensor<type: float shape: [] values: 5.25867844>
MobileNet/conv_ds_5/pointwise_conv/biases_min (Const): [], value=Tensor<type: float shape: [] values: -2.23670387>
MobileNet/conv_ds_5/pointwise_conv/biases_quint8_const (Const): [], value=Tensor<type: quint8 shape: [256] values: 135 119 72...>
MobileNet/conv_ds_5/pointwise_conv/weights_max (Const): [], value=Tensor<type: float shape: [] values: 0.406596482>
MobileNet/conv_ds_5/pointwise_conv/weights_min (Const): [], value=Tensor<type: float shape: [] values: -0.47666961>
MobileNet/conv_ds_5/pointwise_conv/weights_quint8_const (Const): [], value=Tensor<type: quint8 shape: [1,1,128,256] values: [[[136 90 146]]]...>
MobileNet/conv_ds_5/depthwise_conv/biases_max (Const): [], value=Tensor<type: float shape: [] values: 3.28090668>
MobileNet/conv_ds_5/depthwise_conv/biases_min (Const): [], value=Tensor<type: float shape: [] values: -1.85793781>
MobileNet/conv_ds_5/depthwise_conv/biases_quint8_const (Const): [], value=Tensor<type: quint8 shape: [128] values: 91 126 182...>
MobileNet/conv_ds_5/depthwise_conv/depthwise_weights_max (Const): [], value=Tensor<type: float shape: [] values: 2.07888055>
MobileNet/conv_ds_5/depthwise_conv/depthwise_weights_min (Const): [], value=Tensor<type: float shape: [] values: -1.53505516>
MobileNet/conv_ds_5/depthwise_conv/depthwise_weights_quint8_const (Const): [], value=Tensor<type: quint8 shape: [3,3,128,1] values: [[[111][133][119]]]...>
MobileNet/conv_ds_4/pointwise_conv/biases_max (Const): [], value=Tensor<type: float shape: [] values: 2.29212642>
MobileNet/conv_ds_4/pointwise_conv/biases_min (Const): [], value=Tensor<type: float shape: [] values: -0.675571322>
MobileNet/conv_ds_4/pointwise_conv/biases_quint8_const (Const): [], value=Tensor<type: quint8 shape: [128] values: 20 76 73...>
MobileNet/conv_ds_4/pointwise_conv/weights_max (Const): [], value=Tensor<type: float shape: [] values: 0.472174376>
MobileNet/conv_ds_4/pointwise_conv/weights_min (Const): [], value=Tensor<type: float shape: [] values: -0.660204887>
MobileNet/conv_ds_4/pointwise_conv/weights_quint8_const (Const): [], value=Tensor<type: quint8 shape: [1,1,128,128] values: [[[120 133 141]]]...>
MobileNet/conv_ds_4/depthwise_conv/biases_max (Const): [], value=Tensor<type: float shape: [] values: 1.76005149>
MobileNet/conv_ds_4/depthwise_conv/biases_min (Const): [], value=Tensor<type: float shape: [] values: -2.35902429>
MobileNet/conv_ds_4/depthwise_conv/biases_quint8_const (Const): [], value=Tensor<type: quint8 shape: [128] values: 64 148 130...>
MobileNet/conv_ds_4/depthwise_conv/depthwise_weights_max (Const): [], value=Tensor<type: float shape: [] values: 2.68923378>
MobileNet/conv_ds_4/depthwise_conv/depthwise_weights_min (Const): [], value=Tensor<type: float shape: [] values: -1.74841523>
MobileNet/conv_ds_4/depthwise_conv/depthwise_weights_quint8_const (Const): [], value=Tensor<type: quint8 shape: [3,3,128,1] values: [[[97][115][88]]]...>
MobileNet/conv_ds_3/pointwise_conv/biases_max (Const): [], value=Tensor<type: float shape: [] values: 2.99239922>
MobileNet/conv_ds_3/pointwise_conv/biases_min (Const): [], value=Tensor<type: float shape: [] values: -1.58125019>
MobileNet/conv_ds_3/pointwise_conv/biases_quint8_const (Const): [], value=Tensor<type: quint8 shape: [128] values: 78 100 135...>
MobileNet/conv_ds_3/pointwise_conv/weights_max (Const): [], value=Tensor<type: float shape: [] values: 0.756573498>
MobileNet/conv_ds_3/pointwise_conv/weights_min (Const): [], value=Tensor<type: float shape: [] values: -0.907109201>
MobileNet/conv_ds_3/pointwise_conv/weights_quint8_const (Const): [], value=Tensor<type: quint8 shape: [1,1,64,128] values: [[[151 155 157]]]...>
MobileNet/conv_ds_3/depthwise_conv/biases_max (Const): [], value=Tensor<type: float shape: [] values: 2.09573722>
MobileNet/conv_ds_3/depthwise_conv/biases_min (Const): [], value=Tensor<type: float shape: [] values: -2.47689342>
MobileNet/conv_ds_3/depthwise_conv/biases_quint8_const (Const): [], value=Tensor<type: quint8 shape: [64] values: 137 226 0...>
MobileNet/conv_ds_3/depthwise_conv/depthwise_weights_max (Const): [], value=Tensor<type: float shape: [] values: 2.37083578>
MobileNet/conv_ds_3/depthwise_conv/depthwise_weights_min (Const): [], value=Tensor<type: float shape: [] values: -2.03243>
MobileNet/conv_ds_3/depthwise_conv/depthwise_weights_quint8_const (Const): [], value=Tensor<type: quint8 shape: [3,3,64,1] values: [[[70][113][121]]]...>
MobileNet/conv_ds_2/pointwise_conv/biases_max (Const): [], value=Tensor<type: float shape: [] values: 3.33511615>
MobileNet/conv_ds_2/pointwise_conv/biases_min (Const): [], value=Tensor<type: float shape: [] values: -1.21646237>
MobileNet/conv_ds_2/pointwise_conv/biases_quint8_const (Const): [], value=Tensor<type: quint8 shape: [64] values: 134 119 122...>
MobileNet/conv_ds_2/pointwise_conv/weights_max (Const): [], value=Tensor<type: float shape: [] values: 1.06726468>
MobileNet/conv_ds_2/pointwise_conv/weights_min (Const): [], value=Tensor<type: float shape: [] values: -1.17292559>
MobileNet/conv_ds_2/pointwise_conv/weights_quint8_const (Const): [], value=Tensor<type: quint8 shape: [1,1,32,64] values: [[[134 117 101]]]...>
MobileNet/conv_ds_2/depthwise_conv/biases_max (Const): [], value=Tensor<type: float shape: [] values: 1.82856393>
MobileNet/conv_ds_2/depthwise_conv/biases_min (Const): [], value=Tensor<type: float shape: [] values: -1.89290118>
MobileNet/conv_ds_2/depthwise_conv/biases_quint8_const (Const): [], value=Tensor<type: quint8 shape: [32] values: 128 62 183...>
MobileNet/conv_ds_2/depthwise_conv/depthwise_weights_max (Const): [], value=Tensor<type: float shape: [] values: 4.24444914>
MobileNet/conv_ds_2/depthwise_conv/depthwise_weights_min (Const): [], value=Tensor<type: float shape: [] values: -3.93212676>
MobileNet/conv_ds_2/depthwise_conv/depthwise_weights_quint8_const (Const): [], value=Tensor<type: quint8 shape: [3,3,32,1] values: [[[103][125][140]]]...>
MobileNet/conv_1/biases_max (Const): [], value=Tensor<type: float shape: [] values: 2.16767406>
MobileNet/conv_1/biases_min (Const): [], value=Tensor<type: float shape: [] values: -1.40051913>
MobileNet/conv_1/biases_quint8_const (Const): [], value=Tensor<type: quint8 shape: [32] values: 145 182 206...>
MobileNet/conv_1/convolution_eightbit_reduction_dims (Const): [], value=Tensor<type: int32 shape: [1] values: 0>
MobileNet/conv_1/convolution_eightbit_reshape_dims (Const): [], value=Tensor<type: int32 shape: [1] values: -1>
MobileNet/conv_1/weights_max (Const): [], value=Tensor<type: float shape: [] values: 9.62705708>
MobileNet/conv_1/weights_min (Const): [], value=Tensor<type: float shape: [] values: -9.7415781>
MobileNet/conv_1/weights_quint8_const (Const): [], value=Tensor<type: quint8 shape: [3,3,3,32] values: [[[120 116 110]]]...>
ExpandDims/dim (Const): [], value=Tensor<type: int32 shape: [] values: 0>



Placeholder (Placeholder): []
ExpandDims (ExpandDims): [Placeholder, ExpandDims/dim]
MobileNet/conv_1/convolution_eightbit_reshape_ExpandDims (Reshape): [ExpandDims, MobileNet/conv_1/convolution_eightbit_reshape_dims]
MobileNet/conv_1/convolution_eightbit_max_ExpandDims (Max): [MobileNet/conv_1/convolution_eightbit_reshape_ExpandDims, MobileNet/conv_1/convolution_eightbit_reduction_dims]
MobileNet/conv_1/convolution_eightbit_min_ExpandDims (Min): [MobileNet/conv_1/convolution_eightbit_reshape_ExpandDims, MobileNet/conv_1/convolution_eightbit_reduction_dims]
MobileNet/conv_1/convolution_eightbit_quantize_ExpandDims (QuantizeV2): [ExpandDims, MobileNet/conv_1/convolution_eightbit_min_ExpandDims, MobileNet/conv_1/convolution_eightbit_max_ExpandDims]
MobileNet/conv_1/convolution_eightbit_quantized_conv (QuantizedConv2D): [MobileNet/conv_1/convolution_eightbit_quantize_ExpandDims, MobileNet/conv_1/weights_quint8_const, MobileNet/conv_1/convolution_eightbit_quantize_ExpandDims:1, MobileNet/conv_1/convolution_eightbit_quantize_ExpandDims:2, MobileNet/conv_1/weights_min, MobileNet/conv_1/weights_max]
MobileNet/conv_1/convolution_eightbit_requant_range (RequantizationRange): [MobileNet/conv_1/convolution_eightbit_quantized_conv, MobileNet/conv_1/convolution_eightbit_quantized_conv:1, MobileNet/conv_1/convolution_eightbit_quantized_conv:2]
MobileNet/conv_1/convolution_eightbit_requantize (Requantize): [MobileNet/conv_1/convolution_eightbit_quantized_conv, MobileNet/conv_1/convolution_eightbit_quantized_conv:1, MobileNet/conv_1/convolution_eightbit_quantized_conv:2, MobileNet/conv_1/convolution_eightbit_requant_range:0, MobileNet/conv_1/convolution_eightbit_requant_range:1]
MobileNet/conv_1/BiasAdd_eightbit_quantized_bias_add (QuantizedBiasAdd): [MobileNet/conv_1/convolution_eightbit_requantize, MobileNet/conv_1/biases_quint8_const, MobileNet/conv_1/convolution_eightbit_requantize:1, MobileNet/conv_1/convolution_eightbit_requantize:2, MobileNet/conv_1/biases_min, MobileNet/conv_1/biases_max]
MobileNet/conv_1/BiasAdd_eightbit_requant_range (RequantizationRange): [MobileNet/conv_1/BiasAdd_eightbit_quantized_bias_add, MobileNet/conv_1/BiasAdd_eightbit_quantized_bias_add:1, MobileNet/conv_1/BiasAdd_eightbit_quantized_bias_add:2]
MobileNet/conv_1/BiasAdd_eightbit_requantize (Requantize): [MobileNet/conv_1/BiasAdd_eightbit_quantized_bias_add, MobileNet/conv_1/BiasAdd_eightbit_quantized_bias_add:1, MobileNet/conv_1/BiasAdd_eightbit_quantized_bias_add:2, MobileNet/conv_1/BiasAdd_eightbit_requant_range:0, MobileNet/conv_1/BiasAdd_eightbit_requant_range:1]
MobileNet/conv_1/batch_norm/Relu_eightbit_quantized (QuantizedRelu): [MobileNet/conv_1/BiasAdd_eightbit_requantize, MobileNet/conv_1/BiasAdd_eightbit_requantize:1, MobileNet/conv_1/BiasAdd_eightbit_requantize:2]
MobileNet/conv_ds_2/depthwise_conv/depthwise_eightbit_quantized_depthwise (QuantizedDepthwiseConv): [MobileNet/conv_1/batch_norm/Relu_eightbit_quantized, MobileNet/conv_ds_2/depthwise_conv/depthwise_weights_quint8_const, MobileNet/conv_1/batch_norm/Relu_eightbit_quantized:1, MobileNet/conv_1/batch_norm/Relu_eightbit_quantized:2, MobileNet/conv_ds_2/depthwise_conv/depthwise_weights_min, MobileNet/conv_ds_2/depthwise_conv/depthwise_weights_max]
MobileNet/conv_ds_2/depthwise_conv/depthwise_eightbit_requant_range (RequantizationRange): [MobileNet/conv_ds_2/depthwise_conv/depthwise_eightbit_quantized_depthwise, MobileNet/conv_ds_2/depthwise_conv/depthwise_eightbit_quantized_depthwise:1, MobileNet/conv_ds_2/depthwise_conv/depthwise_eightbit_quantized_depthwise:2]
MobileNet/conv_ds_2/depthwise_conv/depthwise_eightbit_requantize (Requantize): [MobileNet/conv_ds_2/depthwise_conv/depthwise_eightbit_quantized_depthwise, MobileNet/conv_ds_2/depthwise_conv/depthwise_eightbit_quantized_depthwise:1, MobileNet/conv_ds_2/depthwise_conv/depthwise_eightbit_quantized_depthwise:2, MobileNet/conv_ds_2/depthwise_conv/depthwise_eightbit_requant_range:0, MobileNet/conv_ds_2/depthwise_conv/depthwise_eightbit_requant_range:1]
MobileNet/conv_ds_2/depthwise_conv/BiasAdd_eightbit_quantized_bias_add (QuantizedBiasAdd): [MobileNet/conv_ds_2/depthwise_conv/depthwise_eightbit_requantize, MobileNet/conv_ds_2/depthwise_conv/biases_quint8_const, MobileNet/conv_ds_2/depthwise_conv/depthwise_eightbit_requantize:1, MobileNet/conv_ds_2/depthwise_conv/depthwise_eightbit_requantize:2, MobileNet/conv_ds_2/depthwise_conv/biases_min, MobileNet/conv_ds_2/depthwise_conv/biases_max]
MobileNet/conv_ds_2/depthwise_conv/BiasAdd_eightbit_requant_range (RequantizationRange): [MobileNet/conv_ds_2/depthwise_conv/BiasAdd_eightbit_quantized_bias_add, MobileNet/conv_ds_2/depthwise_conv/BiasAdd_eightbit_quantized_bias_add:1, MobileNet/conv_ds_2/depthwise_conv/BiasAdd_eightbit_quantized_bias_add:2]
MobileNet/conv_ds_2/depthwise_conv/BiasAdd_eightbit_requantize (Requantize): [MobileNet/conv_ds_2/depthwise_conv/BiasAdd_eightbit_quantized_bias_add, MobileNet/conv_ds_2/depthwise_conv/BiasAdd_eightbit_quantized_bias_add:1, MobileNet/conv_ds_2/depthwise_conv/BiasAdd_eightbit_quantized_bias_add:2, MobileNet/conv_ds_2/depthwise_conv/BiasAdd_eightbit_requant_range:0, MobileNet/conv_ds_2/depthwise_conv/BiasAdd_eightbit_requant_range:1]
MobileNet/conv_ds_2/dw_batch_norm/Relu_eightbit_quantized (QuantizedRelu): [MobileNet/conv_ds_2/depthwise_conv/BiasAdd_eightbit_requantize, MobileNet/conv_ds_2/depthwise_conv/BiasAdd_eightbit_requantize:1, MobileNet/conv_ds_2/depthwise_conv/BiasAdd_eightbit_requantize:2]
MobileNet/conv_ds_2/pointwise_conv/convolution_eightbit_quantized_conv (QuantizedConv2D): [MobileNet/conv_ds_2/dw_batch_norm/Relu_eightbit_quantized, MobileNet/conv_ds_2/pointwise_conv/weights_quint8_const, MobileNet/conv_ds_2/dw_batch_norm/Relu_eightbit_quantized:1, MobileNet/conv_ds_2/dw_batch_norm/Relu_eightbit_quantized:2, MobileNet/conv_ds_2/pointwise_conv/weights_min, MobileNet/conv_ds_2/pointwise_conv/weights_max]
MobileNet/conv_ds_2/pointwise_conv/convolution_eightbit_requant_range (RequantizationRange): [MobileNet/conv_ds_2/pointwise_conv/convolution_eightbit_quantized_conv, MobileNet/conv_ds_2/pointwise_conv/convolution_eightbit_quantized_conv:1, MobileNet/conv_ds_2/pointwise_conv/convolution_eightbit_quantized_conv:2]
MobileNet/conv_ds_2/pointwise_conv/convolution_eightbit_requantize (Requantize): [MobileNet/conv_ds_2/pointwise_conv/convolution_eightbit_quantized_conv, MobileNet/conv_ds_2/pointwise_conv/convolution_eightbit_quantized_conv:1, MobileNet/conv_ds_2/pointwise_conv/convolution_eightbit_quantized_conv:2, MobileNet/conv_ds_2/pointwise_conv/convolution_eightbit_requant_range:0, MobileNet/conv_ds_2/pointwise_conv/convolution_eightbit_requant_range:1]
MobileNet/conv_ds_2/pointwise_conv/BiasAdd_eightbit_quantized_bias_add (QuantizedBiasAdd): [MobileNet/conv_ds_2/pointwise_conv/convolution_eightbit_requantize, MobileNet/conv_ds_2/pointwise_conv/biases_quint8_const, MobileNet/conv_ds_2/pointwise_conv/convolution_eightbit_requantize:1, MobileNet/conv_ds_2/pointwise_conv/convolution_eightbit_requantize:2, MobileNet/conv_ds_2/pointwise_conv/biases_min, MobileNet/conv_ds_2/pointwise_conv/biases_max]
MobileNet/conv_ds_2/pointwise_conv/BiasAdd_eightbit_requant_range (RequantizationRange): [MobileNet/conv_ds_2/pointwise_conv/BiasAdd_eightbit_quantized_bias_add, MobileNet/conv_ds_2/pointwise_conv/BiasAdd_eightbit_quantized_bias_add:1, MobileNet/conv_ds_2/pointwise_conv/BiasAdd_eightbit_quantized_bias_add:2]
MobileNet/conv_ds_2/pointwise_conv/BiasAdd_eightbit_requantize (Requantize): [MobileNet/conv_ds_2/pointwise_conv/BiasAdd_eightbit_quantized_bias_add, MobileNet/conv_ds_2/pointwise_conv/BiasAdd_eightbit_quantized_bias_add:1, MobileNet/conv_ds_2/pointwise_conv/BiasAdd_eightbit_quantized_bias_add:2, MobileNet/conv_ds_2/pointwise_conv/BiasAdd_eightbit_requant_range:0, MobileNet/conv_ds_2/pointwise_conv/BiasAdd_eightbit_requant_range:1]
MobileNet/conv_ds_2/pw_batch_norm/Relu_eightbit_quantized (QuantizedRelu): [MobileNet/conv_ds_2/pointwise_conv/BiasAdd_eightbit_requantize, MobileNet/conv_ds_2/pointwise_conv/BiasAdd_eightbit_requantize:1, MobileNet/conv_ds_2/pointwise_conv/BiasAdd_eightbit_requantize:2]
MobileNet/conv_ds_3/depthwise_conv/depthwise_eightbit_quantized_depthwise (QuantizedDepthwiseConv): [MobileNet/conv_ds_2/pw_batch_norm/Relu_eightbit_quantized, MobileNet/conv_ds_3/depthwise_conv/depthwise_weights_quint8_const, MobileNet/conv_ds_2/pw_batch_norm/Relu_eightbit_quantized:1, MobileNet/conv_ds_2/pw_batch_norm/Relu_eightbit_quantized:2, MobileNet/conv_ds_3/depthwise_conv/depthwise_weights_min, MobileNet/conv_ds_3/depthwise_conv/depthwise_weights_max]
MobileNet/conv_ds_3/depthwise_conv/depthwise_eightbit_requant_range (RequantizationRange): [MobileNet/conv_ds_3/depthwise_conv/depthwise_eightbit_quantized_depthwise, MobileNet/conv_ds_3/depthwise_conv/depthwise_eightbit_quantized_depthwise:1, MobileNet/conv_ds_3/depthwise_conv/depthwise_eightbit_quantized_depthwise:2]
MobileNet/conv_ds_3/depthwise_conv/depthwise_eightbit_requantize (Requantize): [MobileNet/conv_ds_3/depthwise_conv/depthwise_eightbit_quantized_depthwise, MobileNet/conv_ds_3/depthwise_conv/depthwise_eightbit_quantized_depthwise:1, MobileNet/conv_ds_3/depthwise_conv/depthwise_eightbit_quantized_depthwise:2, MobileNet/conv_ds_3/depthwise_conv/depthwise_eightbit_requant_range:0, MobileNet/conv_ds_3/depthwise_conv/depthwise_eightbit_requant_range:1]
MobileNet/conv_ds_3/depthwise_conv/BiasAdd_eightbit_quantized_bias_add (QuantizedBiasAdd): [MobileNet/conv_ds_3/depthwise_conv/depthwise_eightbit_requantize, MobileNet/conv_ds_3/depthwise_conv/biases_quint8_const, MobileNet/conv_ds_3/depthwise_conv/depthwise_eightbit_requantize:1, MobileNet/conv_ds_3/depthwise_conv/depthwise_eightbit_requantize:2, MobileNet/conv_ds_3/depthwise_conv/biases_min, MobileNet/conv_ds_3/depthwise_conv/biases_max]
MobileNet/conv_ds_3/depthwise_conv/BiasAdd_eightbit_requant_range (RequantizationRange): [MobileNet/conv_ds_3/depthwise_conv/BiasAdd_eightbit_quantized_bias_add, MobileNet/conv_ds_3/depthwise_conv/BiasAdd_eightbit_quantized_bias_add:1, MobileNet/conv_ds_3/depthwise_conv/BiasAdd_eightbit_quantized_bias_add:2]
MobileNet/conv_ds_3/depthwise_conv/BiasAdd_eightbit_requantize (Requantize): [MobileNet/conv_ds_3/depthwise_conv/BiasAdd_eightbit_quantized_bias_add, MobileNet/conv_ds_3/depthwise_conv/BiasAdd_eightbit_quantized_bias_add:1, MobileNet/conv_ds_3/depthwise_conv/BiasAdd_eightbit_quantized_bias_add:2, MobileNet/conv_ds_3/depthwise_conv/BiasAdd_eightbit_requant_range:0, MobileNet/conv_ds_3/depthwise_conv/BiasAdd_eightbit_requant_range:1]
MobileNet/conv_ds_3/dw_batch_norm/Relu_eightbit_quantized (QuantizedRelu): [MobileNet/conv_ds_3/depthwise_conv/BiasAdd_eightbit_requantize, MobileNet/conv_ds_3/depthwise_conv/BiasAdd_eightbit_requantize:1, MobileNet/conv_ds_3/depthwise_conv/BiasAdd_eightbit_requantize:2]
MobileNet/conv_ds_3/pointwise_conv/convolution_eightbit_quantized_conv (QuantizedConv2D): [MobileNet/conv_ds_3/dw_batch_norm/Relu_eightbit_quantized, MobileNet/conv_ds_3/pointwise_conv/weights_quint8_const, MobileNet/conv_ds_3/dw_batch_norm/Relu_eightbit_quantized:1, MobileNet/conv_ds_3/dw_batch_norm/Relu_eightbit_quantized:2, MobileNet/conv_ds_3/pointwise_conv/weights_min, MobileNet/conv_ds_3/pointwise_conv/weights_max]
MobileNet/conv_ds_3/pointwise_conv/convolution_eightbit_requant_range (RequantizationRange): [MobileNet/conv_ds_3/pointwise_conv/convolution_eightbit_quantized_conv, MobileNet/conv_ds_3/pointwise_conv/convolution_eightbit_quantized_conv:1, MobileNet/conv_ds_3/pointwise_conv/convolution_eightbit_quantized_conv:2]
MobileNet/conv_ds_3/pointwise_conv/convolution_eightbit_requantize (Requantize): [MobileNet/conv_ds_3/pointwise_conv/convolution_eightbit_quantized_conv, MobileNet/conv_ds_3/pointwise_conv/convolution_eightbit_quantized_conv:1, MobileNet/conv_ds_3/pointwise_conv/convolution_eightbit_quantized_conv:2, MobileNet/conv_ds_3/pointwise_conv/convolution_eightbit_requant_range:0, MobileNet/conv_ds_3/pointwise_conv/convolution_eightbit_requant_range:1]
MobileNet/conv_ds_3/pointwise_conv/BiasAdd_eightbit_quantized_bias_add (QuantizedBiasAdd): [MobileNet/conv_ds_3/pointwise_conv/convolution_eightbit_requantize, MobileNet/conv_ds_3/pointwise_conv/biases_quint8_const, MobileNet/conv_ds_3/pointwise_conv/convolution_eightbit_requantize:1, MobileNet/conv_ds_3/pointwise_conv/convolution_eightbit_requantize:2, MobileNet/conv_ds_3/pointwise_conv/biases_min, MobileNet/conv_ds_3/pointwise_conv/biases_max]
MobileNet/conv_ds_3/pointwise_conv/BiasAdd_eightbit_requant_range (RequantizationRange): [MobileNet/conv_ds_3/pointwise_conv/BiasAdd_eightbit_quantized_bias_add, MobileNet/conv_ds_3/pointwise_conv/BiasAdd_eightbit_quantized_bias_add:1, MobileNet/conv_ds_3/pointwise_conv/BiasAdd_eightbit_quantized_bias_add:2]
MobileNet/conv_ds_3/pointwise_conv/BiasAdd_eightbit_requantize (Requantize): [MobileNet/conv_ds_3/pointwise_conv/BiasAdd_eightbit_quantized_bias_add, MobileNet/conv_ds_3/pointwise_conv/BiasAdd_eightbit_quantized_bias_add:1, MobileNet/conv_ds_3/pointwise_conv/BiasAdd_eightbit_quantized_bias_add:2, MobileNet/conv_ds_3/pointwise_conv/BiasAdd_eightbit_requant_range:0, MobileNet/conv_ds_3/pointwise_conv/BiasAdd_eightbit_requant_range:1]
MobileNet/conv_ds_3/pw_batch_norm/Relu_eightbit_quantized (QuantizedRelu): [MobileNet/conv_ds_3/pointwise_conv/BiasAdd_eightbit_requantize, MobileNet/conv_ds_3/pointwise_conv/BiasAdd_eightbit_requantize:1, MobileNet/conv_ds_3/pointwise_conv/BiasAdd_eightbit_requantize:2]
MobileNet/conv_ds_4/depthwise_conv/depthwise_eightbit_quantized_depthwise (QuantizedDepthwiseConv): [MobileNet/conv_ds_3/pw_batch_norm/Relu_eightbit_quantized, MobileNet/conv_ds_4/depthwise_conv/depthwise_weights_quint8_const, MobileNet/conv_ds_3/pw_batch_norm/Relu_eightbit_quantized:1, MobileNet/conv_ds_3/pw_batch_norm/Relu_eightbit_quantized:2, MobileNet/conv_ds_4/depthwise_conv/depthwise_weights_min, MobileNet/conv_ds_4/depthwise_conv/depthwise_weights_max]
MobileNet/conv_ds_4/depthwise_conv/depthwise_eightbit_requant_range (RequantizationRange): [MobileNet/conv_ds_4/depthwise_conv/depthwise_eightbit_quantized_depthwise, MobileNet/conv_ds_4/depthwise_conv/depthwise_eightbit_quantized_depthwise:1, MobileNet/conv_ds_4/depthwise_conv/depthwise_eightbit_quantized_depthwise:2]
MobileNet/conv_ds_4/depthwise_conv/depthwise_eightbit_requantize (Requantize): [MobileNet/conv_ds_4/depthwise_conv/depthwise_eightbit_quantized_depthwise, MobileNet/conv_ds_4/depthwise_conv/depthwise_eightbit_quantized_depthwise:1, MobileNet/conv_ds_4/depthwise_conv/depthwise_eightbit_quantized_depthwise:2, MobileNet/conv_ds_4/depthwise_conv/depthwise_eightbit_requant_range:0, MobileNet/conv_ds_4/depthwise_conv/depthwise_eightbit_requant_range:1]
MobileNet/conv_ds_4/depthwise_conv/BiasAdd_eightbit_quantized_bias_add (QuantizedBiasAdd): [MobileNet/conv_ds_4/depthwise_conv/depthwise_eightbit_requantize, MobileNet/conv_ds_4/depthwise_conv/biases_quint8_const, MobileNet/conv_ds_4/depthwise_conv/depthwise_eightbit_requantize:1, MobileNet/conv_ds_4/depthwise_conv/depthwise_eightbit_requantize:2, MobileNet/conv_ds_4/depthwise_conv/biases_min, MobileNet/conv_ds_4/depthwise_conv/biases_max]
MobileNet/conv_ds_4/depthwise_conv/BiasAdd_eightbit_requant_range (RequantizationRange): [MobileNet/conv_ds_4/depthwise_conv/BiasAdd_eightbit_quantized_bias_add, MobileNet/conv_ds_4/depthwise_conv/BiasAdd_eightbit_quantized_bias_add:1, MobileNet/conv_ds_4/depthwise_conv/BiasAdd_eightbit_quantized_bias_add:2]
MobileNet/conv_ds_4/depthwise_conv/BiasAdd_eightbit_requantize (Requantize): [MobileNet/conv_ds_4/depthwise_conv/BiasAdd_eightbit_quantized_bias_add, MobileNet/conv_ds_4/depthwise_conv/BiasAdd_eightbit_quantized_bias_add:1, MobileNet/conv_ds_4/depthwise_conv/BiasAdd_eightbit_quantized_bias_add:2, MobileNet/conv_ds_4/depthwise_conv/BiasAdd_eightbit_requant_range:0, MobileNet/conv_ds_4/depthwise_conv/BiasAdd_eightbit_requant_range:1]
MobileNet/conv_ds_4/dw_batch_norm/Relu_eightbit_quantized (QuantizedRelu): [MobileNet/conv_ds_4/depthwise_conv/BiasAdd_eightbit_requantize, MobileNet/conv_ds_4/depthwise_conv/BiasAdd_eightbit_requantize:1, MobileNet/conv_ds_4/depthwise_conv/BiasAdd_eightbit_requantize:2]
MobileNet/conv_ds_4/pointwise_conv/convolution_eightbit_quantized_conv (QuantizedConv2D): [MobileNet/conv_ds_4/dw_batch_norm/Relu_eightbit_quantized, MobileNet/conv_ds_4/pointwise_conv/weights_quint8_const, MobileNet/conv_ds_4/dw_batch_norm/Relu_eightbit_quantized:1, MobileNet/conv_ds_4/dw_batch_norm/Relu_eightbit_quantized:2, MobileNet/conv_ds_4/pointwise_conv/weights_min, MobileNet/conv_ds_4/pointwise_conv/weights_max]
MobileNet/conv_ds_4/pointwise_conv/convolution_eightbit_requant_range (RequantizationRange): [MobileNet/conv_ds_4/pointwise_conv/convolution_eightbit_quantized_conv, MobileNet/conv_ds_4/pointwise_conv/convolution_eightbit_quantized_conv:1, MobileNet/conv_ds_4/pointwise_conv/convolution_eightbit_quantized_conv:2]
MobileNet/conv_ds_4/pointwise_conv/convolution_eightbit_requantize (Requantize): [MobileNet/conv_ds_4/pointwise_conv/convolution_eightbit_quantized_conv, MobileNet/conv_ds_4/pointwise_conv/convolution_eightbit_quantized_conv:1, MobileNet/conv_ds_4/pointwise_conv/convolution_eightbit_quantized_conv:2, MobileNet/conv_ds_4/pointwise_conv/convolution_eightbit_requant_range:0, MobileNet/conv_ds_4/pointwise_conv/convolution_eightbit_requant_range:1]
MobileNet/conv_ds_4/pointwise_conv/BiasAdd_eightbit_quantized_bias_add (QuantizedBiasAdd): [MobileNet/conv_ds_4/pointwise_conv/convolution_eightbit_requantize, MobileNet/conv_ds_4/pointwise_conv/biases_quint8_const, MobileNet/conv_ds_4/pointwise_conv/convolution_eightbit_requantize:1, MobileNet/conv_ds_4/pointwise_conv/convolution_eightbit_requantize:2, MobileNet/conv_ds_4/pointwise_conv/biases_min, MobileNet/conv_ds_4/pointwise_conv/biases_max]
MobileNet/conv_ds_4/pointwise_conv/BiasAdd_eightbit_requant_range (RequantizationRange): [MobileNet/conv_ds_4/pointwise_conv/BiasAdd_eightbit_quantized_bias_add, MobileNet/conv_ds_4/pointwise_conv/BiasAdd_eightbit_quantized_bias_add:1, MobileNet/conv_ds_4/pointwise_conv/BiasAdd_eightbit_quantized_bias_add:2]
MobileNet/conv_ds_4/pointwise_conv/BiasAdd_eightbit_requantize (Requantize): [MobileNet/conv_ds_4/pointwise_conv/BiasAdd_eightbit_quantized_bias_add, MobileNet/conv_ds_4/pointwise_conv/BiasAdd_eightbit_quantized_bias_add:1, MobileNet/conv_ds_4/pointwise_conv/BiasAdd_eightbit_quantized_bias_add:2, MobileNet/conv_ds_4/pointwise_conv/BiasAdd_eightbit_requant_range:0, MobileNet/conv_ds_4/pointwise_conv/BiasAdd_eightbit_requant_range:1]
MobileNet/conv_ds_4/pw_batch_norm/Relu_eightbit_quantized (QuantizedRelu): [MobileNet/conv_ds_4/pointwise_conv/BiasAdd_eightbit_requantize, MobileNet/conv_ds_4/pointwise_conv/BiasAdd_eightbit_requantize:1, MobileNet/conv_ds_4/pointwise_conv/BiasAdd_eightbit_requantize:2]
MobileNet/conv_ds_5/depthwise_conv/depthwise_eightbit_quantized_depthwise (QuantizedDepthwiseConv): [MobileNet/conv_ds_4/pw_batch_norm/Relu_eightbit_quantized, MobileNet/conv_ds_5/depthwise_conv/depthwise_weights_quint8_const, MobileNet/conv_ds_4/pw_batch_norm/Relu_eightbit_quantized:1, MobileNet/conv_ds_4/pw_batch_norm/Relu_eightbit_quantized:2, MobileNet/conv_ds_5/depthwise_conv/depthwise_weights_min, MobileNet/conv_ds_5/depthwise_conv/depthwise_weights_max]
MobileNet/conv_ds_5/depthwise_conv/depthwise_eightbit_requant_range (RequantizationRange): [MobileNet/conv_ds_5/depthwise_conv/depthwise_eightbit_quantized_depthwise, MobileNet/conv_ds_5/depthwise_conv/depthwise_eightbit_quantized_depthwise:1, MobileNet/conv_ds_5/depthwise_conv/depthwise_eightbit_quantized_depthwise:2]
MobileNet/conv_ds_5/depthwise_conv/depthwise_eightbit_requantize (Requantize): [MobileNet/conv_ds_5/depthwise_conv/depthwise_eightbit_quantized_depthwise, MobileNet/conv_ds_5/depthwise_conv/depthwise_eightbit_quantized_depthwise:1, MobileNet/conv_ds_5/depthwise_conv/depthwise_eightbit_quantized_depthwise:2, MobileNet/conv_ds_5/depthwise_conv/depthwise_eightbit_requant_range:0, MobileNet/conv_ds_5/depthwise_conv/depthwise_eightbit_requant_range:1]
MobileNet/conv_ds_5/depthwise_conv/BiasAdd_eightbit_quantized_bias_add (QuantizedBiasAdd): [MobileNet/conv_ds_5/depthwise_conv/depthwise_eightbit_requantize, MobileNet/conv_ds_5/depthwise_conv/biases_quint8_const, MobileNet/conv_ds_5/depthwise_conv/depthwise_eightbit_requantize:1, MobileNet/conv_ds_5/depthwise_conv/depthwise_eightbit_requantize:2, MobileNet/conv_ds_5/depthwise_conv/biases_min, MobileNet/conv_ds_5/depthwise_conv/biases_max]
MobileNet/conv_ds_5/depthwise_conv/BiasAdd_eightbit_requant_range (RequantizationRange): [MobileNet/conv_ds_5/depthwise_conv/BiasAdd_eightbit_quantized_bias_add, MobileNet/conv_ds_5/depthwise_conv/BiasAdd_eightbit_quantized_bias_add:1, MobileNet/conv_ds_5/depthwise_conv/BiasAdd_eightbit_quantized_bias_add:2]
MobileNet/conv_ds_5/depthwise_conv/BiasAdd_eightbit_requantize (Requantize): [MobileNet/conv_ds_5/depthwise_conv/BiasAdd_eightbit_quantized_bias_add, MobileNet/conv_ds_5/depthwise_conv/BiasAdd_eightbit_quantized_bias_add:1, MobileNet/conv_ds_5/depthwise_conv/BiasAdd_eightbit_quantized_bias_add:2, MobileNet/conv_ds_5/depthwise_conv/BiasAdd_eightbit_requant_range:0, MobileNet/conv_ds_5/depthwise_conv/BiasAdd_eightbit_requant_range:1]
MobileNet/conv_ds_5/dw_batch_norm/Relu_eightbit_quantized (QuantizedRelu): [MobileNet/conv_ds_5/depthwise_conv/BiasAdd_eightbit_requantize, MobileNet/conv_ds_5/depthwise_conv/BiasAdd_eightbit_requantize:1, MobileNet/conv_ds_5/depthwise_conv/BiasAdd_eightbit_requantize:2]
MobileNet/conv_ds_5/pointwise_conv/convolution_eightbit_quantized_conv (QuantizedConv2D): [MobileNet/conv_ds_5/dw_batch_norm/Relu_eightbit_quantized, MobileNet/conv_ds_5/pointwise_conv/weights_quint8_const, MobileNet/conv_ds_5/dw_batch_norm/Relu_eightbit_quantized:1, MobileNet/conv_ds_5/dw_batch_norm/Relu_eightbit_quantized:2, MobileNet/conv_ds_5/pointwise_conv/weights_min, MobileNet/conv_ds_5/pointwise_conv/weights_max]
MobileNet/conv_ds_5/pointwise_conv/convolution_eightbit_requant_range (RequantizationRange): [MobileNet/conv_ds_5/pointwise_conv/convolution_eightbit_quantized_conv, MobileNet/conv_ds_5/pointwise_conv/convolution_eightbit_quantized_conv:1, MobileNet/conv_ds_5/pointwise_conv/convolution_eightbit_quantized_conv:2]
MobileNet/conv_ds_5/pointwise_conv/convolution_eightbit_requantize (Requantize): [MobileNet/conv_ds_5/pointwise_conv/convolution_eightbit_quantized_conv, MobileNet/conv_ds_5/pointwise_conv/convolution_eightbit_quantized_conv:1, MobileNet/conv_ds_5/pointwise_conv/convolution_eightbit_quantized_conv:2, MobileNet/conv_ds_5/pointwise_conv/convolution_eightbit_requant_range:0, MobileNet/conv_ds_5/pointwise_conv/convolution_eightbit_requant_range:1]
MobileNet/conv_ds_5/pointwise_conv/BiasAdd_eightbit_quantized_bias_add (QuantizedBiasAdd): [MobileNet/conv_ds_5/pointwise_conv/convolution_eightbit_requantize, MobileNet/conv_ds_5/pointwise_conv/biases_quint8_const, MobileNet/conv_ds_5/pointwise_conv/convolution_eightbit_requantize:1, MobileNet/conv_ds_5/pointwise_conv/convolution_eightbit_requantize:2, MobileNet/conv_ds_5/pointwise_conv/biases_min, MobileNet/conv_ds_5/pointwise_conv/biases_max]
MobileNet/conv_ds_5/pointwise_conv/BiasAdd_eightbit_requant_range (RequantizationRange): [MobileNet/conv_ds_5/pointwise_conv/BiasAdd_eightbit_quantized_bias_add, MobileNet/conv_ds_5/pointwise_conv/BiasAdd_eightbit_quantized_bias_add:1, MobileNet/conv_ds_5/pointwise_conv/BiasAdd_eightbit_quantized_bias_add:2]
MobileNet/conv_ds_5/pointwise_conv/BiasAdd_eightbit_requantize (Requantize): [MobileNet/conv_ds_5/pointwise_conv/BiasAdd_eightbit_quantized_bias_add, MobileNet/conv_ds_5/pointwise_conv/BiasAdd_eightbit_quantized_bias_add:1, MobileNet/conv_ds_5/pointwise_conv/BiasAdd_eightbit_quantized_bias_add:2, MobileNet/conv_ds_5/pointwise_conv/BiasAdd_eightbit_requant_range:0, MobileNet/conv_ds_5/pointwise_conv/BiasAdd_eightbit_requant_range:1]
MobileNet/conv_ds_5/pw_batch_norm/Relu_eightbit_quantized (QuantizedRelu): [MobileNet/conv_ds_5/pointwise_conv/BiasAdd_eightbit_requantize, MobileNet/conv_ds_5/pointwise_conv/BiasAdd_eightbit_requantize:1, MobileNet/conv_ds_5/pointwise_conv/BiasAdd_eightbit_requantize:2]
MobileNet/conv_ds_6/depthwise_conv/depthwise_eightbit_quantized_depthwise (QuantizedDepthwiseConv): [MobileNet/conv_ds_5/pw_batch_norm/Relu_eightbit_quantized, MobileNet/conv_ds_6/depthwise_conv/depthwise_weights_quint8_const, MobileNet/conv_ds_5/pw_batch_norm/Relu_eightbit_quantized:1, MobileNet/conv_ds_5/pw_batch_norm/Relu_eightbit_quantized:2, MobileNet/conv_ds_6/depthwise_conv/depthwise_weights_min, MobileNet/conv_ds_6/depthwise_conv/depthwise_weights_max]
MobileNet/conv_ds_6/depthwise_conv/depthwise_eightbit_requant_range (RequantizationRange): [MobileNet/conv_ds_6/depthwise_conv/depthwise_eightbit_quantized_depthwise, MobileNet/conv_ds_6/depthwise_conv/depthwise_eightbit_quantized_depthwise:1, MobileNet/conv_ds_6/depthwise_conv/depthwise_eightbit_quantized_depthwise:2]
MobileNet/conv_ds_6/depthwise_conv/depthwise_eightbit_requantize (Requantize): [MobileNet/conv_ds_6/depthwise_conv/depthwise_eightbit_quantized_depthwise, MobileNet/conv_ds_6/depthwise_conv/depthwise_eightbit_quantized_depthwise:1, MobileNet/conv_ds_6/depthwise_conv/depthwise_eightbit_quantized_depthwise:2, MobileNet/conv_ds_6/depthwise_conv/depthwise_eightbit_requant_range:0, MobileNet/conv_ds_6/depthwise_conv/depthwise_eightbit_requant_range:1]
MobileNet/conv_ds_6/depthwise_conv/BiasAdd_eightbit_quantized_bias_add (QuantizedBiasAdd): [MobileNet/conv_ds_6/depthwise_conv/depthwise_eightbit_requantize, MobileNet/conv_ds_6/depthwise_conv/biases_quint8_const, MobileNet/conv_ds_6/depthwise_conv/depthwise_eightbit_requantize:1, MobileNet/conv_ds_6/depthwise_conv/depthwise_eightbit_requantize:2, MobileNet/conv_ds_6/depthwise_conv/biases_min, MobileNet/conv_ds_6/depthwise_conv/biases_max]
MobileNet/conv_ds_6/depthwise_conv/BiasAdd_eightbit_requant_range (RequantizationRange): [MobileNet/conv_ds_6/depthwise_conv/BiasAdd_eightbit_quantized_bias_add, MobileNet/conv_ds_6/depthwise_conv/BiasAdd_eightbit_quantized_bias_add:1, MobileNet/conv_ds_6/depthwise_conv/BiasAdd_eightbit_quantized_bias_add:2]
MobileNet/conv_ds_6/depthwise_conv/BiasAdd_eightbit_requantize (Requantize): [MobileNet/conv_ds_6/depthwise_conv/BiasAdd_eightbit_quantized_bias_add, MobileNet/conv_ds_6/depthwise_conv/BiasAdd_eightbit_quantized_bias_add:1, MobileNet/conv_ds_6/depthwise_conv/BiasAdd_eightbit_quantized_bias_add:2, MobileNet/conv_ds_6/depthwise_conv/BiasAdd_eightbit_requant_range:0, MobileNet/conv_ds_6/depthwise_conv/BiasAdd_eightbit_requant_range:1]
MobileNet/conv_ds_6/dw_batch_norm/Relu_eightbit_quantized (QuantizedRelu): [MobileNet/conv_ds_6/depthwise_conv/BiasAdd_eightbit_requantize, MobileNet/conv_ds_6/depthwise_conv/BiasAdd_eightbit_requantize:1, MobileNet/conv_ds_6/depthwise_conv/BiasAdd_eightbit_requantize:2]
MobileNet/conv_ds_6/pointwise_conv/convolution_eightbit_quantized_conv (QuantizedConv2D): [MobileNet/conv_ds_6/dw_batch_norm/Relu_eightbit_quantized, MobileNet/conv_ds_6/pointwise_conv/weights_quint8_const, MobileNet/conv_ds_6/dw_batch_norm/Relu_eightbit_quantized:1, MobileNet/conv_ds_6/dw_batch_norm/Relu_eightbit_quantized:2, MobileNet/conv_ds_6/pointwise_conv/weights_min, MobileNet/conv_ds_6/pointwise_conv/weights_max]
MobileNet/conv_ds_6/pointwise_conv/convolution_eightbit_requant_range (RequantizationRange): [MobileNet/conv_ds_6/pointwise_conv/convolution_eightbit_quantized_conv, MobileNet/conv_ds_6/pointwise_conv/convolution_eightbit_quantized_conv:1, MobileNet/conv_ds_6/pointwise_conv/convolution_eightbit_quantized_conv:2]
MobileNet/conv_ds_6/pointwise_conv/convolution_eightbit_requantize (Requantize): [MobileNet/conv_ds_6/pointwise_conv/convolution_eightbit_quantized_conv, MobileNet/conv_ds_6/pointwise_conv/convolution_eightbit_quantized_conv:1, MobileNet/conv_ds_6/pointwise_conv/convolution_eightbit_quantized_conv:2, MobileNet/conv_ds_6/pointwise_conv/convolution_eightbit_requant_range:0, MobileNet/conv_ds_6/pointwise_conv/convolution_eightbit_requant_range:1]
MobileNet/conv_ds_6/pointwise_conv/BiasAdd_eightbit_quantized_bias_add (QuantizedBiasAdd): [MobileNet/conv_ds_6/pointwise_conv/convolution_eightbit_requantize, MobileNet/conv_ds_6/pointwise_conv/biases_quint8_const, MobileNet/conv_ds_6/pointwise_conv/convolution_eightbit_requantize:1, MobileNet/conv_ds_6/pointwise_conv/convolution_eightbit_requantize:2, MobileNet/conv_ds_6/pointwise_conv/biases_min, MobileNet/conv_ds_6/pointwise_conv/biases_max]
MobileNet/conv_ds_6/pointwise_conv/BiasAdd_eightbit_requant_range (RequantizationRange): [MobileNet/conv_ds_6/pointwise_conv/BiasAdd_eightbit_quantized_bias_add, MobileNet/conv_ds_6/pointwise_conv/BiasAdd_eightbit_quantized_bias_add:1, MobileNet/conv_ds_6/pointwise_conv/BiasAdd_eightbit_quantized_bias_add:2]
MobileNet/conv_ds_6/pointwise_conv/BiasAdd_eightbit_requantize (Requantize): [MobileNet/conv_ds_6/pointwise_conv/BiasAdd_eightbit_quantized_bias_add, MobileNet/conv_ds_6/pointwise_conv/BiasAdd_eightbit_quantized_bias_add:1, MobileNet/conv_ds_6/pointwise_conv/BiasAdd_eightbit_quantized_bias_add:2, MobileNet/conv_ds_6/pointwise_conv/BiasAdd_eightbit_requant_range:0, MobileNet/conv_ds_6/pointwise_conv/BiasAdd_eightbit_requant_range:1]
MobileNet/conv_ds_6/pw_batch_norm/Relu_eightbit_quantized (QuantizedRelu): [MobileNet/conv_ds_6/pointwise_conv/BiasAdd_eightbit_requantize, MobileNet/conv_ds_6/pointwise_conv/BiasAdd_eightbit_requantize:1, MobileNet/conv_ds_6/pointwise_conv/BiasAdd_eightbit_requantize:2]
MobileNet/conv_ds_7/depthwise_conv/depthwise_eightbit_quantized_depthwise (QuantizedDepthwiseConv): [MobileNet/conv_ds_6/pw_batch_norm/Relu_eightbit_quantized, MobileNet/conv_ds_7/depthwise_conv/depthwise_weights_quint8_const, MobileNet/conv_ds_6/pw_batch_norm/Relu_eightbit_quantized:1, MobileNet/conv_ds_6/pw_batch_norm/Relu_eightbit_quantized:2, MobileNet/conv_ds_7/depthwise_conv/depthwise_weights_min, MobileNet/conv_ds_7/depthwise_conv/depthwise_weights_max]
MobileNet/conv_ds_7/depthwise_conv/depthwise_eightbit_requant_range (RequantizationRange): [MobileNet/conv_ds_7/depthwise_conv/depthwise_eightbit_quantized_depthwise, MobileNet/conv_ds_7/depthwise_conv/depthwise_eightbit_quantized_depthwise:1, MobileNet/conv_ds_7/depthwise_conv/depthwise_eightbit_quantized_depthwise:2]
MobileNet/conv_ds_7/depthwise_conv/depthwise_eightbit_requantize (Requantize): [MobileNet/conv_ds_7/depthwise_conv/depthwise_eightbit_quantized_depthwise, MobileNet/conv_ds_7/depthwise_conv/depthwise_eightbit_quantized_depthwise:1, MobileNet/conv_ds_7/depthwise_conv/depthwise_eightbit_quantized_depthwise:2, MobileNet/conv_ds_7/depthwise_conv/depthwise_eightbit_requant_range:0, MobileNet/conv_ds_7/depthwise_conv/depthwise_eightbit_requant_range:1]
MobileNet/conv_ds_7/depthwise_conv/BiasAdd_eightbit_quantized_bias_add (QuantizedBiasAdd): [MobileNet/conv_ds_7/depthwise_conv/depthwise_eightbit_requantize, MobileNet/conv_ds_7/depthwise_conv/biases_quint8_const, MobileNet/conv_ds_7/depthwise_conv/depthwise_eightbit_requantize:1, MobileNet/conv_ds_7/depthwise_conv/depthwise_eightbit_requantize:2, MobileNet/conv_ds_7/depthwise_conv/biases_min, MobileNet/conv_ds_7/depthwise_conv/biases_max]
MobileNet/conv_ds_7/depthwise_conv/BiasAdd_eightbit_requant_range (RequantizationRange): [MobileNet/conv_ds_7/depthwise_conv/BiasAdd_eightbit_quantized_bias_add, MobileNet/conv_ds_7/depthwise_conv/BiasAdd_eightbit_quantized_bias_add:1, MobileNet/conv_ds_7/depthwise_conv/BiasAdd_eightbit_quantized_bias_add:2]
MobileNet/conv_ds_7/depthwise_conv/BiasAdd_eightbit_requantize (Requantize): [MobileNet/conv_ds_7/depthwise_conv/BiasAdd_eightbit_quantized_bias_add, MobileNet/conv_ds_7/depthwise_conv/BiasAdd_eightbit_quantized_bias_add:1, MobileNet/conv_ds_7/depthwise_conv/BiasAdd_eightbit_quantized_bias_add:2, MobileNet/conv_ds_7/depthwise_conv/BiasAdd_eightbit_requant_range:0, MobileNet/conv_ds_7/depthwise_conv/BiasAdd_eightbit_requant_range:1]
MobileNet/conv_ds_7/dw_batch_norm/Relu_eightbit_quantized (QuantizedRelu): [MobileNet/conv_ds_7/depthwise_conv/BiasAdd_eightbit_requantize, MobileNet/conv_ds_7/depthwise_conv/BiasAdd_eightbit_requantize:1, MobileNet/conv_ds_7/depthwise_conv/BiasAdd_eightbit_requantize:2]
MobileNet/conv_ds_7/pointwise_conv/convolution_eightbit_quantized_conv (QuantizedConv2D): [MobileNet/conv_ds_7/dw_batch_norm/Relu_eightbit_quantized, MobileNet/conv_ds_7/pointwise_conv/weights_quint8_const, MobileNet/conv_ds_7/dw_batch_norm/Relu_eightbit_quantized:1, MobileNet/conv_ds_7/dw_batch_norm/Relu_eightbit_quantized:2, MobileNet/conv_ds_7/pointwise_conv/weights_min, MobileNet/conv_ds_7/pointwise_conv/weights_max]
MobileNet/conv_ds_7/pointwise_conv/convolution_eightbit_requant_range (RequantizationRange): [MobileNet/conv_ds_7/pointwise_conv/convolution_eightbit_quantized_conv, MobileNet/conv_ds_7/pointwise_conv/convolution_eightbit_quantized_conv:1, MobileNet/conv_ds_7/pointwise_conv/convolution_eightbit_quantized_conv:2]
MobileNet/conv_ds_7/pointwise_conv/convolution_eightbit_requantize (Requantize): [MobileNet/conv_ds_7/pointwise_conv/convolution_eightbit_quantized_conv, MobileNet/conv_ds_7/pointwise_conv/convolution_eightbit_quantized_conv:1, MobileNet/conv_ds_7/pointwise_conv/convolution_eightbit_quantized_conv:2, MobileNet/conv_ds_7/pointwise_conv/convolution_eightbit_requant_range:0, MobileNet/conv_ds_7/pointwise_conv/convolution_eightbit_requant_range:1]
MobileNet/conv_ds_7/pointwise_conv/BiasAdd_eightbit_quantized_bias_add (QuantizedBiasAdd): [MobileNet/conv_ds_7/pointwise_conv/convolution_eightbit_requantize, MobileNet/conv_ds_7/pointwise_conv/biases_quint8_const, MobileNet/conv_ds_7/pointwise_conv/convolution_eightbit_requantize:1, MobileNet/conv_ds_7/pointwise_conv/convolution_eightbit_requantize:2, MobileNet/conv_ds_7/pointwise_conv/biases_min, MobileNet/conv_ds_7/pointwise_conv/biases_max]
MobileNet/conv_ds_7/pointwise_conv/BiasAdd_eightbit_requant_range (RequantizationRange): [MobileNet/conv_ds_7/pointwise_conv/BiasAdd_eightbit_quantized_bias_add, MobileNet/conv_ds_7/pointwise_conv/BiasAdd_eightbit_quantized_bias_add:1, MobileNet/conv_ds_7/pointwise_conv/BiasAdd_eightbit_quantized_bias_add:2]
MobileNet/conv_ds_7/pointwise_conv/BiasAdd_eightbit_requantize (Requantize): [MobileNet/conv_ds_7/pointwise_conv/BiasAdd_eightbit_quantized_bias_add, MobileNet/conv_ds_7/pointwise_conv/BiasAdd_eightbit_quantized_bias_add:1, MobileNet/conv_ds_7/pointwise_conv/BiasAdd_eightbit_quantized_bias_add:2, MobileNet/conv_ds_7/pointwise_conv/BiasAdd_eightbit_requant_range:0, MobileNet/conv_ds_7/pointwise_conv/BiasAdd_eightbit_requant_range:1]
MobileNet/conv_ds_7/pw_batch_norm/Relu_eightbit_quantized (QuantizedRelu): [MobileNet/conv_ds_7/pointwise_conv/BiasAdd_eightbit_requantize, MobileNet/conv_ds_7/pointwise_conv/BiasAdd_eightbit_requantize:1, MobileNet/conv_ds_7/pointwise_conv/BiasAdd_eightbit_requantize:2]
MobileNet/conv_ds_8/depthwise_conv/depthwise_eightbit_quantized_depthwise (QuantizedDepthwiseConv): [MobileNet/conv_ds_7/pw_batch_norm/Relu_eightbit_quantized, MobileNet/conv_ds_8/depthwise_conv/depthwise_weights_quint8_const, MobileNet/conv_ds_7/pw_batch_norm/Relu_eightbit_quantized:1, MobileNet/conv_ds_7/pw_batch_norm/Relu_eightbit_quantized:2, MobileNet/conv_ds_8/depthwise_conv/depthwise_weights_min, MobileNet/conv_ds_8/depthwise_conv/depthwise_weights_max]
MobileNet/conv_ds_8/depthwise_conv/depthwise_eightbit_requant_range (RequantizationRange): [MobileNet/conv_ds_8/depthwise_conv/depthwise_eightbit_quantized_depthwise, MobileNet/conv_ds_8/depthwise_conv/depthwise_eightbit_quantized_depthwise:1, MobileNet/conv_ds_8/depthwise_conv/depthwise_eightbit_quantized_depthwise:2]
MobileNet/conv_ds_8/depthwise_conv/depthwise_eightbit_requantize (Requantize): [MobileNet/conv_ds_8/depthwise_conv/depthwise_eightbit_quantized_depthwise, MobileNet/conv_ds_8/depthwise_conv/depthwise_eightbit_quantized_depthwise:1, MobileNet/conv_ds_8/depthwise_conv/depthwise_eightbit_quantized_depthwise:2, MobileNet/conv_ds_8/depthwise_conv/depthwise_eightbit_requant_range:0, MobileNet/conv_ds_8/depthwise_conv/depthwise_eightbit_requant_range:1]
MobileNet/conv_ds_8/depthwise_conv/BiasAdd_eightbit_quantized_bias_add (QuantizedBiasAdd): [MobileNet/conv_ds_8/depthwise_conv/depthwise_eightbit_requantize, MobileNet/conv_ds_8/depthwise_conv/biases_quint8_const, MobileNet/conv_ds_8/depthwise_conv/depthwise_eightbit_requantize:1, MobileNet/conv_ds_8/depthwise_conv/depthwise_eightbit_requantize:2, MobileNet/conv_ds_8/depthwise_conv/biases_min, MobileNet/conv_ds_8/depthwise_conv/biases_max]
MobileNet/conv_ds_8/depthwise_conv/BiasAdd_eightbit_requant_range (RequantizationRange): [MobileNet/conv_ds_8/depthwise_conv/BiasAdd_eightbit_quantized_bias_add, MobileNet/conv_ds_8/depthwise_conv/BiasAdd_eightbit_quantized_bias_add:1, MobileNet/conv_ds_8/depthwise_conv/BiasAdd_eightbit_quantized_bias_add:2]
MobileNet/conv_ds_8/depthwise_conv/BiasAdd_eightbit_requantize (Requantize): [MobileNet/conv_ds_8/depthwise_conv/BiasAdd_eightbit_quantized_bias_add, MobileNet/conv_ds_8/depthwise_conv/BiasAdd_eightbit_quantized_bias_add:1, MobileNet/conv_ds_8/depthwise_conv/BiasAdd_eightbit_quantized_bias_add:2, MobileNet/conv_ds_8/depthwise_conv/BiasAdd_eightbit_requant_range:0, MobileNet/conv_ds_8/depthwise_conv/BiasAdd_eightbit_requant_range:1]
MobileNet/conv_ds_8/dw_batch_norm/Relu_eightbit_quantized (QuantizedRelu): [MobileNet/conv_ds_8/depthwise_conv/BiasAdd_eightbit_requantize, MobileNet/conv_ds_8/depthwise_conv/BiasAdd_eightbit_requantize:1, MobileNet/conv_ds_8/depthwise_conv/BiasAdd_eightbit_requantize:2]
MobileNet/conv_ds_8/pointwise_conv/convolution_eightbit_quantized_conv (QuantizedConv2D): [MobileNet/conv_ds_8/dw_batch_norm/Relu_eightbit_quantized, MobileNet/conv_ds_8/pointwise_conv/weights_quint8_const, MobileNet/conv_ds_8/dw_batch_norm/Relu_eightbit_quantized:1, MobileNet/conv_ds_8/dw_batch_norm/Relu_eightbit_quantized:2, MobileNet/conv_ds_8/pointwise_conv/weights_min, MobileNet/conv_ds_8/pointwise_conv/weights_max]
MobileNet/conv_ds_8/pointwise_conv/convolution_eightbit_requant_range (RequantizationRange): [MobileNet/conv_ds_8/pointwise_conv/convolution_eightbit_quantized_conv, MobileNet/conv_ds_8/pointwise_conv/convolution_eightbit_quantized_conv:1, MobileNet/conv_ds_8/pointwise_conv/convolution_eightbit_quantized_conv:2]
MobileNet/conv_ds_8/pointwise_conv/convolution_eightbit_requantize (Requantize): [MobileNet/conv_ds_8/pointwise_conv/convolution_eightbit_quantized_conv, MobileNet/conv_ds_8/pointwise_conv/convolution_eightbit_quantized_conv:1, MobileNet/conv_ds_8/pointwise_conv/convolution_eightbit_quantized_conv:2, MobileNet/conv_ds_8/pointwise_conv/convolution_eightbit_requant_range:0, MobileNet/conv_ds_8/pointwise_conv/convolution_eightbit_requant_range:1]
MobileNet/conv_ds_8/pointwise_conv/BiasAdd_eightbit_quantized_bias_add (QuantizedBiasAdd): [MobileNet/conv_ds_8/pointwise_conv/convolution_eightbit_requantize, MobileNet/conv_ds_8/pointwise_conv/biases_quint8_const, MobileNet/conv_ds_8/pointwise_conv/convolution_eightbit_requantize:1, MobileNet/conv_ds_8/pointwise_conv/convolution_eightbit_requantize:2, MobileNet/conv_ds_8/pointwise_conv/biases_min, MobileNet/conv_ds_8/pointwise_conv/biases_max]
MobileNet/conv_ds_8/pointwise_conv/BiasAdd_eightbit_requant_range (RequantizationRange): [MobileNet/conv_ds_8/pointwise_conv/BiasAdd_eightbit_quantized_bias_add, MobileNet/conv_ds_8/pointwise_conv/BiasAdd_eightbit_quantized_bias_add:1, MobileNet/conv_ds_8/pointwise_conv/BiasAdd_eightbit_quantized_bias_add:2]
MobileNet/conv_ds_8/pointwise_conv/BiasAdd_eightbit_requantize (Requantize): [MobileNet/conv_ds_8/pointwise_conv/BiasAdd_eightbit_quantized_bias_add, MobileNet/conv_ds_8/pointwise_conv/BiasAdd_eightbit_quantized_bias_add:1, MobileNet/conv_ds_8/pointwise_conv/BiasAdd_eightbit_quantized_bias_add:2, MobileNet/conv_ds_8/pointwise_conv/BiasAdd_eightbit_requant_range:0, MobileNet/conv_ds_8/pointwise_conv/BiasAdd_eightbit_requant_range:1]
MobileNet/conv_ds_8/pw_batch_norm/Relu_eightbit_quantized (QuantizedRelu): [MobileNet/conv_ds_8/pointwise_conv/BiasAdd_eightbit_requantize, MobileNet/conv_ds_8/pointwise_conv/BiasAdd_eightbit_requantize:1, MobileNet/conv_ds_8/pointwise_conv/BiasAdd_eightbit_requantize:2]
MobileNet/conv_ds_9/depthwise_conv/depthwise_eightbit_quantized_depthwise (QuantizedDepthwiseConv): [MobileNet/conv_ds_8/pw_batch_norm/Relu_eightbit_quantized, MobileNet/conv_ds_9/depthwise_conv/depthwise_weights_quint8_const, MobileNet/conv_ds_8/pw_batch_norm/Relu_eightbit_quantized:1, MobileNet/conv_ds_8/pw_batch_norm/Relu_eightbit_quantized:2, MobileNet/conv_ds_9/depthwise_conv/depthwise_weights_min, MobileNet/conv_ds_9/depthwise_conv/depthwise_weights_max]
MobileNet/conv_ds_9/depthwise_conv/depthwise_eightbit_requant_range (RequantizationRange): [MobileNet/conv_ds_9/depthwise_conv/depthwise_eightbit_quantized_depthwise, MobileNet/conv_ds_9/depthwise_conv/depthwise_eightbit_quantized_depthwise:1, MobileNet/conv_ds_9/depthwise_conv/depthwise_eightbit_quantized_depthwise:2]
MobileNet/conv_ds_9/depthwise_conv/depthwise_eightbit_requantize (Requantize): [MobileNet/conv_ds_9/depthwise_conv/depthwise_eightbit_quantized_depthwise, MobileNet/conv_ds_9/depthwise_conv/depthwise_eightbit_quantized_depthwise:1, MobileNet/conv_ds_9/depthwise_conv/depthwise_eightbit_quantized_depthwise:2, MobileNet/conv_ds_9/depthwise_conv/depthwise_eightbit_requant_range:0, MobileNet/conv_ds_9/depthwise_conv/depthwise_eightbit_requant_range:1]
MobileNet/conv_ds_9/depthwise_conv/BiasAdd_eightbit_quantized_bias_add (QuantizedBiasAdd): [MobileNet/conv_ds_9/depthwise_conv/depthwise_eightbit_requantize, MobileNet/conv_ds_9/depthwise_conv/biases_quint8_const, MobileNet/conv_ds_9/depthwise_conv/depthwise_eightbit_requantize:1, MobileNet/conv_ds_9/depthwise_conv/depthwise_eightbit_requantize:2, MobileNet/conv_ds_9/depthwise_conv/biases_min, MobileNet/conv_ds_9/depthwise_conv/biases_max]
MobileNet/conv_ds_9/depthwise_conv/BiasAdd_eightbit_requant_range (RequantizationRange): [MobileNet/conv_ds_9/depthwise_conv/BiasAdd_eightbit_quantized_bias_add, MobileNet/conv_ds_9/depthwise_conv/BiasAdd_eightbit_quantized_bias_add:1, MobileNet/conv_ds_9/depthwise_conv/BiasAdd_eightbit_quantized_bias_add:2]
MobileNet/conv_ds_9/depthwise_conv/BiasAdd_eightbit_requantize (Requantize): [MobileNet/conv_ds_9/depthwise_conv/BiasAdd_eightbit_quantized_bias_add, MobileNet/conv_ds_9/depthwise_conv/BiasAdd_eightbit_quantized_bias_add:1, MobileNet/conv_ds_9/depthwise_conv/BiasAdd_eightbit_quantized_bias_add:2, MobileNet/conv_ds_9/depthwise_conv/BiasAdd_eightbit_requant_range:0, MobileNet/conv_ds_9/depthwise_conv/BiasAdd_eightbit_requant_range:1]
MobileNet/conv_ds_9/dw_batch_norm/Relu_eightbit_quantized (QuantizedRelu): [MobileNet/conv_ds_9/depthwise_conv/BiasAdd_eightbit_requantize, MobileNet/conv_ds_9/depthwise_conv/BiasAdd_eightbit_requantize:1, MobileNet/conv_ds_9/depthwise_conv/BiasAdd_eightbit_requantize:2]
MobileNet/conv_ds_9/pointwise_conv/convolution_eightbit_quantized_conv (QuantizedConv2D): [MobileNet/conv_ds_9/dw_batch_norm/Relu_eightbit_quantized, MobileNet/conv_ds_9/pointwise_conv/weights_quint8_const, MobileNet/conv_ds_9/dw_batch_norm/Relu_eightbit_quantized:1, MobileNet/conv_ds_9/dw_batch_norm/Relu_eightbit_quantized:2, MobileNet/conv_ds_9/pointwise_conv/weights_min, MobileNet/conv_ds_9/pointwise_conv/weights_max]
MobileNet/conv_ds_9/pointwise_conv/convolution_eightbit_requant_range (RequantizationRange): [MobileNet/conv_ds_9/pointwise_conv/convolution_eightbit_quantized_conv, MobileNet/conv_ds_9/pointwise_conv/convolution_eightbit_quantized_conv:1, MobileNet/conv_ds_9/pointwise_conv/convolution_eightbit_quantized_conv:2]
MobileNet/conv_ds_9/pointwise_conv/convolution_eightbit_requantize (Requantize): [MobileNet/conv_ds_9/pointwise_conv/convolution_eightbit_quantized_conv, MobileNet/conv_ds_9/pointwise_conv/convolution_eightbit_quantized_conv:1, MobileNet/conv_ds_9/pointwise_conv/convolution_eightbit_quantized_conv:2, MobileNet/conv_ds_9/pointwise_conv/convolution_eightbit_requant_range:0, MobileNet/conv_ds_9/pointwise_conv/convolution_eightbit_requant_range:1]
MobileNet/conv_ds_9/pointwise_conv/BiasAdd_eightbit_quantized_bias_add (QuantizedBiasAdd): [MobileNet/conv_ds_9/pointwise_conv/convolution_eightbit_requantize, MobileNet/conv_ds_9/pointwise_conv/biases_quint8_const, MobileNet/conv_ds_9/pointwise_conv/convolution_eightbit_requantize:1, MobileNet/conv_ds_9/pointwise_conv/convolution_eightbit_requantize:2, MobileNet/conv_ds_9/pointwise_conv/biases_min, MobileNet/conv_ds_9/pointwise_conv/biases_max]
MobileNet/conv_ds_9/pointwise_conv/BiasAdd_eightbit_requant_range (RequantizationRange): [MobileNet/conv_ds_9/pointwise_conv/BiasAdd_eightbit_quantized_bias_add, MobileNet/conv_ds_9/pointwise_conv/BiasAdd_eightbit_quantized_bias_add:1, MobileNet/conv_ds_9/pointwise_conv/BiasAdd_eightbit_quantized_bias_add:2]
MobileNet/conv_ds_9/pointwise_conv/BiasAdd_eightbit_requantize (Requantize): [MobileNet/conv_ds_9/pointwise_conv/BiasAdd_eightbit_quantized_bias_add, MobileNet/conv_ds_9/pointwise_conv/BiasAdd_eightbit_quantized_bias_add:1, MobileNet/conv_ds_9/pointwise_conv/BiasAdd_eightbit_quantized_bias_add:2, MobileNet/conv_ds_9/pointwise_conv/BiasAdd_eightbit_requant_range:0, MobileNet/conv_ds_9/pointwise_conv/BiasAdd_eightbit_requant_range:1]
MobileNet/conv_ds_9/pw_batch_norm/Relu_eightbit_quantized (QuantizedRelu): [MobileNet/conv_ds_9/pointwise_conv/BiasAdd_eightbit_requantize, MobileNet/conv_ds_9/pointwise_conv/BiasAdd_eightbit_requantize:1, MobileNet/conv_ds_9/pointwise_conv/BiasAdd_eightbit_requantize:2]
MobileNet/conv_ds_10/depthwise_conv/depthwise_eightbit_quantized_depthwise (QuantizedDepthwiseConv): [MobileNet/conv_ds_9/pw_batch_norm/Relu_eightbit_quantized, MobileNet/conv_ds_10/depthwise_conv/depthwise_weights_quint8_const, MobileNet/conv_ds_9/pw_batch_norm/Relu_eightbit_quantized:1, MobileNet/conv_ds_9/pw_batch_norm/Relu_eightbit_quantized:2, MobileNet/conv_ds_10/depthwise_conv/depthwise_weights_min, MobileNet/conv_ds_10/depthwise_conv/depthwise_weights_max]
MobileNet/conv_ds_10/depthwise_conv/depthwise_eightbit_requant_range (RequantizationRange): [MobileNet/conv_ds_10/depthwise_conv/depthwise_eightbit_quantized_depthwise, MobileNet/conv_ds_10/depthwise_conv/depthwise_eightbit_quantized_depthwise:1, MobileNet/conv_ds_10/depthwise_conv/depthwise_eightbit_quantized_depthwise:2]
MobileNet/conv_ds_10/depthwise_conv/depthwise_eightbit_requantize (Requantize): [MobileNet/conv_ds_10/depthwise_conv/depthwise_eightbit_quantized_depthwise, MobileNet/conv_ds_10/depthwise_conv/depthwise_eightbit_quantized_depthwise:1, MobileNet/conv_ds_10/depthwise_conv/depthwise_eightbit_quantized_depthwise:2, MobileNet/conv_ds_10/depthwise_conv/depthwise_eightbit_requant_range:0, MobileNet/conv_ds_10/depthwise_conv/depthwise_eightbit_requant_range:1]
MobileNet/conv_ds_10/depthwise_conv/BiasAdd_eightbit_quantized_bias_add (QuantizedBiasAdd): [MobileNet/conv_ds_10/depthwise_conv/depthwise_eightbit_requantize, MobileNet/conv_ds_10/depthwise_conv/biases_quint8_const, MobileNet/conv_ds_10/depthwise_conv/depthwise_eightbit_requantize:1, MobileNet/conv_ds_10/depthwise_conv/depthwise_eightbit_requantize:2, MobileNet/conv_ds_10/depthwise_conv/biases_min, MobileNet/conv_ds_10/depthwise_conv/biases_max]
MobileNet/conv_ds_10/depthwise_conv/BiasAdd_eightbit_requant_range (RequantizationRange): [MobileNet/conv_ds_10/depthwise_conv/BiasAdd_eightbit_quantized_bias_add, MobileNet/conv_ds_10/depthwise_conv/BiasAdd_eightbit_quantized_bias_add:1, MobileNet/conv_ds_10/depthwise_conv/BiasAdd_eightbit_quantized_bias_add:2]
MobileNet/conv_ds_10/depthwise_conv/BiasAdd_eightbit_requantize (Requantize): [MobileNet/conv_ds_10/depthwise_conv/BiasAdd_eightbit_quantized_bias_add, MobileNet/conv_ds_10/depthwise_conv/BiasAdd_eightbit_quantized_bias_add:1, MobileNet/conv_ds_10/depthwise_conv/BiasAdd_eightbit_quantized_bias_add:2, MobileNet/conv_ds_10/depthwise_conv/BiasAdd_eightbit_requant_range:0, MobileNet/conv_ds_10/depthwise_conv/BiasAdd_eightbit_requant_range:1]
MobileNet/conv_ds_10/dw_batch_norm/Relu_eightbit_quantized (QuantizedRelu): [MobileNet/conv_ds_10/depthwise_conv/BiasAdd_eightbit_requantize, MobileNet/conv_ds_10/depthwise_conv/BiasAdd_eightbit_requantize:1, MobileNet/conv_ds_10/depthwise_conv/BiasAdd_eightbit_requantize:2]
MobileNet/conv_ds_10/pointwise_conv/convolution_eightbit_quantized_conv (QuantizedConv2D): [MobileNet/conv_ds_10/dw_batch_norm/Relu_eightbit_quantized, MobileNet/conv_ds_10/pointwise_conv/weights_quint8_const, MobileNet/conv_ds_10/dw_batch_norm/Relu_eightbit_quantized:1, MobileNet/conv_ds_10/dw_batch_norm/Relu_eightbit_quantized:2, MobileNet/conv_ds_10/pointwise_conv/weights_min, MobileNet/conv_ds_10/pointwise_conv/weights_max]
MobileNet/conv_ds_10/pointwise_conv/convolution_eightbit_requant_range (RequantizationRange): [MobileNet/conv_ds_10/pointwise_conv/convolution_eightbit_quantized_conv, MobileNet/conv_ds_10/pointwise_conv/convolution_eightbit_quantized_conv:1, MobileNet/conv_ds_10/pointwise_conv/convolution_eightbit_quantized_conv:2]
MobileNet/conv_ds_10/pointwise_conv/convolution_eightbit_requantize (Requantize): [MobileNet/conv_ds_10/pointwise_conv/convolution_eightbit_quantized_conv, MobileNet/conv_ds_10/pointwise_conv/convolution_eightbit_quantized_conv:1, MobileNet/conv_ds_10/pointwise_conv/convolution_eightbit_quantized_conv:2, MobileNet/conv_ds_10/pointwise_conv/convolution_eightbit_requant_range:0, MobileNet/conv_ds_10/pointwise_conv/convolution_eightbit_requant_range:1]
MobileNet/conv_ds_10/pointwise_conv/BiasAdd_eightbit_quantized_bias_add (QuantizedBiasAdd): [MobileNet/conv_ds_10/pointwise_conv/convolution_eightbit_requantize, MobileNet/conv_ds_10/pointwise_conv/biases_quint8_const, MobileNet/conv_ds_10/pointwise_conv/convolution_eightbit_requantize:1, MobileNet/conv_ds_10/pointwise_conv/convolution_eightbit_requantize:2, MobileNet/conv_ds_10/pointwise_conv/biases_min, MobileNet/conv_ds_10/pointwise_conv/biases_max]
MobileNet/conv_ds_10/pointwise_conv/BiasAdd_eightbit_requant_range (RequantizationRange): [MobileNet/conv_ds_10/pointwise_conv/BiasAdd_eightbit_quantized_bias_add, MobileNet/conv_ds_10/pointwise_conv/BiasAdd_eightbit_quantized_bias_add:1, MobileNet/conv_ds_10/pointwise_conv/BiasAdd_eightbit_quantized_bias_add:2]
MobileNet/conv_ds_10/pointwise_conv/BiasAdd_eightbit_requantize (Requantize): [MobileNet/conv_ds_10/pointwise_conv/BiasAdd_eightbit_quantized_bias_add, MobileNet/conv_ds_10/pointwise_conv/BiasAdd_eightbit_quantized_bias_add:1, MobileNet/conv_ds_10/pointwise_conv/BiasAdd_eightbit_quantized_bias_add:2, MobileNet/conv_ds_10/pointwise_conv/BiasAdd_eightbit_requant_range:0, MobileNet/conv_ds_10/pointwise_conv/BiasAdd_eightbit_requant_range:1]
MobileNet/conv_ds_10/pw_batch_norm/Relu_eightbit_quantized (QuantizedRelu): [MobileNet/conv_ds_10/pointwise_conv/BiasAdd_eightbit_requantize, MobileNet/conv_ds_10/pointwise_conv/BiasAdd_eightbit_requantize:1, MobileNet/conv_ds_10/pointwise_conv/BiasAdd_eightbit_requantize:2]
MobileNet/conv_ds_11/depthwise_conv/depthwise_eightbit_quantized_depthwise (QuantizedDepthwiseConv): [MobileNet/conv_ds_10/pw_batch_norm/Relu_eightbit_quantized, MobileNet/conv_ds_11/depthwise_conv/depthwise_weights_quint8_const, MobileNet/conv_ds_10/pw_batch_norm/Relu_eightbit_quantized:1, MobileNet/conv_ds_10/pw_batch_norm/Relu_eightbit_quantized:2, MobileNet/conv_ds_11/depthwise_conv/depthwise_weights_min, MobileNet/conv_ds_11/depthwise_conv/depthwise_weights_max]
MobileNet/conv_ds_11/depthwise_conv/depthwise_eightbit_requant_range (RequantizationRange): [MobileNet/conv_ds_11/depthwise_conv/depthwise_eightbit_quantized_depthwise, MobileNet/conv_ds_11/depthwise_conv/depthwise_eightbit_quantized_depthwise:1, MobileNet/conv_ds_11/depthwise_conv/depthwise_eightbit_quantized_depthwise:2]
MobileNet/conv_ds_11/depthwise_conv/depthwise_eightbit_requantize (Requantize): [MobileNet/conv_ds_11/depthwise_conv/depthwise_eightbit_quantized_depthwise, MobileNet/conv_ds_11/depthwise_conv/depthwise_eightbit_quantized_depthwise:1, MobileNet/conv_ds_11/depthwise_conv/depthwise_eightbit_quantized_depthwise:2, MobileNet/conv_ds_11/depthwise_conv/depthwise_eightbit_requant_range:0, MobileNet/conv_ds_11/depthwise_conv/depthwise_eightbit_requant_range:1]
MobileNet/conv_ds_11/depthwise_conv/BiasAdd_eightbit_quantized_bias_add (QuantizedBiasAdd): [MobileNet/conv_ds_11/depthwise_conv/depthwise_eightbit_requantize, MobileNet/conv_ds_11/depthwise_conv/biases_quint8_const, MobileNet/conv_ds_11/depthwise_conv/depthwise_eightbit_requantize:1, MobileNet/conv_ds_11/depthwise_conv/depthwise_eightbit_requantize:2, MobileNet/conv_ds_11/depthwise_conv/biases_min, MobileNet/conv_ds_11/depthwise_conv/biases_max]
MobileNet/conv_ds_11/depthwise_conv/BiasAdd_eightbit_requant_range (RequantizationRange): [MobileNet/conv_ds_11/depthwise_conv/BiasAdd_eightbit_quantized_bias_add, MobileNet/conv_ds_11/depthwise_conv/BiasAdd_eightbit_quantized_bias_add:1, MobileNet/conv_ds_11/depthwise_conv/BiasAdd_eightbit_quantized_bias_add:2]
MobileNet/conv_ds_11/depthwise_conv/BiasAdd_eightbit_requantize (Requantize): [MobileNet/conv_ds_11/depthwise_conv/BiasAdd_eightbit_quantized_bias_add, MobileNet/conv_ds_11/depthwise_conv/BiasAdd_eightbit_quantized_bias_add:1, MobileNet/conv_ds_11/depthwise_conv/BiasAdd_eightbit_quantized_bias_add:2, MobileNet/conv_ds_11/depthwise_conv/BiasAdd_eightbit_requant_range:0, MobileNet/conv_ds_11/depthwise_conv/BiasAdd_eightbit_requant_range:1]
MobileNet/conv_ds_11/dw_batch_norm/Relu_eightbit_quantized (QuantizedRelu): [MobileNet/conv_ds_11/depthwise_conv/BiasAdd_eightbit_requantize, MobileNet/conv_ds_11/depthwise_conv/BiasAdd_eightbit_requantize:1, MobileNet/conv_ds_11/depthwise_conv/BiasAdd_eightbit_requantize:2]
MobileNet/conv_ds_11/pointwise_conv/convolution_eightbit_quantized_conv (QuantizedConv2D): [MobileNet/conv_ds_11/dw_batch_norm/Relu_eightbit_quantized, MobileNet/conv_ds_11/pointwise_conv/weights_quint8_const, MobileNet/conv_ds_11/dw_batch_norm/Relu_eightbit_quantized:1, MobileNet/conv_ds_11/dw_batch_norm/Relu_eightbit_quantized:2, MobileNet/conv_ds_11/pointwise_conv/weights_min, MobileNet/conv_ds_11/pointwise_conv/weights_max]
MobileNet/conv_ds_11/pointwise_conv/convolution_eightbit_requant_range (RequantizationRange): [MobileNet/conv_ds_11/pointwise_conv/convolution_eightbit_quantized_conv, MobileNet/conv_ds_11/pointwise_conv/convolution_eightbit_quantized_conv:1, MobileNet/conv_ds_11/pointwise_conv/convolution_eightbit_quantized_conv:2]
MobileNet/conv_ds_11/pointwise_conv/convolution_eightbit_requantize (Requantize): [MobileNet/conv_ds_11/pointwise_conv/convolution_eightbit_quantized_conv, MobileNet/conv_ds_11/pointwise_conv/convolution_eightbit_quantized_conv:1, MobileNet/conv_ds_11/pointwise_conv/convolution_eightbit_quantized_conv:2, MobileNet/conv_ds_11/pointwise_conv/convolution_eightbit_requant_range:0, MobileNet/conv_ds_11/pointwise_conv/convolution_eightbit_requant_range:1]
MobileNet/conv_ds_11/pointwise_conv/BiasAdd_eightbit_quantized_bias_add (QuantizedBiasAdd): [MobileNet/conv_ds_11/pointwise_conv/convolution_eightbit_requantize, MobileNet/conv_ds_11/pointwise_conv/biases_quint8_const, MobileNet/conv_ds_11/pointwise_conv/convolution_eightbit_requantize:1, MobileNet/conv_ds_11/pointwise_conv/convolution_eightbit_requantize:2, MobileNet/conv_ds_11/pointwise_conv/biases_min, MobileNet/conv_ds_11/pointwise_conv/biases_max]
MobileNet/conv_ds_11/pointwise_conv/BiasAdd_eightbit_requant_range (RequantizationRange): [MobileNet/conv_ds_11/pointwise_conv/BiasAdd_eightbit_quantized_bias_add, MobileNet/conv_ds_11/pointwise_conv/BiasAdd_eightbit_quantized_bias_add:1, MobileNet/conv_ds_11/pointwise_conv/BiasAdd_eightbit_quantized_bias_add:2]
MobileNet/conv_ds_11/pointwise_conv/BiasAdd_eightbit_requantize (Requantize): [MobileNet/conv_ds_11/pointwise_conv/BiasAdd_eightbit_quantized_bias_add, MobileNet/conv_ds_11/pointwise_conv/BiasAdd_eightbit_quantized_bias_add:1, MobileNet/conv_ds_11/pointwise_conv/BiasAdd_eightbit_quantized_bias_add:2, MobileNet/conv_ds_11/pointwise_conv/BiasAdd_eightbit_requant_range:0, MobileNet/conv_ds_11/pointwise_conv/BiasAdd_eightbit_requant_range:1]
MobileNet/conv_ds_11/pw_batch_norm/Relu_eightbit_quantized (QuantizedRelu): [MobileNet/conv_ds_11/pointwise_conv/BiasAdd_eightbit_requantize, MobileNet/conv_ds_11/pointwise_conv/BiasAdd_eightbit_requantize:1, MobileNet/conv_ds_11/pointwise_conv/BiasAdd_eightbit_requantize:2]
MobileNet/conv_ds_12/depthwise_conv/depthwise_eightbit_quantized_depthwise (QuantizedDepthwiseConv): [MobileNet/conv_ds_11/pw_batch_norm/Relu_eightbit_quantized, MobileNet/conv_ds_12/depthwise_conv/depthwise_weights_quint8_const, MobileNet/conv_ds_11/pw_batch_norm/Relu_eightbit_quantized:1, MobileNet/conv_ds_11/pw_batch_norm/Relu_eightbit_quantized:2, MobileNet/conv_ds_12/depthwise_conv/depthwise_weights_min, MobileNet/conv_ds_12/depthwise_conv/depthwise_weights_max]
MobileNet/conv_ds_12/depthwise_conv/depthwise_eightbit_requant_range (RequantizationRange): [MobileNet/conv_ds_12/depthwise_conv/depthwise_eightbit_quantized_depthwise, MobileNet/conv_ds_12/depthwise_conv/depthwise_eightbit_quantized_depthwise:1, MobileNet/conv_ds_12/depthwise_conv/depthwise_eightbit_quantized_depthwise:2]
MobileNet/conv_ds_12/depthwise_conv/depthwise_eightbit_requantize (Requantize): [MobileNet/conv_ds_12/depthwise_conv/depthwise_eightbit_quantized_depthwise, MobileNet/conv_ds_12/depthwise_conv/depthwise_eightbit_quantized_depthwise:1, MobileNet/conv_ds_12/depthwise_conv/depthwise_eightbit_quantized_depthwise:2, MobileNet/conv_ds_12/depthwise_conv/depthwise_eightbit_requant_range:0, MobileNet/conv_ds_12/depthwise_conv/depthwise_eightbit_requant_range:1]
MobileNet/conv_ds_12/depthwise_conv/BiasAdd_eightbit_quantized_bias_add (QuantizedBiasAdd): [MobileNet/conv_ds_12/depthwise_conv/depthwise_eightbit_requantize, MobileNet/conv_ds_12/depthwise_conv/biases_quint8_const, MobileNet/conv_ds_12/depthwise_conv/depthwise_eightbit_requantize:1, MobileNet/conv_ds_12/depthwise_conv/depthwise_eightbit_requantize:2, MobileNet/conv_ds_12/depthwise_conv/biases_min, MobileNet/conv_ds_12/depthwise_conv/biases_max]
MobileNet/conv_ds_12/depthwise_conv/BiasAdd_eightbit_requant_range (RequantizationRange): [MobileNet/conv_ds_12/depthwise_conv/BiasAdd_eightbit_quantized_bias_add, MobileNet/conv_ds_12/depthwise_conv/BiasAdd_eightbit_quantized_bias_add:1, MobileNet/conv_ds_12/depthwise_conv/BiasAdd_eightbit_quantized_bias_add:2]
MobileNet/conv_ds_12/depthwise_conv/BiasAdd_eightbit_requantize (Requantize): [MobileNet/conv_ds_12/depthwise_conv/BiasAdd_eightbit_quantized_bias_add, MobileNet/conv_ds_12/depthwise_conv/BiasAdd_eightbit_quantized_bias_add:1, MobileNet/conv_ds_12/depthwise_conv/BiasAdd_eightbit_quantized_bias_add:2, MobileNet/conv_ds_12/depthwise_conv/BiasAdd_eightbit_requant_range:0, MobileNet/conv_ds_12/depthwise_conv/BiasAdd_eightbit_requant_range:1]
MobileNet/conv_ds_12/dw_batch_norm/Relu_eightbit_quantized (QuantizedRelu): [MobileNet/conv_ds_12/depthwise_conv/BiasAdd_eightbit_requantize, MobileNet/conv_ds_12/depthwise_conv/BiasAdd_eightbit_requantize:1, MobileNet/conv_ds_12/depthwise_conv/BiasAdd_eightbit_requantize:2]
MobileNet/conv_ds_12/pointwise_conv/convolution_eightbit_quantized_conv (QuantizedConv2D): [MobileNet/conv_ds_12/dw_batch_norm/Relu_eightbit_quantized, MobileNet/conv_ds_12/pointwise_conv/weights_quint8_const, MobileNet/conv_ds_12/dw_batch_norm/Relu_eightbit_quantized:1, MobileNet/conv_ds_12/dw_batch_norm/Relu_eightbit_quantized:2, MobileNet/conv_ds_12/pointwise_conv/weights_min, MobileNet/conv_ds_12/pointwise_conv/weights_max]
MobileNet/conv_ds_12/pointwise_conv/convolution_eightbit_requant_range (RequantizationRange): [MobileNet/conv_ds_12/pointwise_conv/convolution_eightbit_quantized_conv, MobileNet/conv_ds_12/pointwise_conv/convolution_eightbit_quantized_conv:1, MobileNet/conv_ds_12/pointwise_conv/convolution_eightbit_quantized_conv:2]
MobileNet/conv_ds_12/pointwise_conv/convolution_eightbit_requantize (Requantize): [MobileNet/conv_ds_12/pointwise_conv/convolution_eightbit_quantized_conv, MobileNet/conv_ds_12/pointwise_conv/convolution_eightbit_quantized_conv:1, MobileNet/conv_ds_12/pointwise_conv/convolution_eightbit_quantized_conv:2, MobileNet/conv_ds_12/pointwise_conv/convolution_eightbit_requant_range:0, MobileNet/conv_ds_12/pointwise_conv/convolution_eightbit_requant_range:1]
MobileNet/conv_ds_12/pointwise_conv/BiasAdd_eightbit_quantized_bias_add (QuantizedBiasAdd): [MobileNet/conv_ds_12/pointwise_conv/convolution_eightbit_requantize, MobileNet/conv_ds_12/pointwise_conv/biases_quint8_const, MobileNet/conv_ds_12/pointwise_conv/convolution_eightbit_requantize:1, MobileNet/conv_ds_12/pointwise_conv/convolution_eightbit_requantize:2, MobileNet/conv_ds_12/pointwise_conv/biases_min, MobileNet/conv_ds_12/pointwise_conv/biases_max]
MobileNet/conv_ds_12/pointwise_conv/BiasAdd_eightbit_requant_range (RequantizationRange): [MobileNet/conv_ds_12/pointwise_conv/BiasAdd_eightbit_quantized_bias_add, MobileNet/conv_ds_12/pointwise_conv/BiasAdd_eightbit_quantized_bias_add:1, MobileNet/conv_ds_12/pointwise_conv/BiasAdd_eightbit_quantized_bias_add:2]
MobileNet/conv_ds_12/pointwise_conv/BiasAdd_eightbit_requantize (Requantize): [MobileNet/conv_ds_12/pointwise_conv/BiasAdd_eightbit_quantized_bias_add, MobileNet/conv_ds_12/pointwise_conv/BiasAdd_eightbit_quantized_bias_add:1, MobileNet/conv_ds_12/pointwise_conv/BiasAdd_eightbit_quantized_bias_add:2, MobileNet/conv_ds_12/pointwise_conv/BiasAdd_eightbit_requant_range:0, MobileNet/conv_ds_12/pointwise_conv/BiasAdd_eightbit_requant_range:1]
MobileNet/conv_ds_12/pw_batch_norm/Relu_eightbit_quantized (QuantizedRelu): [MobileNet/conv_ds_12/pointwise_conv/BiasAdd_eightbit_requantize, MobileNet/conv_ds_12/pointwise_conv/BiasAdd_eightbit_requantize:1, MobileNet/conv_ds_12/pointwise_conv/BiasAdd_eightbit_requantize:2]
MobileNet/conv_ds_13/depthwise_conv/depthwise_eightbit_quantized_depthwise (QuantizedDepthwiseConv): [MobileNet/conv_ds_12/pw_batch_norm/Relu_eightbit_quantized, MobileNet/conv_ds_13/depthwise_conv/depthwise_weights_quint8_const, MobileNet/conv_ds_12/pw_batch_norm/Relu_eightbit_quantized:1, MobileNet/conv_ds_12/pw_batch_norm/Relu_eightbit_quantized:2, MobileNet/conv_ds_13/depthwise_conv/depthwise_weights_min, MobileNet/conv_ds_13/depthwise_conv/depthwise_weights_max]
MobileNet/conv_ds_13/depthwise_conv/depthwise_eightbit_requant_range (RequantizationRange): [MobileNet/conv_ds_13/depthwise_conv/depthwise_eightbit_quantized_depthwise, MobileNet/conv_ds_13/depthwise_conv/depthwise_eightbit_quantized_depthwise:1, MobileNet/conv_ds_13/depthwise_conv/depthwise_eightbit_quantized_depthwise:2]
MobileNet/conv_ds_13/depthwise_conv/depthwise_eightbit_requantize (Requantize): [MobileNet/conv_ds_13/depthwise_conv/depthwise_eightbit_quantized_depthwise, MobileNet/conv_ds_13/depthwise_conv/depthwise_eightbit_quantized_depthwise:1, MobileNet/conv_ds_13/depthwise_conv/depthwise_eightbit_quantized_depthwise:2, MobileNet/conv_ds_13/depthwise_conv/depthwise_eightbit_requant_range:0, MobileNet/conv_ds_13/depthwise_conv/depthwise_eightbit_requant_range:1]
MobileNet/conv_ds_13/depthwise_conv/BiasAdd_eightbit_quantized_bias_add (QuantizedBiasAdd): [MobileNet/conv_ds_13/depthwise_conv/depthwise_eightbit_requantize, MobileNet/conv_ds_13/depthwise_conv/biases_quint8_const, MobileNet/conv_ds_13/depthwise_conv/depthwise_eightbit_requantize:1, MobileNet/conv_ds_13/depthwise_conv/depthwise_eightbit_requantize:2, MobileNet/conv_ds_13/depthwise_conv/biases_min, MobileNet/conv_ds_13/depthwise_conv/biases_max]
MobileNet/conv_ds_13/depthwise_conv/BiasAdd_eightbit_requant_range (RequantizationRange): [MobileNet/conv_ds_13/depthwise_conv/BiasAdd_eightbit_quantized_bias_add, MobileNet/conv_ds_13/depthwise_conv/BiasAdd_eightbit_quantized_bias_add:1, MobileNet/conv_ds_13/depthwise_conv/BiasAdd_eightbit_quantized_bias_add:2]
MobileNet/conv_ds_13/depthwise_conv/BiasAdd_eightbit_requantize (Requantize): [MobileNet/conv_ds_13/depthwise_conv/BiasAdd_eightbit_quantized_bias_add, MobileNet/conv_ds_13/depthwise_conv/BiasAdd_eightbit_quantized_bias_add:1, MobileNet/conv_ds_13/depthwise_conv/BiasAdd_eightbit_quantized_bias_add:2, MobileNet/conv_ds_13/depthwise_conv/BiasAdd_eightbit_requant_range:0, MobileNet/conv_ds_13/depthwise_conv/BiasAdd_eightbit_requant_range:1]
MobileNet/conv_ds_13/dw_batch_norm/Relu_eightbit_quantized (QuantizedRelu): [MobileNet/conv_ds_13/depthwise_conv/BiasAdd_eightbit_requantize, MobileNet/conv_ds_13/depthwise_conv/BiasAdd_eightbit_requantize:1, MobileNet/conv_ds_13/depthwise_conv/BiasAdd_eightbit_requantize:2]
MobileNet/conv_ds_13/pointwise_conv/convolution_eightbit_quantized_conv (QuantizedConv2D): [MobileNet/conv_ds_13/dw_batch_norm/Relu_eightbit_quantized, MobileNet/conv_ds_13/pointwise_conv/weights_quint8_const, MobileNet/conv_ds_13/dw_batch_norm/Relu_eightbit_quantized:1, MobileNet/conv_ds_13/dw_batch_norm/Relu_eightbit_quantized:2, MobileNet/conv_ds_13/pointwise_conv/weights_min, MobileNet/conv_ds_13/pointwise_conv/weights_max]
MobileNet/conv_ds_13/pointwise_conv/convolution_eightbit_requant_range (RequantizationRange): [MobileNet/conv_ds_13/pointwise_conv/convolution_eightbit_quantized_conv, MobileNet/conv_ds_13/pointwise_conv/convolution_eightbit_quantized_conv:1, MobileNet/conv_ds_13/pointwise_conv/convolution_eightbit_quantized_conv:2]
MobileNet/conv_ds_13/pointwise_conv/convolution_eightbit_requantize (Requantize): [MobileNet/conv_ds_13/pointwise_conv/convolution_eightbit_quantized_conv, MobileNet/conv_ds_13/pointwise_conv/convolution_eightbit_quantized_conv:1, MobileNet/conv_ds_13/pointwise_conv/convolution_eightbit_quantized_conv:2, MobileNet/conv_ds_13/pointwise_conv/convolution_eightbit_requant_range:0, MobileNet/conv_ds_13/pointwise_conv/convolution_eightbit_requant_range:1]
MobileNet/conv_ds_13/pointwise_conv/BiasAdd_eightbit_quantized_bias_add (QuantizedBiasAdd): [MobileNet/conv_ds_13/pointwise_conv/convolution_eightbit_requantize, MobileNet/conv_ds_13/pointwise_conv/biases_quint8_const, MobileNet/conv_ds_13/pointwise_conv/convolution_eightbit_requantize:1, MobileNet/conv_ds_13/pointwise_conv/convolution_eightbit_requantize:2, MobileNet/conv_ds_13/pointwise_conv/biases_min, MobileNet/conv_ds_13/pointwise_conv/biases_max]
MobileNet/conv_ds_13/pointwise_conv/BiasAdd_eightbit_requant_range (RequantizationRange): [MobileNet/conv_ds_13/pointwise_conv/BiasAdd_eightbit_quantized_bias_add, MobileNet/conv_ds_13/pointwise_conv/BiasAdd_eightbit_quantized_bias_add:1, MobileNet/conv_ds_13/pointwise_conv/BiasAdd_eightbit_quantized_bias_add:2]
MobileNet/conv_ds_13/pointwise_conv/BiasAdd_eightbit_requantize (Requantize): [MobileNet/conv_ds_13/pointwise_conv/BiasAdd_eightbit_quantized_bias_add, MobileNet/conv_ds_13/pointwise_conv/BiasAdd_eightbit_quantized_bias_add:1, MobileNet/conv_ds_13/pointwise_conv/BiasAdd_eightbit_quantized_bias_add:2, MobileNet/conv_ds_13/pointwise_conv/BiasAdd_eightbit_requant_range:0, MobileNet/conv_ds_13/pointwise_conv/BiasAdd_eightbit_requant_range:1]
MobileNet/conv_ds_13/pw_batch_norm/Relu_eightbit_quantized (QuantizedRelu): [MobileNet/conv_ds_13/pointwise_conv/BiasAdd_eightbit_requantize, MobileNet/conv_ds_13/pointwise_conv/BiasAdd_eightbit_requantize:1, MobileNet/conv_ds_13/pointwise_conv/BiasAdd_eightbit_requantize:2]
MobileNet/conv_ds_14/depthwise_conv/depthwise_eightbit_quantized_depthwise (QuantizedDepthwiseConv): [MobileNet/conv_ds_13/pw_batch_norm/Relu_eightbit_quantized, MobileNet/conv_ds_14/depthwise_conv/depthwise_weights_quint8_const, MobileNet/conv_ds_13/pw_batch_norm/Relu_eightbit_quantized:1, MobileNet/conv_ds_13/pw_batch_norm/Relu_eightbit_quantized:2, MobileNet/conv_ds_14/depthwise_conv/depthwise_weights_min, MobileNet/conv_ds_14/depthwise_conv/depthwise_weights_max]
MobileNet/conv_ds_14/depthwise_conv/depthwise_eightbit_requant_range (RequantizationRange): [MobileNet/conv_ds_14/depthwise_conv/depthwise_eightbit_quantized_depthwise, MobileNet/conv_ds_14/depthwise_conv/depthwise_eightbit_quantized_depthwise:1, MobileNet/conv_ds_14/depthwise_conv/depthwise_eightbit_quantized_depthwise:2]
MobileNet/conv_ds_14/depthwise_conv/depthwise_eightbit_requantize (Requantize): [MobileNet/conv_ds_14/depthwise_conv/depthwise_eightbit_quantized_depthwise, MobileNet/conv_ds_14/depthwise_conv/depthwise_eightbit_quantized_depthwise:1, MobileNet/conv_ds_14/depthwise_conv/depthwise_eightbit_quantized_depthwise:2, MobileNet/conv_ds_14/depthwise_conv/depthwise_eightbit_requant_range:0, MobileNet/conv_ds_14/depthwise_conv/depthwise_eightbit_requant_range:1]
MobileNet/conv_ds_14/depthwise_conv/BiasAdd_eightbit_quantized_bias_add (QuantizedBiasAdd): [MobileNet/conv_ds_14/depthwise_conv/depthwise_eightbit_requantize, MobileNet/conv_ds_14/depthwise_conv/biases_quint8_const, MobileNet/conv_ds_14/depthwise_conv/depthwise_eightbit_requantize:1, MobileNet/conv_ds_14/depthwise_conv/depthwise_eightbit_requantize:2, MobileNet/conv_ds_14/depthwise_conv/biases_min, MobileNet/conv_ds_14/depthwise_conv/biases_max]
MobileNet/conv_ds_14/depthwise_conv/BiasAdd_eightbit_requant_range (RequantizationRange): [MobileNet/conv_ds_14/depthwise_conv/BiasAdd_eightbit_quantized_bias_add, MobileNet/conv_ds_14/depthwise_conv/BiasAdd_eightbit_quantized_bias_add:1, MobileNet/conv_ds_14/depthwise_conv/BiasAdd_eightbit_quantized_bias_add:2]
MobileNet/conv_ds_14/depthwise_conv/BiasAdd_eightbit_requantize (Requantize): [MobileNet/conv_ds_14/depthwise_conv/BiasAdd_eightbit_quantized_bias_add, MobileNet/conv_ds_14/depthwise_conv/BiasAdd_eightbit_quantized_bias_add:1, MobileNet/conv_ds_14/depthwise_conv/BiasAdd_eightbit_quantized_bias_add:2, MobileNet/conv_ds_14/depthwise_conv/BiasAdd_eightbit_requant_range:0, MobileNet/conv_ds_14/depthwise_conv/BiasAdd_eightbit_requant_range:1]
MobileNet/conv_ds_14/dw_batch_norm/Relu_eightbit_quantized (QuantizedRelu): [MobileNet/conv_ds_14/depthwise_conv/BiasAdd_eightbit_requantize, MobileNet/conv_ds_14/depthwise_conv/BiasAdd_eightbit_requantize:1, MobileNet/conv_ds_14/depthwise_conv/BiasAdd_eightbit_requantize:2]
MobileNet/conv_ds_14/pointwise_conv/convolution_eightbit_quantized_conv (QuantizedConv2D): [MobileNet/conv_ds_14/dw_batch_norm/Relu_eightbit_quantized, MobileNet/conv_ds_14/pointwise_conv/weights_quint8_const, MobileNet/conv_ds_14/dw_batch_norm/Relu_eightbit_quantized:1, MobileNet/conv_ds_14/dw_batch_norm/Relu_eightbit_quantized:2, MobileNet/conv_ds_14/pointwise_conv/weights_min, MobileNet/conv_ds_14/pointwise_conv/weights_max]
MobileNet/conv_ds_14/pointwise_conv/convolution_eightbit_requant_range (RequantizationRange): [MobileNet/conv_ds_14/pointwise_conv/convolution_eightbit_quantized_conv, MobileNet/conv_ds_14/pointwise_conv/convolution_eightbit_quantized_conv:1, MobileNet/conv_ds_14/pointwise_conv/convolution_eightbit_quantized_conv:2]
MobileNet/conv_ds_14/pointwise_conv/convolution_eightbit_requantize (Requantize): [MobileNet/conv_ds_14/pointwise_conv/convolution_eightbit_quantized_conv, MobileNet/conv_ds_14/pointwise_conv/convolution_eightbit_quantized_conv:1, MobileNet/conv_ds_14/pointwise_conv/convolution_eightbit_quantized_conv:2, MobileNet/conv_ds_14/pointwise_conv/convolution_eightbit_requant_range:0, MobileNet/conv_ds_14/pointwise_conv/convolution_eightbit_requant_range:1]
MobileNet/conv_ds_14/pointwise_conv/BiasAdd_eightbit_quantized_bias_add (QuantizedBiasAdd): [MobileNet/conv_ds_14/pointwise_conv/convolution_eightbit_requantize, MobileNet/conv_ds_14/pointwise_conv/biases_quint8_const, MobileNet/conv_ds_14/pointwise_conv/convolution_eightbit_requantize:1, MobileNet/conv_ds_14/pointwise_conv/convolution_eightbit_requantize:2, MobileNet/conv_ds_14/pointwise_conv/biases_min, MobileNet/conv_ds_14/pointwise_conv/biases_max]
MobileNet/conv_ds_14/pointwise_conv/BiasAdd_eightbit_requant_range (RequantizationRange): [MobileNet/conv_ds_14/pointwise_conv/BiasAdd_eightbit_quantized_bias_add, MobileNet/conv_ds_14/pointwise_conv/BiasAdd_eightbit_quantized_bias_add:1, MobileNet/conv_ds_14/pointwise_conv/BiasAdd_eightbit_quantized_bias_add:2]
MobileNet/conv_ds_14/pointwise_conv/BiasAdd_eightbit_requantize (Requantize): [MobileNet/conv_ds_14/pointwise_conv/BiasAdd_eightbit_quantized_bias_add, MobileNet/conv_ds_14/pointwise_conv/BiasAdd_eightbit_quantized_bias_add:1, MobileNet/conv_ds_14/pointwise_conv/BiasAdd_eightbit_quantized_bias_add:2, MobileNet/conv_ds_14/pointwise_conv/BiasAdd_eightbit_requant_range:0, MobileNet/conv_ds_14/pointwise_conv/BiasAdd_eightbit_requant_range:1]
MobileNet/conv_ds_14/pw_batch_norm/Relu_eightbit_quantized (QuantizedRelu): [MobileNet/conv_ds_14/pointwise_conv/BiasAdd_eightbit_requantize, MobileNet/conv_ds_14/pointwise_conv/BiasAdd_eightbit_requantize:1, MobileNet/conv_ds_14/pointwise_conv/BiasAdd_eightbit_requantize:2]
MobileNet/avg_pool_15/AvgPool_eightbit_quantized (QuantizedAvgPool): [MobileNet/conv_ds_14/pw_batch_norm/Relu_eightbit_quantized, MobileNet/conv_ds_14/pw_batch_norm/Relu_eightbit_quantized:1, MobileNet/conv_ds_14/pw_batch_norm/Relu_eightbit_quantized:2]
MobileNet/ReshapeModel_eightbit_quantized_reshape (QuantizedReshape): [MobileNet/avg_pool_15/AvgPool_eightbit_quantized, MobileNet/ReshapeModel/shape, MobileNet/avg_pool_15/AvgPool_eightbit_quantized:1, MobileNet/avg_pool_15/AvgPool_eightbit_quantized:2]
MobileNet/fc_16/MatMul_eightbit_quantized_mat_mul (QuantizedMatMul): [MobileNet/ReshapeModel_eightbit_quantized_reshape, MobileNet/fc_16/weights_quint8_const, MobileNet/ReshapeModel_eightbit_quantized_reshape:1, MobileNet/ReshapeModel_eightbit_quantized_reshape:2, MobileNet/fc_16/weights_min, MobileNet/fc_16/weights_max]
MobileNet/fc_16/MatMul_eightbit_requant_range (RequantizationRange): [MobileNet/fc_16/MatMul_eightbit_quantized_mat_mul, MobileNet/fc_16/MatMul_eightbit_quantized_mat_mul:1, MobileNet/fc_16/MatMul_eightbit_quantized_mat_mul:2]
MobileNet/fc_16/MatMul_eightbit_requantize (Requantize): [MobileNet/fc_16/MatMul_eightbit_quantized_mat_mul, MobileNet/fc_16/MatMul_eightbit_quantized_mat_mul:1, MobileNet/fc_16/MatMul_eightbit_quantized_mat_mul:2, MobileNet/fc_16/MatMul_eightbit_requant_range:0, MobileNet/fc_16/MatMul_eightbit_requant_range:1]
MobileNet/fc_16/BiasAdd_eightbit_quantized_bias_add (QuantizedBiasAdd): [MobileNet/fc_16/MatMul_eightbit_requantize, MobileNet/fc_16/biases_quint8_const, MobileNet/fc_16/MatMul_eightbit_requantize:1, MobileNet/fc_16/MatMul_eightbit_requantize:2, MobileNet/fc_16/biases_min, MobileNet/fc_16/biases_max]
MobileNet/fc_16/BiasAdd_eightbit_requant_range (RequantizationRange): [MobileNet/fc_16/BiasAdd_eightbit_quantized_bias_add, MobileNet/fc_16/BiasAdd_eightbit_quantized_bias_add:1, MobileNet/fc_16/BiasAdd_eightbit_quantized_bias_add:2]
MobileNet/fc_16/BiasAdd_eightbit_requantize (Requantize): [MobileNet/fc_16/BiasAdd_eightbit_quantized_bias_add, MobileNet/fc_16/BiasAdd_eightbit_quantized_bias_add:1, MobileNet/fc_16/BiasAdd_eightbit_quantized_bias_add:2, MobileNet/fc_16/BiasAdd_eightbit_requant_range:0, MobileNet/fc_16/BiasAdd_eightbit_requant_range:1]
Reshape_eightbit_quantized_reshape (QuantizedReshape): [MobileNet/fc_16/BiasAdd_eightbit_requantize, Reshape/shape, MobileNet/fc_16/BiasAdd_eightbit_requantize:1, MobileNet/fc_16/BiasAdd_eightbit_requantize:2]
Reshape (Dequantize): [Reshape_eightbit_quantized_reshape, Reshape_eightbit_quantized_reshape:1, Reshape_eightbit_quantized_reshape:2]
ArgMax (ArgMax): [Reshape, ArgMax/dimension]